2022-02-24 13:34:54,466 INFO [default] @@@ CMSIT Middleware System Test Application @@@

Available options
-----------------
-h, --help
    Print this help page

-f <value>, --file <value>
    Hardware description file

-c <value>, --calib <value>
    Which calibration to run [latency pixelalive noise scurve gain threqu
    threqusc gainopt thrmin thradj injdelay clkdelay datarbopt datatrtest
    physics eudaq bertest voltagetuning gendacdac]

-b <value>, --binary <value>
    Binary file to decode

-p, --prog
    Just program the system components

-s, --sup
    Run in producer(Middleware) - consumer(DQM) mode

--eudaqRunCtr <value>
    EUDAQ-IT run control address (e.g. tcp://localhost:44000)

-r, --reset
    Reset the backend board

--capture <value>
    Capture communication with board (extension .bin)

--replay <value>
    Replay previously captured communication (extension .bin)

--runtime <value>, -t <value>
    Set running time for physics mode (in seconds)


2022-02-24 13:35:29,724 INFO [default] @@@ CMSIT Middleware System Test Application @@@

Available options
-----------------
-h, --help
    Print this help page

-f <value>, --file <value>
    Hardware description file

-c <value>, --calib <value>
    Which calibration to run [latency pixelalive noise scurve gain threqu
    threqusc gainopt thrmin thradj injdelay clkdelay datarbopt datatrtest
    physics eudaq bertest voltagetuning gendacdac]

-b <value>, --binary <value>
    Binary file to decode

-p, --prog
    Just program the system components

-s, --sup
    Run in producer(Middleware) - consumer(DQM) mode

--eudaqRunCtr <value>
    EUDAQ-IT run control address (e.g. tcp://localhost:44000)

-r, --reset
    Reset the backend board

--capture <value>
    Capture communication with board (extension .bin)

--replay <value>
    Replay previously captured communication (extension .bin)

--runtime <value>, -t <value>
    Set running time for physics mode (in seconds)


2022-02-28 15:16:37,478 INFO [default] @@@ CMSIT Middleware System Test Application @@@

Available options
-----------------
-h, --help
    Print this help page

-f <value>, --file <value>
    Hardware description file

-c <value>, --calib <value>
    Which calibration to run [latency pixelalive noise scurve gain threqu
    threqusc gainopt thrmin thradj injdelay clkdelay datarbopt datatrtest
    physics eudaq bertest voltagetuning gendacdac]

-b <value>, --binary <value>
    Binary file to decode

-p, --prog
    Just program the system components

-s, --sup
    Run in producer(Middleware) - consumer(DQM) mode

--eudaqRunCtr <value>
    EUDAQ-IT run control address (e.g. tcp://localhost:44000)

-r, --reset
    Reset the backend board

--capture <value>
    Capture communication with board (extension .bin)

--replay <value>
    Replay previously captured communication (extension .bin)

--runtime <value>, -t <value>
    Set running time for physics mode (in seconds)


2022-02-28 16:09:14,237 INFO [default] @@@ CMSIT Middleware System Test Application @@@

Available options
-----------------
-h, --help
    Print this help page

-f <value>, --file <value>
    Hardware description file

-c <value>, --calib <value>
    Which calibration to run [latency pixelalive noise scurve gain threqu
    threqusc gainopt thrmin thradj injdelay clkdelay datarbopt datatrtest
    physics eudaq bertest voltagetuning gendacdac]

-b <value>, --binary <value>
    Binary file to decode

-p, --prog
    Just program the system components

-s, --sup
    Run in producer(Middleware) - consumer(DQM) mode

--eudaqRunCtr <value>
    EUDAQ-IT run control address (e.g. tcp://localhost:44000)

-r, --reset
    Reset the backend board

--capture <value>
    Capture communication with board (extension .bin)

--replay <value>
    Replay previously captured communication (extension .bin)

--runtime <value>, -t <value>
    Set running time for physics mode (in seconds)


2022-03-01 14:09:28,724 INFO [default] @@@ CMSIT Middleware System Test Application @@@

Available options
-----------------
-h, --help
    Print this help page

-f <value>, --file <value>
    Hardware description file

-c <value>, --calib <value>
    Which calibration to run [latency pixelalive noise scurve gain threqu
    threqusc gainopt thrmin thradj injdelay clkdelay datarbopt datatrtest
    physics eudaq bertest voltagetuning gendacdac]

-b <value>, --binary <value>
    Binary file to decode

-p, --prog
    Just program the system components

-s, --sup
    Run in producer(Middleware) - consumer(DQM) mode

--eudaqRunCtr <value>
    EUDAQ-IT run control address (e.g. tcp://localhost:44000)

-r, --reset
    Reset the backend board

--capture <value>
    Capture communication with board (extension .bin)

--replay <value>
    Replay previously captured communication (extension .bin)

--runtime <value>, -t <value>
    Set running time for physics mode (in seconds)


2022-03-01 15:00:25,570 INFO [default] Unknown option: '?'
2022-03-01 15:00:29,855 INFO [default] @@@ CMSIT Middleware System Test Application @@@

Available options
-----------------
-h, --help
    Print this help page

-f <value>, --file <value>
    Hardware description file

-c <value>, --calib <value>
    Which calibration to run [latency pixelalive noise scurve gain threqu
    threqusc gainopt thrmin thradj injdelay clkdelay datarbopt datatrtest
    physics eudaq bertest voltagetuning gendacdac]

-b <value>, --binary <value>
    Binary file to decode

-p, --prog
    Just program the system components

-s, --sup
    Run in producer(Middleware) - consumer(DQM) mode

--eudaqRunCtr <value>
    EUDAQ-IT run control address (e.g. tcp://localhost:44000)

-r, --reset
    Reset the backend board

--capture <value>
    Capture communication with board (extension .bin)

--replay <value>
    Replay previously captured communication (extension .bin)

--runtime <value>, -t <value>
    Set running time for physics mode (in seconds)


2022-03-02 08:47:44,322 INFO [default] Missing required value for option: 'c'
2022-03-02 08:47:52,624 INFO [default] @@@ CMSIT Middleware System Test Application @@@

Available options
-----------------
-h, --help
    Print this help page

-f <value>, --file <value>
    Hardware description file

-c <value>, --calib <value>
    Which calibration to run [latency pixelalive noise scurve gain threqu
    threqusc gainopt thrmin thradj injdelay clkdelay datarbopt datatrtest
    physics eudaq bertest voltagetuning gendacdac]

-b <value>, --binary <value>
    Binary file to decode

-p, --prog
    Just program the system components

-s, --sup
    Run in producer(Middleware) - consumer(DQM) mode

--eudaqRunCtr <value>
    EUDAQ-IT run control address (e.g. tcp://localhost:44000)

-r, --reset
    Reset the backend board

--capture <value>
    Capture communication with board (extension .bin)

--replay <value>
    Replay previously captured communication (extension .bin)

--runtime <value>, -t <value>
    Set running time for physics mode (in seconds)


