|03:28:34|I|[1m[33mParseHW [FileParser] 0x1a58100	cmsinnertracker.crate0.slot0[0m
|03:28:34|I|[1m[33mTrying to connect to the Power Supply Server...[0m
|03:28:34|I|[1m[33mCannot connect to the Power Supply Server, power supplies will need to be controlled manually[0m
|03:28:34|I|[1m[35mResetting the backend board... it may take a while[0m
|03:28:34|I|[33mWaiting for DDR3 calibration...[0m
|03:28:35|I|[1m[34m	--> DDR3 calibration done[0m
|03:28:35|I|[1m[35mNow you can start using the DAQ ... enjoy![0m
|03:28:45|I|[1m[33mParseHW [FileParser] 0x1b92100	cmsinnertracker.crate0.slot0[0m
|03:28:45|I|[1m[33mTrying to connect to the Power Supply Server...[0m
|03:28:45|I|[1m[33mCannot connect to the Power Supply Server, power supplies will need to be controlled manually[0m
|03:28:45|I|[1m[35mResetting the backend board... it may take a while[0m
|03:28:45|I|[33mWaiting for DDR3 calibration...[0m
|03:28:46|I|[1m[34m	--> DDR3 calibration done[0m
|03:28:46|I|[1m[35mNow you can start using the DAQ ... enjoy![0m
|03:28:57|I|[1m[33mParseHW [FileParser] 0x24bf100	cmsinnertracker.crate0.slot0[0m
|03:28:57|I|[1m[33mTrying to connect to the Power Supply Server...[0m
|03:28:57|I|[1m[33mCannot connect to the Power Supply Server, power supplies will need to be controlled manually[0m
|03:28:58|I|[1m[35mResetting the backend board... it may take a while[0m
|03:28:58|I|[33mWaiting for DDR3 calibration...[0m
|03:28:58|I|[1m[34m	--> DDR3 calibration done[0m
|03:28:59|I|[1m[35mNow you can start using the DAQ ... enjoy![0m
|03:29:15|I|[1m[33mParseHW [FileParser] 0x1ab8100	cmsinnertracker.crate0.slot0[0m
|03:29:15|I|[1m[33mTrying to connect to the Power Supply Server...[0m
|03:29:15|I|[1m[33mCannot connect to the Power Supply Server, power supplies will need to be controlled manually[0m
|03:29:16|I|[1m[35mResetting the backend board... it may take a while[0m
|03:29:16|I|[33mWaiting for DDR3 calibration...[0m
|03:29:16|I|[1m[34m	--> DDR3 calibration done[0m
|03:29:17|I|[1m[35mNow you can start using the DAQ ... enjoy![0m
