|04:01:36|I|[1m[33mParseHW [FileParser] 0xd9d100	cmsinnertracker.crate0.slot0[0m
|04:01:36|I|[1m[33mTrying to connect to the Power Supply Server...[0m
|04:01:36|I|[1m[33mCannot connect to the Power Supply Server, power supplies will need to be controlled manually[0m
|04:01:37|I|[1m[35mResetting the backend board... it may take a while[0m
|04:01:37|I|[33mWaiting for DDR3 calibration...[0m
|04:01:38|I|[1m[34m	--> DDR3 calibration done[0m
|04:01:38|I|[1m[35mNow you can start using the DAQ ... enjoy![0m
|04:01:56|I|[1m[33mParseHW [FileParser] 0x10da100	cmsinnertracker.crate0.slot0[0m
|04:01:56|I|[1m[33mTrying to connect to the Power Supply Server...[0m
|04:01:56|I|[1m[33mCannot connect to the Power Supply Server, power supplies will need to be controlled manually[0m
|04:01:56|I|[1m[35mResetting the backend board... it may take a while[0m
|04:01:57|I|[33mWaiting for DDR3 calibration...[0m
|04:01:57|I|[1m[34m	--> DDR3 calibration done[0m
|04:01:57|I|[1m[35mNow you can start using the DAQ ... enjoy![0m
|04:02:34|I|[1m[33mParseHW [FileParser] 0x1c07100	cmsinnertracker.crate0.slot0[0m
|04:02:34|I|[1m[33mTrying to connect to the Power Supply Server...[0m
|04:02:34|I|[1m[33mCannot connect to the Power Supply Server, power supplies will need to be controlled manually[0m
|04:02:34|I|[1m[35mResetting the backend board... it may take a while[0m
|04:02:34|I|[33mWaiting for DDR3 calibration...[0m
|04:02:35|I|[1m[34m	--> DDR3 calibration done[0m
|04:02:35|I|[1m[35mNow you can start using the DAQ ... enjoy![0m
|04:03:38|I|[1m[33mParseHW [FileParser] 0x193a100	cmsinnertracker.crate0.slot0[0m
|04:03:38|I|[1m[33mTrying to connect to the Power Supply Server...[0m
|04:03:38|I|[1m[33mCannot connect to the Power Supply Server, power supplies will need to be controlled manually[0m
|04:03:38|I|[1m[35mResetting the backend board... it may take a while[0m
|04:03:38|I|[33mWaiting for DDR3 calibration...[0m
|04:03:39|I|[1m[34m	--> DDR3 calibration done[0m
|04:03:39|I|[1m[35mNow you can start using the DAQ ... enjoy![0m
|04:03:53|I|[1m[33mParseHW [FileParser] 0x25e8100	cmsinnertracker.crate0.slot0[0m
|04:03:53|I|[1m[33mTrying to connect to the Power Supply Server...[0m
|04:03:53|I|[1m[33mCannot connect to the Power Supply Server, power supplies will need to be controlled manually[0m
|04:03:53|I|[1m[35mResetting the backend board... it may take a while[0m
|04:03:53|I|[33mWaiting for DDR3 calibration...[0m
|04:03:54|I|[1m[34m	--> DDR3 calibration done[0m
|04:03:54|I|[1m[35mNow you can start using the DAQ ... enjoy![0m
