|08:44:20|I|[1m[33mParseHW [FileParser] 0x2924100	cmsinnertracker.crate0.slot0[0m
|08:44:21|I|[1m[33mTrying to connect to the Power Supply Server...[0m
|08:44:21|I|[1m[33mCannot connect to the Power Supply Server, power supplies will need to be controlled manually[0m
|08:44:21|I|[1m[35mResetting the backend board... it may take a while[0m
|08:44:21|I|[33mWaiting for DDR3 calibration...[0m
|08:44:21|I|[1m[34m	--> DDR3 calibration done[0m
|08:44:22|I|[1m[35mNow you can start using the DAQ ... enjoy![0m
|08:46:08|I|[1m[33mParseHW [FileParser] 0x209f100	cmsinnertracker.crate0.slot0[0m
|08:46:08|I|[1m[33mTrying to connect to the Power Supply Server...[0m
|08:46:08|I|[1m[33mCannot connect to the Power Supply Server, power supplies will need to be controlled manually[0m
|08:46:08|I|[1m[35mResetting the backend board... it may take a while[0m
|08:46:08|I|[33mWaiting for DDR3 calibration...[0m
|08:46:09|I|[1m[34m	--> DDR3 calibration done[0m
|08:46:09|I|[1m[35mNow you can start using the DAQ ... enjoy![0m
|08:46:27|I|[1m[33mParseHW [FileParser] 0x2858100	cmsinnertracker.crate0.slot0[0m
|08:46:27|I|[1m[33mTrying to connect to the Power Supply Server...[0m
|08:46:27|I|[1m[33mCannot connect to the Power Supply Server, power supplies will need to be controlled manually[0m
|08:46:27|I|[1m[35mResetting the backend board... it may take a while[0m
|08:46:27|I|[33mWaiting for DDR3 calibration...[0m
|08:46:28|I|[1m[34m	--> DDR3 calibration done[0m
|08:46:28|I|[1m[35mNow you can start using the DAQ ... enjoy![0m
|08:46:37|I|[1m[33mParseHW [FileParser] 0x2007100	cmsinnertracker.crate0.slot0[0m
|08:46:37|I|[1m[33mTrying to connect to the Power Supply Server...[0m
|08:46:37|I|[1m[33mCannot connect to the Power Supply Server, power supplies will need to be controlled manually[0m
|08:46:38|I|[1m[35mResetting the backend board... it may take a while[0m
|08:46:38|I|[33mWaiting for DDR3 calibration...[0m
|08:46:38|I|[1m[34m	--> DDR3 calibration done[0m
|08:46:39|I|[1m[35mNow you can start using the DAQ ... enjoy![0m
|08:47:20|I|[1m[33mParseHW [FileParser] 0x2495100	cmsinnertracker.crate0.slot0[0m
|08:47:20|I|[1m[33mTrying to connect to the Power Supply Server...[0m
|08:47:20|I|[1m[33mCannot connect to the Power Supply Server, power supplies will need to be controlled manually[0m
|08:47:21|I|[1m[35mResetting the backend board... it may take a while[0m
|08:47:21|I|[33mWaiting for DDR3 calibration...[0m
|08:47:21|I|[1m[34m	--> DDR3 calibration done[0m
|08:47:22|I|[1m[35mNow you can start using the DAQ ... enjoy![0m
|08:47:31|I|[1m[33mParseHW [FileParser] 0x126f100	cmsinnertracker.crate0.slot0[0m
|08:47:31|I|[1m[33mTrying to connect to the Power Supply Server...[0m
|08:47:31|I|[1m[33mCannot connect to the Power Supply Server, power supplies will need to be controlled manually[0m
|08:47:31|I|[1m[35mResetting the backend board... it may take a while[0m
|08:47:31|I|[33mWaiting for DDR3 calibration...[0m
|08:47:32|I|[1m[34m	--> DDR3 calibration done[0m
|08:47:32|I|[1m[35mNow you can start using the DAQ ... enjoy![0m
