|02:50:16|I|[1m[35m@@@ Initializing the Hardware @@@[0m
|02:50:16|I|[1m[33mParseHW [FileParser] 0x132a100	cmsinnertracker.crate0.slot0[0m
|02:50:16|I|[1m[33mTrying to connect to the Power Supply Server...[0m
|02:50:16|I|[1m[33mCannot connect to the Power Supply Server, power supplies will need to be controlled manually[0m
|02:50:16|I|[1m[35m@@@ Configuring HW parsed from xml file @@@[0m
|02:50:16|I|[1m[34m	--> Found an Inner Tracker Readout-board[0m
|02:50:16|I|[32mConfiguring Board: [1m[33m0[0m
|02:50:16|I|[1m[34m	--> FW version : [1m[33m4.2[1m[34m -- Date (yy/mm/dd) : [1m[33m21/8/28[1m[34m -- Time (hour:minute:sec) : [1m[33m2:35:40[0m
|02:50:16|I|[1m[34m	--> Link type : [1m[33melectrical[1m[34m -- Optical speed : [1m[33m10 Gbit/s[1m[34m -- Frontend type : [1m[33mRD53A[0m
|02:50:16|I|[1m[34m	--> L12 FMC type : [1m[33m1[1m[34m -- L08 FMC type : [1m[33m1[1m[34m (1=KSU, 2=CERN, 3=DIO5, 4=OPTO, 5=FERMI, 7=NONE, 0=Unspecified)[0m
|02:50:16|I|[32mInitializing DIO5:[0m
|02:50:16|I|[1m[34m	--> user.ctrl_regs.fast_cmd_reg_2.HitOr_enable_l12: 0x[1m[33m0 (0)[0m
|02:50:16|I|[1m[34m	--> user.ctrl_regs.fast_cmd_reg_2.trigger_source: 0x[1m[33m2 (2)[0m
|02:50:16|I|[1m[34m	--> user.ctrl_regs.reset_reg.ext_clk_en: 0x[1m[33m0 (0)[0m
|02:50:16|I|[1m[34m	--> Done[0m
|02:50:16|I|[32mReading clock generator (CDCE62005) configuration[0m
|02:50:16|I|[1m[34m	--> SPI register content: 0x[1m[33mEB020320[0m
|02:50:16|I|[1m[34m	--> SPI register content: 0x[1m[33mEB020321[0m
|02:50:16|I|[1m[34m	--> SPI register content: 0x[1m[33mEB840302[0m
|02:50:16|I|[1m[34m	--> SPI register content: 0x[1m[33mEB840303[0m
|02:50:16|I|[1m[34m	--> SPI register content: 0x[1m[33mEB140334[0m
|02:50:16|I|[1m[34m	--> SPI register content: 0x[1m[33m10000E75[0m
|02:50:16|I|[1m[34m	--> SPI register content: 0x[1m[33m030E02E6[0m
|02:50:16|I|[1m[34m	--> SPI register content: 0x[1m[33mBD800DF7[0m
|02:50:16|I|[1m[34m	--> SPI register content: 0x[1m[33m20009D58[0m
|02:50:16|W|[32mOptical link tx slow control status: [1m[31mnot ready[0m
|02:50:16|W|[32mOptical link rx slow control status: [1m[31mnot ready[0m
|02:50:16|I|[32mInput clock frequency (could be either internal or external, should be ~40 MHz): [1m[33m40.078 MHz[0m
|02:50:16|I|[32mGTX receiver clock frequency (~160 MHz (~320 MHz) for electrical (optical) readout): [1m[33m160.315 MHz[0m
|02:50:16|I|[32mExternal CMD clock frequency: [1m[33m0.000 MHz[0m
|02:50:16|I|[32mExternal Serializer clock frequency: [1m[33m0.000 MHz[0m
|02:50:16|I|[36m=== Configuring FSM fast command block ===[0m
|02:50:16|I|[32mInternal trigger frequency (if enabled): [1m[33m30372 Hz[0m
|02:50:16|I|[32mChecking firmware status:[0m
|02:50:16|I|[1m[34m	--> Clock generator is [1m[33mlocked[0m
|02:50:16|I|[1m[34m	--> I2C [1m[33minitialized[0m
|02:50:16|I|[32mFast command block trigger source: [1m[33m2[0m[32m (1=IPBus, 2=Test-FSM, 3=TTC, 4=TLU, 5=External, 6=Hit-Or, 7=User-defined frequency)[0m
|02:50:16|I|[32mFast command block trigger state: [1m[33m0[0m[32m (0=Idle, 2=Running)[0m
|02:50:16|I|[32mFast command block check if configuraiton registers have been set: [1m[33mconfigured[0m
|02:50:16|I|[32mFast command block error code (0=No error): [1m[33m0[0m
|02:50:16|I|[32mTrigger counter: [1m[33m0[0m
|02:50:16|I|[32mHybrid type: [1m[33m1[0m[32m (1=Single chip, 2=Double chip, 4=Quad chip)[0m
|02:50:16|I|[32mNumber of hybrids which can be potentially readout: [1m[33m8[0m
|02:50:16|I|[36m================== Done ==================[0m
|02:50:16|I|[32mInitializing board's registers:[0m
|02:50:16|I|[1m[34m	--> user.ctrl_regs.ext_tlu_reg1.dio5_ch1_thr: 0x[1m[33m80 (128)[0m
|02:50:16|I|[1m[34m	--> user.ctrl_regs.ext_tlu_reg1.dio5_ch2_thr: 0x[1m[33m28 (40)[0m
|02:50:16|I|[1m[34m	--> user.ctrl_regs.ext_tlu_reg2.dio5_ch3_thr: 0x[1m[33m80 (128)[0m
|02:50:16|I|[1m[34m	--> user.ctrl_regs.ext_tlu_reg2.dio5_ch4_thr: 0x[1m[33m80 (128)[0m
|02:50:16|I|[1m[34m	--> user.ctrl_regs.ext_tlu_reg2.dio5_ch5_thr: 0x[1m[33m80 (128)[0m
|02:50:16|I|[1m[34m	--> user.ctrl_regs.ext_tlu_reg2.tlu_delay: 0x[1m[33m0 (0)[0m
|02:50:16|I|[1m[34m	--> user.ctrl_regs.fast_cmd_reg_2.HitOr_enable_l12: 0x[1m[33m0 (0)[0m
|02:50:16|I|[1m[34m	--> user.ctrl_regs.fast_cmd_reg_3.triggers_to_accept: 0x[1m[33mA (10)[0m
|02:50:16|I|[1m[34m	--> user.ctrl_regs.fast_cmd_reg_7.autozero_freq: 0x[1m[33m3E8 (1000)[0m
|02:50:16|I|[1m[34m	--> Done[0m
|02:50:16|I|[32mChecking status of the optical links:[0m
|02:50:16|I|[1m[34m	--> Optical link n. active LpGBT chip tx:  [1m[33m0[1m[34m i.e.: [1m[33m00000000000000000000[0m
|02:50:16|I|[1m[34m	--> Optical link n. active LpGBT chip rx:  [1m[33m0[1m[34m i.e.: [1m[33m00000000000000000000[0m
|02:50:16|I|[1m[34m	--> Optical link n. active LpGBT chip mgt: [1m[33m0[1m[34m i.e.: [1m[33m00000000000000000000[0m
|02:50:16|I|[36m=== Configuring frontend chip communication ===[0m
|02:50:16|I|[32mDown-link phase initialization...[0m
|02:50:16|I|[1m[34m	--> Done[0m
|02:50:16|I|[32mInitializing chip communication of hybrid: [0m[1m[33m0[0m
|02:50:16|I|[32mInitializing communicationng to/from RD53: [0m[1m[33m0[0m
|02:50:16|I|[32mConfiguring up-link lanes and monitoring...[0m
|02:50:16|I|[1m[34m	--> Done[0m
|02:50:16|I|[32mUp-link speed: [1m[33m1.28 Gbit/s[0m
|02:50:17|I|[36m==================== Done =====================[0m
|02:50:17|I|[32mChecking status communication RD53 --> FW[0m
|02:50:17|I|[1m[34m	--> Aurora speed: [1m[33m1.28 Gbit/s[0m
|02:50:17|I|[1m[34m	--> Total number of required data lanes: [1m[33m1[1m[34m i.e. [1m[33m00000000000000000001[0m
|02:50:17|I|[1m[34m	--> Total number of active data lanes:   [1m[33m1[1m[34m i.e. [1m[33m00000000000000000001[0m
|02:50:17|I|[1m[34m	--> All enabled data lanes are active[0m
|02:50:17|I|[36m===== Configuring frontend chip registers =====[0m
|02:50:17|I|[32mConfiguring chip of hybrid: [0m[1m[33m0[0m
|02:50:17|I|[32mConfiguring RD53: [0m[1m[33m0[0m
|02:50:17|E|[1m[31mError when reading back what was written into RD53 reg. [1m[33mCMDERR_CNT[0m
|02:50:17|E|[1m[31mError when reading back what was written into RD53 reg. [1m[33mHITOR_0_CNT[0m
|02:50:17|I|[32mNumber of masked pixels: [0m[1m[33m1041[0m
|02:50:17|I|[36m==================== Done =====================[0m
|02:50:17|I|[32mLVDS frequency: [1m[33m9.520 MHz[0m
|02:50:17|I|[32mUsing [1m[33m2[0m[32m threads for data decoding during running time[0m
|02:50:17|I|[1m[35m@@@ Hardware initialization done @@@[0m
|02:50:17|I|[1m[35m@@@ Performing PixelAlive scan @@@[0m
|02:50:17|I|[32m[PixelAlive::localConfigure] Starting run: [1m[33m4[0m
|02:50:17|I|[1m[33mSystemController::setChannelGroupHandler for a queryFunction1 ROCs.[0m
|02:50:17|I|[1m[33mCreating channel group handler for Chip#0[0m
|02:50:17|I|[32mPixelAlive attempting to create directory: [1m[33mResults[0m
|02:50:17|I|[36m---------------------------[0m
|02:50:17|I|[32m****** Reading  data ******[0m
|02:50:17|I|[32mn. 32 bit words :     21424[0m
|02:50:17|I|[1m[35m>>>> Progress :   0.5% <<<<[0m
|02:50:17|I|[36m---------------------------[0m
|02:50:17|I|[36m---------------------------[0m
|02:50:17|I|[32m****** Reading  data ******[0m
|02:50:17|I|[32mn. 32 bit words :     20800[0m
|02:50:17|I|[1m[35m>>>> Progress :   1.0% <<<<[0m
|02:50:17|I|[36m---------------------------[0m
|02:50:17|I|[36m---------------------------[0m
|02:50:17|I|[32m****** Reading  data ******[0m
|02:50:17|I|[32mn. 32 bit words :     21600[0m
|02:50:17|I|[1m[35m>>>> Progress :   1.6% <<<<[0m
|02:50:17|I|[36m---------------------------[0m
|02:50:17|I|[36m---------------------------[0m
|02:50:17|I|[32m****** Reading  data ******[0m
|02:50:17|I|[32mn. 32 bit words :     21584[0m
|02:50:17|I|[1m[35m>>>> Progress :   2.1% <<<<[0m
|02:50:17|I|[36m---------------------------[0m
|02:50:17|I|[36m---------------------------[0m
|02:50:17|I|[32m****** Reading  data ******[0m
|02:50:17|I|[32mn. 32 bit words :     21600[0m
|02:50:17|I|[1m[35m>>>> Progress :   2.6% <<<<[0m
|02:50:17|I|[36m---------------------------[0m
|02:50:17|I|[36m---------------------------[0m
|02:50:17|I|[32m****** Reading  data ******[0m
|02:50:17|I|[32mn. 32 bit words :     20800[0m
|02:50:17|I|[1m[35m>>>> Progress :   3.1% <<<<[0m
|02:50:17|I|[36m---------------------------[0m
|02:50:17|I|[36m---------------------------[0m
|02:50:17|I|[32m****** Reading  data ******[0m
|02:50:17|I|[32mn. 32 bit words :     21592[0m
|02:50:17|I|[1m[35m>>>> Progress :   3.6% <<<<[0m
|02:50:17|I|[36m---------------------------[0m
|02:50:17|I|[36m---------------------------[0m
|02:50:17|I|[32m****** Reading  data ******[0m
|02:50:17|I|[32mn. 32 bit words :     21600[0m
|02:50:17|I|[1m[35m>>>> Progress :   4.2% <<<<[0m
|02:50:17|I|[36m---------------------------[0m
|02:50:17|I|[36m---------------------------[0m
|02:50:17|I|[32m****** Reading  data ******[0m
|02:50:17|I|[32mn. 32 bit words :     21216[0m
|02:50:17|I|[1m[35m>>>> Progress :   4.7% <<<<[0m
|02:50:17|I|[36m---------------------------[0m
|02:50:17|I|[36m---------------------------[0m
|02:50:17|I|[32m****** Reading  data ******[0m
|02:50:17|I|[32mn. 32 bit words :     21600[0m
|02:50:17|I|[1m[35m>>>> Progress :   5.2% <<<<[0m
|02:50:17|I|[36m---------------------------[0m
|02:50:17|I|[36m---------------------------[0m
|02:50:17|I|[32m****** Reading  data ******[0m
|02:50:17|I|[32mn. 32 bit words :     21600[0m
|02:50:17|I|[1m[35m>>>> Progress :   5.7% <<<<[0m
|02:50:17|I|[36m---------------------------[0m
|02:50:17|I|[36m---------------------------[0m
|02:50:17|I|[32m****** Reading  data ******[0m
|02:50:17|I|[32mn. 32 bit words :     21368[0m
|02:50:17|I|[1m[35m>>>> Progress :   6.2% <<<<[0m
|02:50:17|I|[36m---------------------------[0m
|02:50:17|I|[36m---------------------------[0m
|02:50:17|I|[32m****** Reading  data ******[0m
|02:50:17|I|[32mn. 32 bit words :     21600[0m
|02:50:17|I|[1m[35m>>>> Progress :   6.8% <<<<[0m
|02:50:17|I|[36m---------------------------[0m
|02:50:17|I|[36m---------------------------[0m
|02:50:17|I|[32m****** Reading  data ******[0m
|02:50:17|I|[32mn. 32 bit words :     21600[0m
|02:50:17|I|[1m[35m>>>> Progress :   7.3% <<<<[0m
|02:50:17|I|[36m---------------------------[0m
|02:50:17|I|[36m---------------------------[0m
|02:50:17|I|[32m****** Reading  data ******[0m
|02:50:17|I|[32mn. 32 bit words :     20792[0m
|02:50:17|I|[1m[35m>>>> Progress :   7.8% <<<<[0m
|02:50:17|I|[36m---------------------------[0m
|02:50:17|I|[36m---------------------------[0m
|02:50:17|I|[32m****** Reading  data ******[0m
|02:50:17|I|[32mn. 32 bit words :     21600[0m
|02:50:17|I|[1m[35m>>>> Progress :   8.3% <<<<[0m
|02:50:17|I|[36m---------------------------[0m
|02:50:17|I|[36m---------------------------[0m
|02:50:17|I|[32m****** Reading  data ******[0m
|02:50:17|I|[32mn. 32 bit words :     20800[0m
|02:50:17|I|[1m[35m>>>> Progress :   8.9% <<<<[0m
|02:50:17|I|[36m---------------------------[0m
|02:50:17|I|[36m---------------------------[0m
|02:50:17|I|[32m****** Reading  data ******[0m
|02:50:17|I|[32mn. 32 bit words :     21560[0m
|02:50:17|I|[1m[35m>>>> Progress :   9.4% <<<<[0m
|02:50:17|I|[36m---------------------------[0m
|02:50:17|I|[36m---------------------------[0m
|02:50:17|I|[32m****** Reading  data ******[0m
|02:50:17|I|[32mn. 32 bit words :     21600[0m
|02:50:17|I|[1m[35m>>>> Progress :   9.9% <<<<[0m
|02:50:17|I|[36m---------------------------[0m
|02:50:17|I|[36m---------------------------[0m
|02:50:17|I|[32m****** Reading  data ******[0m
|02:50:17|I|[32mn. 32 bit words :     20840[0m
|02:50:17|I|[1m[35m>>>> Progress :  10.4% <<<<[0m
|02:50:17|I|[36m---------------------------[0m
|02:50:18|I|[36m---------------------------[0m
|02:50:18|I|[32m****** Reading  data ******[0m
|02:50:18|I|[32mn. 32 bit words :     21632[0m
|02:50:18|I|[1m[35m>>>> Progress :  10.9% <<<<[0m
|02:50:18|I|[36m---------------------------[0m
|02:50:18|I|[36m---------------------------[0m
|02:50:18|I|[32m****** Reading  data ******[0m
|02:50:18|I|[32mn. 32 bit words :     21600[0m
|02:50:18|I|[1m[35m>>>> Progress :  11.5% <<<<[0m
|02:50:18|I|[36m---------------------------[0m
|02:50:18|I|[36m---------------------------[0m
|02:50:18|I|[32m****** Reading  data ******[0m
|02:50:18|I|[32mn. 32 bit words :     20816[0m
|02:50:18|I|[1m[35m>>>> Progress :  12.0% <<<<[0m
|02:50:18|I|[36m---------------------------[0m
|02:50:18|I|[36m---------------------------[0m
|02:50:18|I|[32m****** Reading  data ******[0m
|02:50:18|I|[32mn. 32 bit words :     21600[0m
|02:50:18|I|[1m[35m>>>> Progress :  12.5% <<<<[0m
|02:50:18|I|[36m---------------------------[0m
|02:50:18|I|[36m---------------------------[0m
|02:50:18|I|[32m****** Reading  data ******[0m
|02:50:18|I|[32mn. 32 bit words :     21600[0m
|02:50:18|I|[1m[35m>>>> Progress :  13.0% <<<<[0m
|02:50:18|I|[36m---------------------------[0m
|02:50:18|I|[36m---------------------------[0m
|02:50:18|I|[32m****** Reading  data ******[0m
|02:50:18|I|[32mn. 32 bit words :     21288[0m
|02:50:18|I|[1m[35m>>>> Progress :  13.5% <<<<[0m
|02:50:18|I|[36m---------------------------[0m
|02:50:18|I|[36m---------------------------[0m
|02:50:18|I|[32m****** Reading  data ******[0m
|02:50:18|I|[32mn. 32 bit words :     21600[0m
|02:50:18|I|[1m[35m>>>> Progress :  14.1% <<<<[0m
|02:50:18|I|[36m---------------------------[0m
|02:50:18|I|[36m---------------------------[0m
|02:50:18|I|[32m****** Reading  data ******[0m
|02:50:18|I|[32mn. 32 bit words :     21600[0m
|02:50:18|I|[1m[35m>>>> Progress :  14.6% <<<<[0m
|02:50:18|I|[36m---------------------------[0m
|02:50:18|I|[36m---------------------------[0m
|02:50:18|I|[32m****** Reading  data ******[0m
|02:50:18|I|[32mn. 32 bit words :     20816[0m
|02:50:18|I|[1m[35m>>>> Progress :  15.1% <<<<[0m
|02:50:18|I|[36m---------------------------[0m
|02:50:18|I|[36m---------------------------[0m
|02:50:18|I|[32m****** Reading  data ******[0m
|02:50:18|I|[32mn. 32 bit words :     21600[0m
|02:50:18|I|[1m[35m>>>> Progress :  15.6% <<<<[0m
|02:50:18|I|[36m---------------------------[0m
|02:50:18|I|[36m---------------------------[0m
|02:50:18|I|[32m****** Reading  data ******[0m
|02:50:18|I|[32mn. 32 bit words :     20800[0m
|02:50:18|I|[1m[35m>>>> Progress :  16.1% <<<<[0m
|02:50:18|I|[36m---------------------------[0m
|02:50:18|I|[36m---------------------------[0m
|02:50:18|I|[32m****** Reading  data ******[0m
|02:50:18|I|[32mn. 32 bit words :     20832[0m
|02:50:18|I|[1m[35m>>>> Progress :  16.7% <<<<[0m
|02:50:18|I|[36m---------------------------[0m
|02:50:18|I|[36m---------------------------[0m
|02:50:18|I|[32m****** Reading  data ******[0m
|02:50:18|I|[32mn. 32 bit words :     21600[0m
|02:50:18|I|[1m[35m>>>> Progress :  17.2% <<<<[0m
|02:50:18|I|[36m---------------------------[0m
|02:50:18|I|[36m---------------------------[0m
|02:50:18|I|[32m****** Reading  data ******[0m
|02:50:18|I|[32mn. 32 bit words :     21544[0m
|02:50:18|I|[1m[35m>>>> Progress :  17.7% <<<<[0m
|02:50:18|I|[36m---------------------------[0m
|02:50:18|I|[36m---------------------------[0m
|02:50:18|I|[32m****** Reading  data ******[0m
|02:50:18|I|[32mn. 32 bit words :     21472[0m
|02:50:18|I|[1m[35m>>>> Progress :  18.2% <<<<[0m
|02:50:18|I|[36m---------------------------[0m
|02:50:18|I|[36m---------------------------[0m
|02:50:18|I|[32m****** Reading  data ******[0m
|02:50:18|I|[32mn. 32 bit words :     21600[0m
|02:50:18|I|[1m[35m>>>> Progress :  18.8% <<<<[0m
|02:50:18|I|[36m---------------------------[0m
|02:50:18|I|[36m---------------------------[0m
|02:50:18|I|[32m****** Reading  data ******[0m
|02:50:18|I|[32mn. 32 bit words :     20808[0m
|02:50:18|I|[1m[35m>>>> Progress :  19.3% <<<<[0m
|02:50:18|I|[36m---------------------------[0m
|02:50:18|I|[36m---------------------------[0m
|02:50:18|I|[32m****** Reading  data ******[0m
|02:50:18|I|[32mn. 32 bit words :     20824[0m
|02:50:18|I|[1m[35m>>>> Progress :  19.8% <<<<[0m
|02:50:18|I|[36m---------------------------[0m
|02:50:18|I|[36m---------------------------[0m
|02:50:18|I|[32m****** Reading  data ******[0m
|02:50:18|I|[32mn. 32 bit words :     20800[0m
|02:50:18|I|[1m[35m>>>> Progress :  20.3% <<<<[0m
|02:50:18|I|[36m---------------------------[0m
|02:50:18|I|[36m---------------------------[0m
|02:50:18|I|[32m****** Reading  data ******[0m
|02:50:18|I|[32mn. 32 bit words :     21648[0m
|02:50:18|I|[1m[35m>>>> Progress :  20.8% <<<<[0m
|02:50:18|I|[36m---------------------------[0m
|02:50:18|I|[36m---------------------------[0m
|02:50:18|I|[32m****** Reading  data ******[0m
|02:50:18|I|[32mn. 32 bit words :     21600[0m
|02:50:18|I|[1m[35m>>>> Progress :  21.4% <<<<[0m
|02:50:18|I|[36m---------------------------[0m
|02:50:18|I|[36m---------------------------[0m
|02:50:18|I|[32m****** Reading  data ******[0m
|02:50:18|I|[32mn. 32 bit words :     21600[0m
|02:50:18|I|[1m[35m>>>> Progress :  21.9% <<<<[0m
|02:50:18|I|[36m---------------------------[0m
|02:50:18|I|[36m---------------------------[0m
|02:50:18|I|[32m****** Reading  data ******[0m
|02:50:18|I|[32mn. 32 bit words :     21600[0m
|02:50:18|I|[1m[35m>>>> Progress :  22.4% <<<<[0m
|02:50:18|I|[36m---------------------------[0m
|02:50:18|I|[36m---------------------------[0m
|02:50:18|I|[32m****** Reading  data ******[0m
|02:50:18|I|[32mn. 32 bit words :     21600[0m
|02:50:18|I|[1m[35m>>>> Progress :  22.9% <<<<[0m
|02:50:18|I|[36m---------------------------[0m
|02:50:18|I|[36m---------------------------[0m
|02:50:18|I|[32m****** Reading  data ******[0m
|02:50:18|I|[32mn. 32 bit words :     21600[0m
|02:50:18|I|[1m[35m>>>> Progress :  23.4% <<<<[0m
|02:50:18|I|[36m---------------------------[0m
|02:50:18|I|[36m---------------------------[0m
|02:50:18|I|[32m****** Reading  data ******[0m
|02:50:18|I|[32mn. 32 bit words :     21528[0m
|02:50:18|I|[1m[35m>>>> Progress :  24.0% <<<<[0m
|02:50:18|I|[36m---------------------------[0m
|02:50:18|I|[36m---------------------------[0m
|02:50:18|I|[32m****** Reading  data ******[0m
|02:50:18|I|[32mn. 32 bit words :     21600[0m
|02:50:18|I|[1m[35m>>>> Progress :  24.5% <<<<[0m
|02:50:18|I|[36m---------------------------[0m
|02:50:18|I|[36m---------------------------[0m
|02:50:18|I|[32m****** Reading  data ******[0m
|02:50:18|I|[32mn. 32 bit words :     21600[0m
|02:50:18|I|[1m[35m>>>> Progress :  25.0% <<<<[0m
|02:50:18|I|[36m---------------------------[0m
|02:50:18|I|[36m---------------------------[0m
|02:50:18|I|[32m****** Reading  data ******[0m
|02:50:18|I|[32mn. 32 bit words :     21568[0m
|02:50:18|I|[1m[35m>>>> Progress :  25.5% <<<<[0m
|02:50:18|I|[36m---------------------------[0m
|02:50:18|I|[36m---------------------------[0m
|02:50:18|I|[32m****** Reading  data ******[0m
|02:50:18|I|[32mn. 32 bit words :     21600[0m
|02:50:18|I|[1m[35m>>>> Progress :  26.0% <<<<[0m
|02:50:18|I|[36m---------------------------[0m
|02:50:18|I|[36m---------------------------[0m
|02:50:18|I|[32m****** Reading  data ******[0m
|02:50:18|I|[32mn. 32 bit words :     21600[0m
|02:50:18|I|[1m[35m>>>> Progress :  26.6% <<<<[0m
|02:50:18|I|[36m---------------------------[0m
|02:50:18|I|[36m---------------------------[0m
|02:50:18|I|[32m****** Reading  data ******[0m
|02:50:18|I|[32mn. 32 bit words :     21216[0m
|02:50:18|I|[1m[35m>>>> Progress :  27.1% <<<<[0m
|02:50:18|I|[36m---------------------------[0m
|02:50:18|I|[36m---------------------------[0m
|02:50:18|I|[32m****** Reading  data ******[0m
|02:50:18|I|[32mn. 32 bit words :     20800[0m
|02:50:18|I|[1m[35m>>>> Progress :  27.6% <<<<[0m
|02:50:18|I|[36m---------------------------[0m
|02:50:18|I|[36m---------------------------[0m
|02:50:18|I|[32m****** Reading  data ******[0m
|02:50:18|I|[32mn. 32 bit words :     20800[0m
|02:50:18|I|[1m[35m>>>> Progress :  28.1% <<<<[0m
|02:50:18|I|[36m---------------------------[0m
|02:50:18|I|[36m---------------------------[0m
|02:50:18|I|[32m****** Reading  data ******[0m
|02:50:18|I|[32mn. 32 bit words :     21408[0m
|02:50:18|I|[1m[35m>>>> Progress :  28.6% <<<<[0m
|02:50:18|I|[36m---------------------------[0m
|02:50:18|I|[36m---------------------------[0m
|02:50:18|I|[32m****** Reading  data ******[0m
|02:50:18|I|[32mn. 32 bit words :     21600[0m
|02:50:18|I|[1m[35m>>>> Progress :  29.2% <<<<[0m
|02:50:18|I|[36m---------------------------[0m
|02:50:18|I|[36m---------------------------[0m
|02:50:18|I|[32m****** Reading  data ******[0m
|02:50:18|I|[32mn. 32 bit words :     21592[0m
|02:50:18|I|[1m[35m>>>> Progress :  29.7% <<<<[0m
|02:50:18|I|[36m---------------------------[0m
|02:50:18|I|[36m---------------------------[0m
|02:50:18|I|[32m****** Reading  data ******[0m
|02:50:18|I|[32mn. 32 bit words :     20824[0m
|02:50:18|I|[1m[35m>>>> Progress :  30.2% <<<<[0m
|02:50:18|I|[36m---------------------------[0m
|02:50:18|I|[36m---------------------------[0m
|02:50:18|I|[32m****** Reading  data ******[0m
|02:50:18|I|[32mn. 32 bit words :     21600[0m
|02:50:18|I|[1m[35m>>>> Progress :  30.7% <<<<[0m
|02:50:18|I|[36m---------------------------[0m
|02:50:18|I|[36m---------------------------[0m
|02:50:18|I|[32m****** Reading  data ******[0m
|02:50:18|I|[32mn. 32 bit words :     21600[0m
|02:50:18|I|[1m[35m>>>> Progress :  31.2% <<<<[0m
|02:50:18|I|[36m---------------------------[0m
|02:50:18|I|[36m---------------------------[0m
|02:50:18|I|[32m****** Reading  data ******[0m
|02:50:18|I|[32mn. 32 bit words :     21512[0m
|02:50:18|I|[1m[35m>>>> Progress :  31.8% <<<<[0m
|02:50:18|I|[36m---------------------------[0m
|02:50:18|I|[36m---------------------------[0m
|02:50:18|I|[32m****** Reading  data ******[0m
|02:50:18|I|[32mn. 32 bit words :     20800[0m
|02:50:18|I|[1m[35m>>>> Progress :  32.3% <<<<[0m
|02:50:18|I|[36m---------------------------[0m
|02:50:18|I|[36m---------------------------[0m
|02:50:18|I|[32m****** Reading  data ******[0m
|02:50:18|I|[32mn. 32 bit words :     20800[0m
|02:50:18|I|[1m[35m>>>> Progress :  32.8% <<<<[0m
|02:50:18|I|[36m---------------------------[0m
|02:50:18|I|[36m---------------------------[0m
|02:50:18|I|[32m****** Reading  data ******[0m
|02:50:18|I|[32mn. 32 bit words :     20800[0m
|02:50:18|I|[1m[35m>>>> Progress :  33.3% <<<<[0m
|02:50:18|I|[36m---------------------------[0m
|02:50:18|I|[36m---------------------------[0m
|02:50:18|I|[32m****** Reading  data ******[0m
|02:50:18|I|[32mn. 32 bit words :     21600[0m
|02:50:18|I|[1m[35m>>>> Progress :  33.9% <<<<[0m
|02:50:18|I|[36m---------------------------[0m
|02:50:18|I|[36m---------------------------[0m
|02:50:18|I|[32m****** Reading  data ******[0m
|02:50:18|I|[32mn. 32 bit words :     21336[0m
|02:50:18|I|[1m[35m>>>> Progress :  34.4% <<<<[0m
|02:50:18|I|[36m---------------------------[0m
|02:50:18|I|[36m---------------------------[0m
|02:50:18|I|[32m****** Reading  data ******[0m
|02:50:18|I|[32mn. 32 bit words :     21600[0m
|02:50:18|I|[1m[35m>>>> Progress :  34.9% <<<<[0m
|02:50:18|I|[36m---------------------------[0m
|02:50:18|I|[36m---------------------------[0m
|02:50:18|I|[32m****** Reading  data ******[0m
|02:50:18|I|[32mn. 32 bit words :     21360[0m
|02:50:18|I|[1m[35m>>>> Progress :  35.4% <<<<[0m
|02:50:18|I|[36m---------------------------[0m
|02:50:18|I|[36m---------------------------[0m
|02:50:18|I|[32m****** Reading  data ******[0m
|02:50:18|I|[32mn. 32 bit words :     20840[0m
|02:50:18|I|[1m[35m>>>> Progress :  35.9% <<<<[0m
|02:50:18|I|[36m---------------------------[0m
|02:50:18|I|[36m---------------------------[0m
|02:50:18|I|[32m****** Reading  data ******[0m
|02:50:18|I|[32mn. 32 bit words :     20800[0m
|02:50:18|I|[1m[35m>>>> Progress :  36.5% <<<<[0m
|02:50:18|I|[36m---------------------------[0m
|02:50:18|I|[36m---------------------------[0m
|02:50:18|I|[32m****** Reading  data ******[0m
|02:50:18|I|[32mn. 32 bit words :     21600[0m
|02:50:18|I|[1m[35m>>>> Progress :  37.0% <<<<[0m
|02:50:18|I|[36m---------------------------[0m
|02:50:18|I|[36m---------------------------[0m
|02:50:18|I|[32m****** Reading  data ******[0m
|02:50:18|I|[32mn. 32 bit words :     20840[0m
|02:50:18|I|[1m[35m>>>> Progress :  37.5% <<<<[0m
|02:50:18|I|[36m---------------------------[0m
|02:50:18|I|[36m---------------------------[0m
|02:50:18|I|[32m****** Reading  data ******[0m
|02:50:18|I|[32mn. 32 bit words :     20800[0m
|02:50:18|I|[1m[35m>>>> Progress :  38.0% <<<<[0m
|02:50:18|I|[36m---------------------------[0m
|02:50:18|I|[36m---------------------------[0m
|02:50:18|I|[32m****** Reading  data ******[0m
|02:50:18|I|[32mn. 32 bit words :     20832[0m
|02:50:18|I|[1m[35m>>>> Progress :  38.5% <<<<[0m
|02:50:18|I|[36m---------------------------[0m
|02:50:18|I|[36m---------------------------[0m
|02:50:18|I|[32m****** Reading  data ******[0m
|02:50:18|I|[32mn. 32 bit words :     20800[0m
|02:50:18|I|[1m[35m>>>> Progress :  39.1% <<<<[0m
|02:50:18|I|[36m---------------------------[0m
|02:50:18|I|[36m---------------------------[0m
|02:50:18|I|[32m****** Reading  data ******[0m
|02:50:18|I|[32mn. 32 bit words :     21600[0m
|02:50:18|I|[1m[35m>>>> Progress :  39.6% <<<<[0m
|02:50:18|I|[36m---------------------------[0m
|02:50:18|I|[36m---------------------------[0m
|02:50:18|I|[32m****** Reading  data ******[0m
|02:50:18|I|[32mn. 32 bit words :     20800[0m
|02:50:18|I|[1m[35m>>>> Progress :  40.1% <<<<[0m
|02:50:18|I|[36m---------------------------[0m
|02:50:18|I|[36m---------------------------[0m
|02:50:18|I|[32m****** Reading  data ******[0m
|02:50:18|I|[32mn. 32 bit words :     20800[0m
|02:50:18|I|[1m[35m>>>> Progress :  40.6% <<<<[0m
|02:50:18|I|[36m---------------------------[0m
|02:50:18|I|[36m---------------------------[0m
|02:50:18|I|[32m****** Reading  data ******[0m
|02:50:18|I|[32mn. 32 bit words :     20800[0m
|02:50:18|I|[1m[35m>>>> Progress :  41.1% <<<<[0m
|02:50:18|I|[36m---------------------------[0m
|02:50:18|I|[36m---------------------------[0m
|02:50:18|I|[32m****** Reading  data ******[0m
|02:50:18|I|[32mn. 32 bit words :     20808[0m
|02:50:18|I|[1m[35m>>>> Progress :  41.7% <<<<[0m
|02:50:18|I|[36m---------------------------[0m
|02:50:18|I|[36m---------------------------[0m
|02:50:18|I|[32m****** Reading  data ******[0m
|02:50:18|I|[32mn. 32 bit words :     20800[0m
|02:50:18|I|[1m[35m>>>> Progress :  42.2% <<<<[0m
|02:50:18|I|[36m---------------------------[0m
|02:50:18|I|[36m---------------------------[0m
|02:50:18|I|[32m****** Reading  data ******[0m
|02:50:18|I|[32mn. 32 bit words :     21600[0m
|02:50:18|I|[1m[35m>>>> Progress :  42.7% <<<<[0m
|02:50:18|I|[36m---------------------------[0m
|02:50:18|I|[36m---------------------------[0m
|02:50:18|I|[32m****** Reading  data ******[0m
|02:50:18|I|[32mn. 32 bit words :     21224[0m
|02:50:18|I|[1m[35m>>>> Progress :  43.2% <<<<[0m
|02:50:18|I|[36m---------------------------[0m
|02:50:18|I|[36m---------------------------[0m
|02:50:18|I|[32m****** Reading  data ******[0m
|02:50:18|I|[32mn. 32 bit words :     20800[0m
|02:50:18|I|[1m[35m>>>> Progress :  43.8% <<<<[0m
|02:50:18|I|[36m---------------------------[0m
|02:50:18|I|[36m---------------------------[0m
|02:50:18|I|[32m****** Reading  data ******[0m
|02:50:18|I|[32mn. 32 bit words :     21600[0m
|02:50:18|I|[1m[35m>>>> Progress :  44.3% <<<<[0m
|02:50:18|I|[36m---------------------------[0m
|02:50:18|I|[36m---------------------------[0m
|02:50:18|I|[32m****** Reading  data ******[0m
|02:50:18|I|[32mn. 32 bit words :     21512[0m
|02:50:18|I|[1m[35m>>>> Progress :  44.8% <<<<[0m
|02:50:18|I|[36m---------------------------[0m
|02:50:18|I|[36m---------------------------[0m
|02:50:18|I|[32m****** Reading  data ******[0m
|02:50:18|I|[32mn. 32 bit words :     21600[0m
|02:50:18|I|[1m[35m>>>> Progress :  45.3% <<<<[0m
|02:50:18|I|[36m---------------------------[0m
|02:50:18|I|[36m---------------------------[0m
|02:50:18|I|[32m****** Reading  data ******[0m
|02:50:18|I|[32mn. 32 bit words :     21472[0m
|02:50:18|I|[1m[35m>>>> Progress :  45.8% <<<<[0m
|02:50:18|I|[36m---------------------------[0m
|02:50:18|I|[36m---------------------------[0m
|02:50:18|I|[32m****** Reading  data ******[0m
|02:50:18|I|[32mn. 32 bit words :     21160[0m
|02:50:18|I|[1m[35m>>>> Progress :  46.4% <<<<[0m
|02:50:18|I|[36m---------------------------[0m
|02:50:18|I|[36m---------------------------[0m
|02:50:18|I|[32m****** Reading  data ******[0m
|02:50:18|I|[32mn. 32 bit words :     21600[0m
|02:50:18|I|[1m[35m>>>> Progress :  46.9% <<<<[0m
|02:50:18|I|[36m---------------------------[0m
|02:50:18|I|[36m---------------------------[0m
|02:50:18|I|[32m****** Reading  data ******[0m
|02:50:18|I|[32mn. 32 bit words :     21600[0m
|02:50:18|I|[1m[35m>>>> Progress :  47.4% <<<<[0m
|02:50:18|I|[36m---------------------------[0m
|02:50:18|I|[36m---------------------------[0m
|02:50:18|I|[32m****** Reading  data ******[0m
|02:50:18|I|[32mn. 32 bit words :     21312[0m
|02:50:18|I|[1m[35m>>>> Progress :  47.9% <<<<[0m
|02:50:18|I|[36m---------------------------[0m
|02:50:18|I|[36m---------------------------[0m
|02:50:18|I|[32m****** Reading  data ******[0m
|02:50:18|I|[32mn. 32 bit words :     20800[0m
|02:50:18|I|[1m[35m>>>> Progress :  48.4% <<<<[0m
|02:50:18|I|[36m---------------------------[0m
|02:50:18|I|[36m---------------------------[0m
|02:50:18|I|[32m****** Reading  data ******[0m
|02:50:18|I|[32mn. 32 bit words :     21600[0m
|02:50:18|I|[1m[35m>>>> Progress :  49.0% <<<<[0m
|02:50:18|I|[36m---------------------------[0m
|02:50:18|I|[36m---------------------------[0m
|02:50:18|I|[32m****** Reading  data ******[0m
|02:50:18|I|[32mn. 32 bit words :     20808[0m
|02:50:18|I|[1m[35m>>>> Progress :  49.5% <<<<[0m
|02:50:18|I|[36m---------------------------[0m
|02:50:18|I|[36m---------------------------[0m
|02:50:18|I|[32m****** Reading  data ******[0m
|02:50:18|I|[32mn. 32 bit words :     21600[0m
|02:50:18|I|[1m[35m>>>> Progress :  50.0% <<<<[0m
|02:50:18|I|[36m---------------------------[0m
|02:50:18|I|[36m---------------------------[0m
|02:50:18|I|[32m****** Reading  data ******[0m
|02:50:18|I|[32mn. 32 bit words :     21600[0m
|02:50:18|I|[1m[35m>>>> Progress :  50.5% <<<<[0m
|02:50:18|I|[36m---------------------------[0m
|02:50:19|I|[36m---------------------------[0m
|02:50:19|I|[32m****** Reading  data ******[0m
|02:50:19|I|[32mn. 32 bit words :     20800[0m
|02:50:19|I|[1m[35m>>>> Progress :  51.0% <<<<[0m
|02:50:19|I|[36m---------------------------[0m
|02:50:19|I|[36m---------------------------[0m
|02:50:19|I|[32m****** Reading  data ******[0m
|02:50:19|I|[32mn. 32 bit words :     21504[0m
|02:50:19|I|[1m[35m>>>> Progress :  51.6% <<<<[0m
|02:50:19|I|[36m---------------------------[0m
|02:50:19|I|[36m---------------------------[0m
|02:50:19|I|[32m****** Reading  data ******[0m
|02:50:19|I|[32mn. 32 bit words :     20784[0m
|02:50:19|I|[1m[35m>>>> Progress :  52.1% <<<<[0m
|02:50:19|I|[36m---------------------------[0m
|02:50:19|I|[36m---------------------------[0m
|02:50:19|I|[32m****** Reading  data ******[0m
|02:50:19|I|[32mn. 32 bit words :     21600[0m
|02:50:19|I|[1m[35m>>>> Progress :  52.6% <<<<[0m
|02:50:19|I|[36m---------------------------[0m
|02:50:19|I|[36m---------------------------[0m
|02:50:19|I|[32m****** Reading  data ******[0m
|02:50:19|I|[32mn. 32 bit words :     21600[0m
|02:50:19|I|[1m[35m>>>> Progress :  53.1% <<<<[0m
|02:50:19|I|[36m---------------------------[0m
|02:50:19|I|[36m---------------------------[0m
|02:50:19|I|[32m****** Reading  data ******[0m
|02:50:19|I|[32mn. 32 bit words :     20848[0m
|02:50:19|I|[1m[35m>>>> Progress :  53.6% <<<<[0m
|02:50:19|I|[36m---------------------------[0m
|02:50:19|I|[36m---------------------------[0m
|02:50:19|I|[32m****** Reading  data ******[0m
|02:50:19|I|[32mn. 32 bit words :     21600[0m
|02:50:19|I|[1m[35m>>>> Progress :  54.2% <<<<[0m
|02:50:19|I|[36m---------------------------[0m
|02:50:19|I|[36m---------------------------[0m
|02:50:19|I|[32m****** Reading  data ******[0m
|02:50:19|I|[32mn. 32 bit words :     20800[0m
|02:50:19|I|[1m[35m>>>> Progress :  54.7% <<<<[0m
|02:50:19|I|[36m---------------------------[0m
|02:50:19|I|[36m---------------------------[0m
|02:50:19|I|[32m****** Reading  data ******[0m
|02:50:19|I|[32mn. 32 bit words :     20912[0m
|02:50:19|I|[1m[35m>>>> Progress :  55.2% <<<<[0m
|02:50:19|I|[36m---------------------------[0m
|02:50:19|I|[36m---------------------------[0m
|02:50:19|I|[32m****** Reading  data ******[0m
|02:50:19|I|[32mn. 32 bit words :     21600[0m
|02:50:19|I|[1m[35m>>>> Progress :  55.7% <<<<[0m
|02:50:19|I|[36m---------------------------[0m
|02:50:19|I|[36m---------------------------[0m
|02:50:19|I|[32m****** Reading  data ******[0m
|02:50:19|I|[32mn. 32 bit words :     21560[0m
|02:50:19|I|[1m[35m>>>> Progress :  56.2% <<<<[0m
|02:50:19|I|[36m---------------------------[0m
|02:50:19|I|[36m---------------------------[0m
|02:50:19|I|[32m****** Reading  data ******[0m
|02:50:19|I|[32mn. 32 bit words :     21512[0m
|02:50:19|I|[1m[35m>>>> Progress :  56.8% <<<<[0m
|02:50:19|I|[36m---------------------------[0m
|02:50:19|I|[36m---------------------------[0m
|02:50:19|I|[32m****** Reading  data ******[0m
|02:50:19|I|[32mn. 32 bit words :     20800[0m
|02:50:19|I|[1m[35m>>>> Progress :  57.3% <<<<[0m
|02:50:19|I|[36m---------------------------[0m
|02:50:19|I|[36m---------------------------[0m
|02:50:19|I|[32m****** Reading  data ******[0m
|02:50:19|I|[32mn. 32 bit words :     20808[0m
|02:50:19|I|[1m[35m>>>> Progress :  57.8% <<<<[0m
|02:50:19|I|[36m---------------------------[0m
|02:50:19|I|[36m---------------------------[0m
|02:50:19|I|[32m****** Reading  data ******[0m
|02:50:19|I|[32mn. 32 bit words :     21560[0m
|02:50:19|I|[1m[35m>>>> Progress :  58.3% <<<<[0m
|02:50:19|I|[36m---------------------------[0m
|02:50:19|I|[36m---------------------------[0m
|02:50:19|I|[32m****** Reading  data ******[0m
|02:50:19|I|[32mn. 32 bit words :     20800[0m
|02:50:19|I|[1m[35m>>>> Progress :  58.9% <<<<[0m
|02:50:19|I|[36m---------------------------[0m
|02:50:19|I|[36m---------------------------[0m
|02:50:19|I|[32m****** Reading  data ******[0m
|02:50:19|I|[32mn. 32 bit words :     21608[0m
|02:50:19|I|[1m[35m>>>> Progress :  59.4% <<<<[0m
|02:50:19|I|[36m---------------------------[0m
|02:50:19|I|[36m---------------------------[0m
|02:50:19|I|[32m****** Reading  data ******[0m
|02:50:19|I|[32mn. 32 bit words :     21600[0m
|02:50:19|I|[1m[35m>>>> Progress :  59.9% <<<<[0m
|02:50:19|I|[36m---------------------------[0m
|02:50:19|I|[36m---------------------------[0m
|02:50:19|I|[32m****** Reading  data ******[0m
|02:50:19|I|[32mn. 32 bit words :     21600[0m
|02:50:19|I|[1m[35m>>>> Progress :  60.4% <<<<[0m
|02:50:19|I|[36m---------------------------[0m
|02:50:19|I|[36m---------------------------[0m
|02:50:19|I|[32m****** Reading  data ******[0m
|02:50:19|I|[32mn. 32 bit words :     21200[0m
|02:50:19|I|[1m[35m>>>> Progress :  60.9% <<<<[0m
|02:50:19|I|[36m---------------------------[0m
|02:50:19|I|[36m---------------------------[0m
|02:50:19|I|[32m****** Reading  data ******[0m
|02:50:19|I|[32mn. 32 bit words :     21600[0m
|02:50:19|I|[1m[35m>>>> Progress :  61.5% <<<<[0m
|02:50:19|I|[36m---------------------------[0m
|02:50:19|I|[36m---------------------------[0m
|02:50:19|I|[32m****** Reading  data ******[0m
|02:50:19|I|[32mn. 32 bit words :     21600[0m
|02:50:19|I|[1m[35m>>>> Progress :  62.0% <<<<[0m
|02:50:19|I|[36m---------------------------[0m
|02:50:19|I|[36m---------------------------[0m
|02:50:19|I|[32m****** Reading  data ******[0m
|02:50:19|I|[32mn. 32 bit words :     21360[0m
|02:50:19|I|[1m[35m>>>> Progress :  62.5% <<<<[0m
|02:50:19|I|[36m---------------------------[0m
|02:50:19|I|[36m---------------------------[0m
|02:50:19|I|[32m****** Reading  data ******[0m
|02:50:19|I|[32mn. 32 bit words :     21600[0m
|02:50:19|I|[1m[35m>>>> Progress :  63.0% <<<<[0m
|02:50:19|I|[36m---------------------------[0m
|02:50:19|I|[36m---------------------------[0m
|02:50:19|I|[32m****** Reading  data ******[0m
|02:50:19|I|[32mn. 32 bit words :     21600[0m
|02:50:19|I|[1m[35m>>>> Progress :  63.5% <<<<[0m
|02:50:19|I|[36m---------------------------[0m
|02:50:19|I|[36m---------------------------[0m
|02:50:19|I|[32m****** Reading  data ******[0m
|02:50:19|I|[32mn. 32 bit words :     21504[0m
|02:50:19|I|[1m[35m>>>> Progress :  64.1% <<<<[0m
|02:50:19|I|[36m---------------------------[0m
|02:50:19|I|[36m---------------------------[0m
|02:50:19|I|[32m****** Reading  data ******[0m
|02:50:19|I|[32mn. 32 bit words :     21600[0m
|02:50:19|I|[1m[35m>>>> Progress :  64.6% <<<<[0m
|02:50:19|I|[36m---------------------------[0m
|02:50:19|I|[36m---------------------------[0m
|02:50:19|I|[32m****** Reading  data ******[0m
|02:50:19|I|[32mn. 32 bit words :     21416[0m
|02:50:19|I|[1m[35m>>>> Progress :  65.1% <<<<[0m
|02:50:19|I|[36m---------------------------[0m
|02:50:19|I|[36m---------------------------[0m
|02:50:19|I|[32m****** Reading  data ******[0m
|02:50:19|I|[32mn. 32 bit words :     21616[0m
|02:50:19|I|[1m[35m>>>> Progress :  65.6% <<<<[0m
|02:50:19|I|[36m---------------------------[0m
|02:50:19|I|[36m---------------------------[0m
|02:50:19|I|[32m****** Reading  data ******[0m
|02:50:19|I|[32mn. 32 bit words :     21600[0m
|02:50:19|I|[1m[35m>>>> Progress :  66.1% <<<<[0m
|02:50:19|I|[36m---------------------------[0m
|02:50:19|I|[36m---------------------------[0m
|02:50:19|I|[32m****** Reading  data ******[0m
|02:50:19|I|[32mn. 32 bit words :     21608[0m
|02:50:19|I|[1m[35m>>>> Progress :  66.7% <<<<[0m
|02:50:19|I|[36m---------------------------[0m
|02:50:19|I|[36m---------------------------[0m
|02:50:19|I|[32m****** Reading  data ******[0m
|02:50:19|I|[32mn. 32 bit words :     21608[0m
|02:50:19|I|[1m[35m>>>> Progress :  67.2% <<<<[0m
|02:50:19|I|[36m---------------------------[0m
|02:50:19|I|[36m---------------------------[0m
|02:50:19|I|[32m****** Reading  data ******[0m
|02:50:19|I|[32mn. 32 bit words :     21600[0m
|02:50:19|I|[1m[35m>>>> Progress :  67.7% <<<<[0m
|02:50:19|I|[36m---------------------------[0m
|02:50:19|I|[36m---------------------------[0m
|02:50:19|I|[32m****** Reading  data ******[0m
|02:50:19|I|[32mn. 32 bit words :     20800[0m
|02:50:19|I|[1m[35m>>>> Progress :  68.2% <<<<[0m
|02:50:19|I|[36m---------------------------[0m
|02:50:19|I|[36m---------------------------[0m
|02:50:19|I|[32m****** Reading  data ******[0m
|02:50:19|I|[32mn. 32 bit words :     20800[0m
|02:50:19|I|[1m[35m>>>> Progress :  68.8% <<<<[0m
|02:50:19|I|[36m---------------------------[0m
|02:50:19|I|[36m---------------------------[0m
|02:50:19|I|[32m****** Reading  data ******[0m
|02:50:19|I|[32mn. 32 bit words :     21600[0m
|02:50:19|I|[1m[35m>>>> Progress :  69.3% <<<<[0m
|02:50:19|I|[36m---------------------------[0m
|02:50:19|I|[36m---------------------------[0m
|02:50:19|I|[32m****** Reading  data ******[0m
|02:50:19|I|[32mn. 32 bit words :     21616[0m
|02:50:19|I|[1m[35m>>>> Progress :  69.8% <<<<[0m
|02:50:19|I|[36m---------------------------[0m
|02:50:19|I|[36m---------------------------[0m
|02:50:19|I|[32m****** Reading  data ******[0m
|02:50:19|I|[32mn. 32 bit words :     20800[0m
|02:50:19|I|[1m[35m>>>> Progress :  70.3% <<<<[0m
|02:50:19|I|[36m---------------------------[0m
|02:50:19|I|[36m---------------------------[0m
|02:50:19|I|[32m****** Reading  data ******[0m
|02:50:19|I|[32mn. 32 bit words :     21568[0m
|02:50:19|I|[1m[35m>>>> Progress :  70.8% <<<<[0m
|02:50:19|I|[36m---------------------------[0m
|02:50:19|I|[36m---------------------------[0m
|02:50:19|I|[32m****** Reading  data ******[0m
|02:50:19|I|[32mn. 32 bit words :     20976[0m
|02:50:19|I|[1m[35m>>>> Progress :  71.4% <<<<[0m
|02:50:19|I|[36m---------------------------[0m
|02:50:19|I|[36m---------------------------[0m
|02:50:19|I|[32m****** Reading  data ******[0m
|02:50:19|I|[32mn. 32 bit words :     21448[0m
|02:50:19|I|[1m[35m>>>> Progress :  71.9% <<<<[0m
|02:50:19|I|[36m---------------------------[0m
|02:50:19|I|[36m---------------------------[0m
|02:50:19|I|[32m****** Reading  data ******[0m
|02:50:19|I|[32mn. 32 bit words :     21600[0m
|02:50:19|I|[1m[35m>>>> Progress :  72.4% <<<<[0m
|02:50:19|I|[36m---------------------------[0m
|02:50:19|I|[36m---------------------------[0m
|02:50:19|I|[32m****** Reading  data ******[0m
|02:50:19|I|[32mn. 32 bit words :     20864[0m
|02:50:19|I|[1m[35m>>>> Progress :  72.9% <<<<[0m
|02:50:19|I|[36m---------------------------[0m
|02:50:19|I|[36m---------------------------[0m
|02:50:19|I|[32m****** Reading  data ******[0m
|02:50:19|I|[32mn. 32 bit words :     21600[0m
|02:50:19|I|[1m[35m>>>> Progress :  73.4% <<<<[0m
|02:50:19|I|[36m---------------------------[0m
|02:50:19|I|[36m---------------------------[0m
|02:50:19|I|[32m****** Reading  data ******[0m
|02:50:19|I|[32mn. 32 bit words :     20800[0m
|02:50:19|I|[1m[35m>>>> Progress :  74.0% <<<<[0m
|02:50:19|I|[36m---------------------------[0m
|02:50:19|I|[36m---------------------------[0m
|02:50:19|I|[32m****** Reading  data ******[0m
|02:50:19|I|[32mn. 32 bit words :     21408[0m
|02:50:19|I|[1m[35m>>>> Progress :  74.5% <<<<[0m
|02:50:19|I|[36m---------------------------[0m
|02:50:19|I|[36m---------------------------[0m
|02:50:19|I|[32m****** Reading  data ******[0m
|02:50:19|I|[32mn. 32 bit words :     20800[0m
|02:50:19|I|[1m[35m>>>> Progress :  75.0% <<<<[0m
|02:50:19|I|[36m---------------------------[0m
|02:50:19|I|[36m---------------------------[0m
|02:50:19|I|[32m****** Reading  data ******[0m
|02:50:19|I|[32mn. 32 bit words :     21248[0m
|02:50:19|I|[1m[35m>>>> Progress :  75.5% <<<<[0m
|02:50:19|I|[36m---------------------------[0m
|02:50:19|I|[36m---------------------------[0m
|02:50:19|I|[32m****** Reading  data ******[0m
|02:50:19|I|[32mn. 32 bit words :     21544[0m
|02:50:19|I|[1m[35m>>>> Progress :  76.0% <<<<[0m
|02:50:19|I|[36m---------------------------[0m
|02:50:19|I|[36m---------------------------[0m
|02:50:19|I|[32m****** Reading  data ******[0m
|02:50:19|I|[32mn. 32 bit words :     20800[0m
|02:50:19|I|[1m[35m>>>> Progress :  76.6% <<<<[0m
|02:50:19|I|[36m---------------------------[0m
|02:50:19|I|[36m---------------------------[0m
|02:50:19|I|[32m****** Reading  data ******[0m
|02:50:19|I|[32mn. 32 bit words :     20800[0m
|02:50:19|I|[1m[35m>>>> Progress :  77.1% <<<<[0m
|02:50:19|I|[36m---------------------------[0m
|02:50:19|I|[36m---------------------------[0m
|02:50:19|I|[32m****** Reading  data ******[0m
|02:50:19|I|[32mn. 32 bit words :     20800[0m
|02:50:19|I|[1m[35m>>>> Progress :  77.6% <<<<[0m
|02:50:19|I|[36m---------------------------[0m
|02:50:19|I|[36m---------------------------[0m
|02:50:19|I|[32m****** Reading  data ******[0m
|02:50:19|I|[32mn. 32 bit words :     21600[0m
|02:50:19|I|[1m[35m>>>> Progress :  78.1% <<<<[0m
|02:50:19|I|[36m---------------------------[0m
|02:50:19|I|[36m---------------------------[0m
|02:50:19|I|[32m****** Reading  data ******[0m
|02:50:19|I|[32mn. 32 bit words :     21176[0m
|02:50:19|I|[1m[35m>>>> Progress :  78.6% <<<<[0m
|02:50:19|I|[36m---------------------------[0m
|02:50:19|I|[36m---------------------------[0m
|02:50:19|I|[32m****** Reading  data ******[0m
|02:50:19|I|[32mn. 32 bit words :     20800[0m
|02:50:19|I|[1m[35m>>>> Progress :  79.2% <<<<[0m
|02:50:19|I|[36m---------------------------[0m
|02:50:19|I|[36m---------------------------[0m
|02:50:19|I|[32m****** Reading  data ******[0m
|02:50:19|I|[32mn. 32 bit words :     21600[0m
|02:50:19|I|[1m[35m>>>> Progress :  79.7% <<<<[0m
|02:50:19|I|[36m---------------------------[0m
|02:50:19|I|[36m---------------------------[0m
|02:50:19|I|[32m****** Reading  data ******[0m
|02:50:19|I|[32mn. 32 bit words :     21624[0m
|02:50:19|I|[1m[35m>>>> Progress :  80.2% <<<<[0m
|02:50:19|I|[36m---------------------------[0m
|02:50:19|I|[36m---------------------------[0m
|02:50:19|I|[32m****** Reading  data ******[0m
|02:50:19|I|[32mn. 32 bit words :     21600[0m
|02:50:19|I|[1m[35m>>>> Progress :  80.7% <<<<[0m
|02:50:19|I|[36m---------------------------[0m
|02:50:19|I|[36m---------------------------[0m
|02:50:19|I|[32m****** Reading  data ******[0m
|02:50:19|I|[32mn. 32 bit words :     20800[0m
|02:50:19|I|[1m[35m>>>> Progress :  81.2% <<<<[0m
|02:50:19|I|[36m---------------------------[0m
|02:50:19|I|[36m---------------------------[0m
|02:50:19|I|[32m****** Reading  data ******[0m
|02:50:19|I|[32mn. 32 bit words :     21504[0m
|02:50:19|I|[1m[35m>>>> Progress :  81.8% <<<<[0m
|02:50:19|I|[36m---------------------------[0m
|02:50:19|I|[36m---------------------------[0m
|02:50:19|I|[32m****** Reading  data ******[0m
|02:50:19|I|[32mn. 32 bit words :     20800[0m
|02:50:19|I|[1m[35m>>>> Progress :  82.3% <<<<[0m
|02:50:19|I|[36m---------------------------[0m
|02:50:19|I|[36m---------------------------[0m
|02:50:19|I|[32m****** Reading  data ******[0m
|02:50:19|I|[32mn. 32 bit words :     21600[0m
|02:50:19|I|[1m[35m>>>> Progress :  82.8% <<<<[0m
|02:50:19|I|[36m---------------------------[0m
|02:50:19|I|[36m---------------------------[0m
|02:50:19|I|[32m****** Reading  data ******[0m
|02:50:19|I|[32mn. 32 bit words :     21632[0m
|02:50:19|I|[1m[35m>>>> Progress :  83.3% <<<<[0m
|02:50:19|I|[36m---------------------------[0m
|02:50:19|I|[36m---------------------------[0m
|02:50:19|I|[32m****** Reading  data ******[0m
|02:50:19|I|[32mn. 32 bit words :     20800[0m
|02:50:19|I|[1m[35m>>>> Progress :  83.9% <<<<[0m
|02:50:19|I|[36m---------------------------[0m
|02:50:19|I|[36m---------------------------[0m
|02:50:19|I|[32m****** Reading  data ******[0m
|02:50:19|I|[32mn. 32 bit words :     21600[0m
|02:50:19|I|[1m[35m>>>> Progress :  84.4% <<<<[0m
|02:50:19|I|[36m---------------------------[0m
|02:50:19|I|[36m---------------------------[0m
|02:50:19|I|[32m****** Reading  data ******[0m
|02:50:19|I|[32mn. 32 bit words :     21456[0m
|02:50:19|I|[1m[35m>>>> Progress :  84.9% <<<<[0m
|02:50:19|I|[36m---------------------------[0m
|02:50:19|I|[36m---------------------------[0m
|02:50:19|I|[32m****** Reading  data ******[0m
|02:50:19|I|[32mn. 32 bit words :     21600[0m
|02:50:19|I|[1m[35m>>>> Progress :  85.4% <<<<[0m
|02:50:19|I|[36m---------------------------[0m
|02:50:19|I|[36m---------------------------[0m
|02:50:19|I|[32m****** Reading  data ******[0m
|02:50:19|I|[32mn. 32 bit words :     21552[0m
|02:50:19|I|[1m[35m>>>> Progress :  85.9% <<<<[0m
|02:50:19|I|[36m---------------------------[0m
|02:50:19|I|[36m---------------------------[0m
|02:50:19|I|[32m****** Reading  data ******[0m
|02:50:19|I|[32mn. 32 bit words :     21480[0m
|02:50:19|I|[1m[35m>>>> Progress :  86.5% <<<<[0m
|02:50:19|I|[36m---------------------------[0m
|02:50:19|I|[36m---------------------------[0m
|02:50:19|I|[32m****** Reading  data ******[0m
|02:50:19|I|[32mn. 32 bit words :     20800[0m
|02:50:19|I|[1m[35m>>>> Progress :  87.0% <<<<[0m
|02:50:19|I|[36m---------------------------[0m
|02:50:19|I|[36m---------------------------[0m
|02:50:19|I|[32m****** Reading  data ******[0m
|02:50:19|I|[32mn. 32 bit words :     21592[0m
|02:50:19|I|[1m[35m>>>> Progress :  87.5% <<<<[0m
|02:50:19|I|[36m---------------------------[0m
|02:50:19|I|[36m---------------------------[0m
|02:50:19|I|[32m****** Reading  data ******[0m
|02:50:19|I|[32mn. 32 bit words :     20800[0m
|02:50:19|I|[1m[35m>>>> Progress :  88.0% <<<<[0m
|02:50:19|I|[36m---------------------------[0m
|02:50:19|I|[36m---------------------------[0m
|02:50:19|I|[32m****** Reading  data ******[0m
|02:50:19|I|[32mn. 32 bit words :     21600[0m
|02:50:19|I|[1m[35m>>>> Progress :  88.5% <<<<[0m
|02:50:19|I|[36m---------------------------[0m
|02:50:19|I|[36m---------------------------[0m
|02:50:19|I|[32m****** Reading  data ******[0m
|02:50:19|I|[32mn. 32 bit words :     21136[0m
|02:50:19|I|[1m[35m>>>> Progress :  89.1% <<<<[0m
|02:50:19|I|[36m---------------------------[0m
|02:50:19|I|[36m---------------------------[0m
|02:50:19|I|[32m****** Reading  data ******[0m
|02:50:19|I|[32mn. 32 bit words :     21600[0m
|02:50:19|I|[1m[35m>>>> Progress :  89.6% <<<<[0m
|02:50:19|I|[36m---------------------------[0m
|02:50:19|I|[36m---------------------------[0m
|02:50:19|I|[32m****** Reading  data ******[0m
|02:50:19|I|[32mn. 32 bit words :     21600[0m
|02:50:19|I|[1m[35m>>>> Progress :  90.1% <<<<[0m
|02:50:19|I|[36m---------------------------[0m
|02:50:19|I|[36m---------------------------[0m
|02:50:19|I|[32m****** Reading  data ******[0m
|02:50:19|I|[32mn. 32 bit words :     20792[0m
|02:50:19|I|[1m[35m>>>> Progress :  90.6% <<<<[0m
|02:50:19|I|[36m---------------------------[0m
|02:50:20|I|[36m---------------------------[0m
|02:50:20|I|[32m****** Reading  data ******[0m
|02:50:20|I|[32mn. 32 bit words :     21576[0m
|02:50:20|I|[1m[35m>>>> Progress :  91.1% <<<<[0m
|02:50:20|I|[36m---------------------------[0m
|02:50:20|I|[36m---------------------------[0m
|02:50:20|I|[32m****** Reading  data ******[0m
|02:50:20|I|[32mn. 32 bit words :     21600[0m
|02:50:20|I|[1m[35m>>>> Progress :  91.7% <<<<[0m
|02:50:20|I|[36m---------------------------[0m
|02:50:20|I|[36m---------------------------[0m
|02:50:20|I|[32m****** Reading  data ******[0m
|02:50:20|I|[32mn. 32 bit words :     20800[0m
|02:50:20|I|[1m[35m>>>> Progress :  92.2% <<<<[0m
|02:50:20|I|[36m---------------------------[0m
|02:50:20|I|[36m---------------------------[0m
|02:50:20|I|[32m****** Reading  data ******[0m
|02:50:20|I|[32mn. 32 bit words :     21600[0m
|02:50:20|I|[1m[35m>>>> Progress :  92.7% <<<<[0m
|02:50:20|I|[36m---------------------------[0m
|02:50:20|I|[36m---------------------------[0m
|02:50:20|I|[32m****** Reading  data ******[0m
|02:50:20|I|[32mn. 32 bit words :     21600[0m
|02:50:20|I|[1m[35m>>>> Progress :  93.2% <<<<[0m
|02:50:20|I|[36m---------------------------[0m
|02:50:20|I|[36m---------------------------[0m
|02:50:20|I|[32m****** Reading  data ******[0m
|02:50:20|I|[32mn. 32 bit words :     21584[0m
|02:50:20|I|[1m[35m>>>> Progress :  93.8% <<<<[0m
|02:50:20|I|[36m---------------------------[0m
|02:50:20|I|[36m---------------------------[0m
|02:50:20|I|[32m****** Reading  data ******[0m
|02:50:20|I|[32mn. 32 bit words :     21592[0m
|02:50:20|I|[1m[35m>>>> Progress :  94.3% <<<<[0m
|02:50:20|I|[36m---------------------------[0m
|02:50:20|I|[36m---------------------------[0m
|02:50:20|I|[32m****** Reading  data ******[0m
|02:50:20|I|[32mn. 32 bit words :     21600[0m
|02:50:20|I|[1m[35m>>>> Progress :  94.8% <<<<[0m
|02:50:20|I|[36m---------------------------[0m
|02:50:20|I|[36m---------------------------[0m
|02:50:20|I|[32m****** Reading  data ******[0m
|02:50:20|I|[32mn. 32 bit words :     21560[0m
|02:50:20|I|[1m[35m>>>> Progress :  95.3% <<<<[0m
|02:50:20|I|[36m---------------------------[0m
|02:50:20|I|[36m---------------------------[0m
|02:50:20|I|[32m****** Reading  data ******[0m
|02:50:20|I|[32mn. 32 bit words :     20800[0m
|02:50:20|I|[1m[35m>>>> Progress :  95.8% <<<<[0m
|02:50:20|I|[36m---------------------------[0m
|02:50:20|I|[36m---------------------------[0m
|02:50:20|I|[32m****** Reading  data ******[0m
|02:50:20|I|[32mn. 32 bit words :     21600[0m
|02:50:20|I|[1m[35m>>>> Progress :  96.4% <<<<[0m
|02:50:20|I|[36m---------------------------[0m
|02:50:20|I|[36m---------------------------[0m
|02:50:20|I|[32m****** Reading  data ******[0m
|02:50:20|I|[32mn. 32 bit words :     21264[0m
|02:50:20|I|[1m[35m>>>> Progress :  96.9% <<<<[0m
|02:50:20|I|[36m---------------------------[0m
|02:50:20|I|[36m---------------------------[0m
|02:50:20|I|[32m****** Reading  data ******[0m
|02:50:20|I|[32mn. 32 bit words :     21600[0m
|02:50:20|I|[1m[35m>>>> Progress :  97.4% <<<<[0m
|02:50:20|I|[36m---------------------------[0m
|02:50:20|I|[36m---------------------------[0m
|02:50:20|I|[32m****** Reading  data ******[0m
|02:50:20|I|[32mn. 32 bit words :     20800[0m
|02:50:20|I|[1m[35m>>>> Progress :  97.9% <<<<[0m
|02:50:20|I|[36m---------------------------[0m
|02:50:20|I|[36m---------------------------[0m
|02:50:20|I|[32m****** Reading  data ******[0m
|02:50:20|I|[32mn. 32 bit words :     20800[0m
|02:50:20|I|[1m[35m>>>> Progress :  98.4% <<<<[0m
|02:50:20|I|[36m---------------------------[0m
|02:50:20|I|[36m---------------------------[0m
|02:50:20|I|[32m****** Reading  data ******[0m
|02:50:20|I|[32mn. 32 bit words :     21584[0m
|02:50:20|I|[1m[35m>>>> Progress :  99.0% <<<<[0m
|02:50:20|I|[36m---------------------------[0m
|02:50:20|I|[36m---------------------------[0m
|02:50:20|I|[32m****** Reading  data ******[0m
|02:50:20|I|[32mn. 32 bit words :     21456[0m
|02:50:20|I|[1m[35m>>>> Progress :  99.5% <<<<[0m
|02:50:20|I|[36m---------------------------[0m
|02:50:20|I|[36m---------------------------[0m
|02:50:20|I|[32m****** Reading  data ******[0m
|02:50:20|I|[32mn. 32 bit words :     21600[0m
|02:50:20|I|[1m[35m>>>> Progress : 100.0% <<<<[0m
|02:50:20|I|[36m---------------------------[0m
|02:50:20|I|[32mReadout chip error report for [board/opticalGroup/hybrid/chip = [1m[33m0/0/0/0[0m[32m][0m
|02:50:20|I|[1m[34mLOCKLOSS_CNT        = [1m[33m0        [0m
|02:50:20|I|[1m[34mBITFLIP_WNG_CNT     = [1m[33m0        [0m
|02:50:20|I|[1m[34mBITFLIP_ERR_CNT     = [1m[33m0        [0m
|02:50:20|I|[1m[34mCMDERR_CNT          = [1m[33m43692        [0m
|02:50:20|I|[1m[34mSKIPPED_TRIGGER_CNT = [1m[33m0        [0m
|02:50:20|I|[1m[34mHITOR_0_CNT         = [1m[33m6106        [0m
|02:50:20|I|[1m[34mHITOR_1_CNT         = [1m[33m6106        [0m
|02:50:20|I|[1m[34mHITOR_2_CNT         = [1m[33m6106        [0m
|02:50:20|I|[1m[34mHITOR_3_CNT         = [1m[33m6106        [0m
|02:50:20|I|[1m[34mBCID_CNT            = [1m[33m53020        [0m
|02:50:20|I|[1m[34mTRIG_CNT            = [1m[33m1000        [0m
|02:50:20|I|[32mAverage occupancy for [board/opticalGroup/hybrid/chip = [1m[33m0/0/0/0[0m[32m] is [1m[33m0.996792[0m
|02:50:20|I|[1m[34m	--> Number of potentially [1m[33mmasked[1m[34m pixels in this iteration: [1m[33m0[0m
|02:50:20|I|[1m[34m	--> Total number of potentially masked pixels: [1m[33m1041[0m
|02:50:20|I|[1m[34m	--> PixelAlive saved the configuration file for [board/opticalGroup/hybrid/chip = [1m[33m0/0/0/0[0m[1m[34m][0m
|02:50:20|I|[1m[34m	--> PixelAlive saving histograms...[0m
|02:50:20|I|[32mClosing result file[0m
|02:50:20|I|[1m[31m>>> Destroying interfaces <<<[0m
|02:50:20|I|[1m[31m>>> Interfaces  destroyed <<<[0m
|02:50:20|I|[1m[35m@@@ End of CMSIT miniDAQ @@@[0m
