|04:57:04|I|[36m---------------------------[0m
|04:57:05|I|[36m---------------------------[0m
|04:57:05|I|[32m****** Reading  data ******[0m
|04:57:05|I|[32mn. 32 bit words :       800[0m
|04:57:05|I|[1m[35m>>>> Progress :  97.0% <<<<[0m
|04:57:05|I|[36m---------------------------[0m
|04:57:05|I|[36m---------------------------[0m
|04:57:05|I|[32m****** Reading  data ******[0m
|04:57:05|I|[32mn. 32 bit words :       800[0m
|04:57:05|I|[1m[35m>>>> Progress :  97.0% <<<<[0m
|04:57:05|I|[36m---------------------------[0m
|04:57:05|I|[36m---------------------------[0m
|04:57:05|I|[32m****** Reading  data ******[0m
|04:57:05|I|[32mn. 32 bit words :       800[0m
|04:57:05|I|[1m[35m>>>> Progress :  97.0% <<<<[0m
|04:57:05|I|[36m---------------------------[0m
|04:57:05|I|[36m---------------------------[0m
|04:57:05|I|[32m****** Reading  data ******[0m
|04:57:05|I|[32mn. 32 bit words :       800[0m
|04:57:05|I|[1m[35m>>>> Progress :  97.0% <<<<[0m
|04:57:05|I|[36m---------------------------[0m
|04:57:05|I|[36m---------------------------[0m
|04:57:05|I|[32m****** Reading  data ******[0m
|04:57:05|I|[32mn. 32 bit words :       800[0m
|04:57:05|I|[1m[35m>>>> Progress :  97.0% <<<<[0m
|04:57:05|I|[36m---------------------------[0m
|04:57:05|I|[36m---------------------------[0m
|04:57:05|I|[32m****** Reading  data ******[0m
|04:57:05|I|[32mn. 32 bit words :       800[0m
|04:57:05|I|[1m[35m>>>> Progress :  97.0% <<<<[0m
|04:57:05|I|[36m---------------------------[0m
|04:57:05|I|[36m---------------------------[0m
|04:57:05|I|[32m****** Reading  data ******[0m
|04:57:05|I|[32mn. 32 bit words :       800[0m
|04:57:05|I|[1m[35m>>>> Progress :  97.1% <<<<[0m
|04:57:05|I|[36m---------------------------[0m
|04:57:05|I|[36m---------------------------[0m
|04:57:05|I|[32m****** Reading  data ******[0m
|04:57:05|I|[32mn. 32 bit words :       800[0m
|04:57:05|I|[1m[35m>>>> Progress :  97.1% <<<<[0m
|04:57:05|I|[36m---------------------------[0m
|04:57:05|I|[36m---------------------------[0m
|04:57:05|I|[32m****** Reading  data ******[0m
|04:57:05|I|[32mn. 32 bit words :       800[0m
|04:57:05|I|[1m[35m>>>> Progress :  97.1% <<<<[0m
|04:57:05|I|[36m---------------------------[0m
|04:57:05|I|[36m---------------------------[0m
|04:57:05|I|[32m****** Reading  data ******[0m
|04:57:05|I|[32mn. 32 bit words :       800[0m
|04:57:05|I|[1m[35m>>>> Progress :  97.1% <<<<[0m
|04:57:05|I|[36m---------------------------[0m
|04:57:05|I|[36m---------------------------[0m
|04:57:05|I|[32m****** Reading  data ******[0m
|04:57:05|I|[32mn. 32 bit words :       800[0m
|04:57:05|I|[1m[35m>>>> Progress :  97.1% <<<<[0m
|04:57:05|I|[36m---------------------------[0m
|04:57:05|I|[36m---------------------------[0m
|04:57:05|I|[32m****** Reading  data ******[0m
|04:57:05|I|[32mn. 32 bit words :       800[0m
|04:57:05|I|[1m[35m>>>> Progress :  97.1% <<<<[0m
|04:57:05|I|[36m---------------------------[0m
|04:57:05|I|[36m---------------------------[0m
|04:57:05|I|[32m****** Reading  data ******[0m
|04:57:05|I|[32mn. 32 bit words :       800[0m
|04:57:05|I|[1m[35m>>>> Progress :  97.1% <<<<[0m
|04:57:05|I|[36m---------------------------[0m
|04:57:05|I|[36m---------------------------[0m
|04:57:05|I|[32m****** Reading  data ******[0m
|04:57:05|I|[32mn. 32 bit words :       800[0m
|04:57:05|I|[1m[35m>>>> Progress :  97.1% <<<<[0m
|04:57:05|I|[36m---------------------------[0m
|04:57:05|I|[36m---------------------------[0m
|04:57:05|I|[32m****** Reading  data ******[0m
|04:57:05|I|[32mn. 32 bit words :       800[0m
|04:57:05|I|[1m[35m>>>> Progress :  97.2% <<<<[0m
|04:57:05|I|[36m---------------------------[0m
|04:57:05|I|[36m---------------------------[0m
|04:57:05|I|[32m****** Reading  data ******[0m
|04:57:05|I|[32mn. 32 bit words :       800[0m
|04:57:05|I|[1m[35m>>>> Progress :  97.2% <<<<[0m
|04:57:05|I|[36m---------------------------[0m
|04:57:05|I|[36m---------------------------[0m
|04:57:05|I|[32m****** Reading  data ******[0m
|04:57:05|I|[32mn. 32 bit words :       800[0m
|04:57:05|I|[1m[35m>>>> Progress :  97.2% <<<<[0m
|04:57:05|I|[36m---------------------------[0m
|04:57:05|I|[36m---------------------------[0m
|04:57:05|I|[32m****** Reading  data ******[0m
|04:57:05|I|[32mn. 32 bit words :       800[0m
|04:57:05|I|[1m[35m>>>> Progress :  97.2% <<<<[0m
|04:57:05|I|[36m---------------------------[0m
|04:57:05|I|[36m---------------------------[0m
|04:57:05|I|[32m****** Reading  data ******[0m
|04:57:05|I|[32mn. 32 bit words :       800[0m
|04:57:05|I|[1m[35m>>>> Progress :  97.2% <<<<[0m
|04:57:05|I|[36m---------------------------[0m
|04:57:05|I|[36m---------------------------[0m
|04:57:05|I|[32m****** Reading  data ******[0m
|04:57:05|I|[32mn. 32 bit words :       800[0m
|04:57:05|I|[1m[35m>>>> Progress :  97.2% <<<<[0m
|04:57:05|I|[36m---------------------------[0m
|04:57:05|I|[36m---------------------------[0m
|04:57:05|I|[32m****** Reading  data ******[0m
|04:57:05|I|[32mn. 32 bit words :       800[0m
|04:57:05|I|[1m[35m>>>> Progress :  97.2% <<<<[0m
|04:57:05|I|[36m---------------------------[0m
|04:57:05|I|[36m---------------------------[0m
|04:57:05|I|[32m****** Reading  data ******[0m
|04:57:05|I|[32mn. 32 bit words :       800[0m
|04:57:05|I|[1m[35m>>>> Progress :  97.2% <<<<[0m
|04:57:05|I|[36m---------------------------[0m
|04:57:05|I|[36m---------------------------[0m
|04:57:05|I|[32m****** Reading  data ******[0m
|04:57:05|I|[32mn. 32 bit words :       800[0m
|04:57:05|I|[1m[35m>>>> Progress :  97.3% <<<<[0m
|04:57:05|I|[36m---------------------------[0m
|04:57:05|I|[36m---------------------------[0m
|04:57:05|I|[32m****** Reading  data ******[0m
|04:57:05|I|[32mn. 32 bit words :       800[0m
|04:57:05|I|[1m[35m>>>> Progress :  97.3% <<<<[0m
|04:57:05|I|[36m---------------------------[0m
|04:57:05|I|[32mMonitor data for [board/opticalGroup/hybrid/chip = [1m[33m0/0/0/0[0m[32m][0m
|04:57:05|I|[36m---------------------------[0m
|04:57:05|I|[32m****** Reading  data ******[0m
|04:57:05|I|[32mn. 32 bit words :       800[0m
|04:57:05|I|[1m[35m>>>> Progress :  97.3% <<<<[0m
|04:57:05|I|[36m---------------------------[0m
|04:57:05|W|[1m[31m		--> Very low voltage: either floating VDD sense-line or FMC not powered (voltage = [1m[33m0.000[1m[31m)[0m
|04:57:05|I|[1m[34m	--> Hybrid voltage: [1m[33m0.000[1m[34m V (corresponds to half VOUT_dig_ShuLDO of the chip)[0m
|04:57:05|I|[1m[34m	--> Hybrid temperature: [1m[33m-273.150[1m[34m C[0m
|04:57:05|I|[1m[34m	--> VOUT_ana_ShuLDO: [1m[33m0.600 +/- 0.024[1m[34m V[0m
|04:57:05|I|[1m[34m	--> VOUT_dig_ShuLDO: [1m[33m0.652 +/- 0.026[1m[34m V[0m
|04:57:05|I|[1m[34m	--> ADCbandgap: [1m[33m0.451 +/- 0.018[1m[34m V[0m
|04:57:05|W|[1m[31m		--> ADC measurement in saturation (ADC = [1m[33m4095[1m[31m): likely the IMUX resistor, that converts the current into a voltage, is not connected[0m
|04:57:05|I|[1m[34m	--> Iref: [1m[33m83.880 +/- 3.355[1m[34m uA[0m
|04:57:05|I|[1m[34m	--> TEMPSENS_1: [1m[33m113.006 +/- 4.520[1m[34m C[0m
|04:57:05|I|[1m[34m	--> TEMPSENS_4: [1m[33m117.984 +/- 4.719[1m[34m C[0m
|04:57:05|I|[1m[34m	--> Done[0m
|04:57:05|I|[36m---------------------------[0m
|04:57:05|I|[32m****** Reading  data ******[0m
|04:57:05|I|[32mn. 32 bit words :       800[0m
|04:57:05|I|[1m[35m>>>> Progress :  97.3% <<<<[0m
|04:57:05|I|[36m---------------------------[0m
|04:57:05|I|[1m[34m	--> VOUT_ana_ShuLDO: [1m[33m0.601 +/- 0.024[1m[34m V[0m
|04:57:05|I|[1m[34m	--> VOUT_dig_ShuLDO: [1m[33m0.652 +/- 0.026[1m[34m V[0m
|04:57:05|I|[36m---------------------------[0m
|04:57:05|I|[32m****** Reading  data ******[0m
|04:57:05|I|[32mn. 32 bit words :       800[0m
|04:57:05|I|[1m[35m>>>> Progress :  97.3% <<<<[0m
|04:57:05|I|[36m---------------------------[0m
|04:57:05|I|[1m[34m	--> ADCbandgap: [1m[33m0.451 +/- 0.018[1m[34m V[0m
|04:57:05|W|[1m[31m		--> ADC measurement in saturation (ADC = [1m[33m4095[1m[31m): likely the IMUX resistor, that converts the current into a voltage, is not connected[0m
|04:57:05|I|[1m[34m	--> Iref: [1m[33m83.880 +/- 3.355[1m[34m uA[0m
|04:57:05|I|[36m---------------------------[0m
|04:57:05|I|[32m****** Reading  data ******[0m
|04:57:05|I|[32mn. 32 bit words :       800[0m
|04:57:05|I|[1m[35m>>>> Progress :  97.3% <<<<[0m
|04:57:05|I|[36m---------------------------[0m
|04:57:06|I|[1m[34m	--> TEMPSENS_1: [1m[33m113.717 +/- 4.549[1m[34m C[0m
|04:57:06|I|[36m---------------------------[0m
|04:57:06|I|[32m****** Reading  data ******[0m
|04:57:06|I|[32mn. 32 bit words :       800[0m
|04:57:06|I|[1m[35m>>>> Progress :  97.3% <<<<[0m
|04:57:06|I|[36m---------------------------[0m
|04:57:06|I|[1m[34m	--> TEMPSENS_4: [1m[33m117.984 +/- 4.719[1m[34m C[0m
|04:57:06|I|[36m---------------------------[0m
|04:57:06|I|[32m****** Reading  data ******[0m
|04:57:06|I|[32mn. 32 bit words :       800[0m
|04:57:06|I|[1m[35m>>>> Progress :  97.3% <<<<[0m
|04:57:06|I|[36m---------------------------[0m
|04:57:06|I|[36m---------------------------[0m
|04:57:06|I|[32m****** Reading  data ******[0m
|04:57:06|I|[32mn. 32 bit words :       800[0m
|04:57:06|I|[1m[35m>>>> Progress :  97.4% <<<<[0m
|04:57:06|I|[36m---------------------------[0m
|04:57:06|I|[36m---------------------------[0m
|04:57:06|I|[32m****** Reading  data ******[0m
|04:57:06|I|[32mn. 32 bit words :       808[0m
|04:57:06|I|[1m[35m>>>> Progress :  97.4% <<<<[0m
|04:57:06|I|[36m---------------------------[0m
|04:57:06|I|[36m---------------------------[0m
|04:57:06|I|[32m****** Reading  data ******[0m
|04:57:06|I|[32mn. 32 bit words :       800[0m
|04:57:06|I|[1m[35m>>>> Progress :  97.4% <<<<[0m
|04:57:06|I|[36m---------------------------[0m
|04:57:06|I|[36m---------------------------[0m
|04:57:06|I|[32m****** Reading  data ******[0m
|04:57:06|I|[32mn. 32 bit words :       800[0m
|04:57:06|I|[1m[35m>>>> Progress :  97.4% <<<<[0m
|04:57:06|I|[36m---------------------------[0m
|04:57:06|I|[36m---------------------------[0m
|04:57:06|I|[32m****** Reading  data ******[0m
|04:57:06|I|[32mn. 32 bit words :       800[0m
|04:57:06|I|[1m[35m>>>> Progress :  97.4% <<<<[0m
|04:57:06|I|[36m---------------------------[0m
|04:57:06|I|[36m---------------------------[0m
|04:57:06|I|[32m****** Reading  data ******[0m
|04:57:06|I|[32mn. 32 bit words :       800[0m
|04:57:06|I|[1m[35m>>>> Progress :  97.4% <<<<[0m
|04:57:06|I|[36m---------------------------[0m
|04:57:06|I|[36m---------------------------[0m
|04:57:06|I|[32m****** Reading  data ******[0m
|04:57:06|I|[32mn. 32 bit words :       800[0m
|04:57:06|I|[1m[35m>>>> Progress :  97.4% <<<<[0m
|04:57:06|I|[36m---------------------------[0m
|04:57:06|I|[36m---------------------------[0m
|04:57:06|I|[32m****** Reading  data ******[0m
|04:57:06|I|[32mn. 32 bit words :       824[0m
|04:57:06|I|[1m[35m>>>> Progress :  97.4% <<<<[0m
|04:57:06|I|[36m---------------------------[0m
|04:57:06|I|[36m---------------------------[0m
|04:57:06|I|[32m****** Reading  data ******[0m
|04:57:06|I|[32mn. 32 bit words :       800[0m
|04:57:06|I|[1m[35m>>>> Progress :  97.5% <<<<[0m
|04:57:06|I|[36m---------------------------[0m
|04:57:06|I|[36m---------------------------[0m
|04:57:06|I|[32m****** Reading  data ******[0m
|04:57:06|I|[32mn. 32 bit words :       808[0m
|04:57:06|I|[1m[35m>>>> Progress :  97.5% <<<<[0m
|04:57:06|I|[36m---------------------------[0m
|04:57:06|I|[36m---------------------------[0m
|04:57:06|I|[32m****** Reading  data ******[0m
|04:57:06|I|[32mn. 32 bit words :       800[0m
|04:57:06|I|[1m[35m>>>> Progress :  97.5% <<<<[0m
|04:57:06|I|[36m---------------------------[0m
|04:57:06|I|[36m---------------------------[0m
|04:57:06|I|[32m****** Reading  data ******[0m
|04:57:06|I|[32mn. 32 bit words :       800[0m
|04:57:06|I|[1m[35m>>>> Progress :  97.5% <<<<[0m
|04:57:06|I|[36m---------------------------[0m
|04:57:06|I|[36m---------------------------[0m
|04:57:06|I|[32m****** Reading  data ******[0m
|04:57:06|I|[32mn. 32 bit words :       800[0m
|04:57:06|I|[1m[35m>>>> Progress :  97.5% <<<<[0m
|04:57:06|I|[36m---------------------------[0m
|04:57:06|I|[36m---------------------------[0m
|04:57:06|I|[32m****** Reading  data ******[0m
|04:57:06|I|[32mn. 32 bit words :       800[0m
|04:57:06|I|[1m[35m>>>> Progress :  97.5% <<<<[0m
|04:57:06|I|[36m---------------------------[0m
|04:57:06|I|[36m---------------------------[0m
|04:57:06|I|[32m****** Reading  data ******[0m
|04:57:06|I|[32mn. 32 bit words :       800[0m
|04:57:06|I|[1m[35m>>>> Progress :  97.5% <<<<[0m
|04:57:06|I|[36m---------------------------[0m
|04:57:06|I|[36m---------------------------[0m
|04:57:06|I|[32m****** Reading  data ******[0m
|04:57:06|I|[32mn. 32 bit words :       800[0m
|04:57:06|I|[1m[35m>>>> Progress :  97.5% <<<<[0m
|04:57:06|I|[36m---------------------------[0m
|04:57:06|I|[36m---------------------------[0m
|04:57:06|I|[32m****** Reading  data ******[0m
|04:57:06|I|[32mn. 32 bit words :       800[0m
|04:57:06|I|[1m[35m>>>> Progress :  97.6% <<<<[0m
|04:57:06|I|[36m---------------------------[0m
|04:57:06|I|[32mReadout chip error report for [board/opticalGroup/hybrid/chip = [1m[33m0/0/0/0[0m[32m][0m
|04:57:06|I|[1m[34mLOCKLOSS_CNT        = [1m[33m0        [0m
|04:57:06|I|[1m[34mBITFLIP_WNG_CNT     = [1m[33m0        [0m
|04:57:06|I|[1m[34mBITFLIP_ERR_CNT     = [1m[33m0        [0m
|04:57:06|I|[1m[34mCMDERR_CNT          = [1m[33m23051        [0m
|04:57:06|I|[1m[34mSKIPPED_TRIGGER_CNT = [1m[33m0        [0m
|04:57:06|I|[1m[34mHITOR_0_CNT         = [1m[33m61360        [0m
|04:57:06|I|[1m[34mHITOR_1_CNT         = [1m[33m62086        [0m
|04:57:06|I|[1m[34mHITOR_2_CNT         = [1m[33m62890        [0m
|04:57:06|I|[1m[34mHITOR_3_CNT         = [1m[33m63787        [0m
|04:57:06|I|[1m[34mBCID_CNT            = [1m[33m42980        [0m
|04:57:06|I|[1m[34mTRIG_CNT            = [1m[33m100        [0m
|04:57:06|I|[32mAverage occupancy for [board/opticalGroup/hybrid/chip = [1m[33m0/0/0/0[0m[32m] is [1m[33m0.000207[0m
|04:57:06|I|[1m[34m	--> Number of potentially [1m[33mmasked[1m[34m pixels in this iteration: [1m[33m23132[0m
|04:57:06|I|[1m[34m	--> Total number of potentially masked pixels: [1m[33m25669[0m
|04:57:06|I|[1m[35m>>> [1m[33mLATENCY_CONFIG[1m[35m value = [1m[33m150[1m[35m <<<[0m
|04:57:06|E|[1m[31mSent 100 triggers, but collected 36 events[1m[33m --> retry[0m
|04:57:06|I|[36m---------------------------[0m
|04:57:06|I|[32m****** Reading  data ******[0m
|04:57:06|I|[32mn. 32 bit words :       800[0m
|04:57:06|I|[1m[35m>>>> Progress :  97.6% <<<<[0m
|04:57:06|I|[36m---------------------------[0m
|04:57:06|I|[36m---------------------------[0m
|04:57:06|I|[32m****** Reading  data ******[0m
|04:57:06|I|[32mn. 32 bit words :       800[0m
|04:57:06|I|[1m[35m>>>> Progress :  97.6% <<<<[0m
|04:57:06|I|[36m---------------------------[0m
|04:57:06|I|[36m---------------------------[0m
|04:57:06|I|[32m****** Reading  data ******[0m
|04:57:06|I|[32mn. 32 bit words :       800[0m
|04:57:06|I|[1m[35m>>>> Progress :  97.6% <<<<[0m
|04:57:06|I|[36m---------------------------[0m
|04:57:06|I|[36m---------------------------[0m
|04:57:06|I|[32m****** Reading  data ******[0m
|04:57:06|I|[32mn. 32 bit words :       800[0m
|04:57:06|I|[1m[35m>>>> Progress :  97.6% <<<<[0m
|04:57:06|I|[36m---------------------------[0m
|04:57:06|I|[36m---------------------------[0m
|04:57:06|I|[32m****** Reading  data ******[0m
|04:57:06|I|[32mn. 32 bit words :       824[0m
|04:57:06|I|[1m[35m>>>> Progress :  97.6% <<<<[0m
|04:57:06|I|[36m---------------------------[0m
|04:57:06|I|[36m---------------------------[0m
|04:57:06|I|[32m****** Reading  data ******[0m
|04:57:06|I|[32mn. 32 bit words :       800[0m
|04:57:06|I|[1m[35m>>>> Progress :  97.6% <<<<[0m
|04:57:06|I|[36m---------------------------[0m
|04:57:06|I|[36m---------------------------[0m
|04:57:06|I|[32m****** Reading  data ******[0m
|04:57:06|I|[32mn. 32 bit words :       816[0m
|04:57:06|I|[1m[35m>>>> Progress :  97.6% <<<<[0m
|04:57:06|I|[36m---------------------------[0m
|04:57:06|I|[36m---------------------------[0m
|04:57:06|I|[32m****** Reading  data ******[0m
|04:57:06|I|[32mn. 32 bit words :       800[0m
|04:57:06|I|[1m[35m>>>> Progress :  97.7% <<<<[0m
|04:57:06|I|[36m---------------------------[0m
|04:57:06|I|[36m---------------------------[0m
|04:57:06|I|[32m****** Reading  data ******[0m
|04:57:06|I|[32mn. 32 bit words :       800[0m
|04:57:06|I|[1m[35m>>>> Progress :  97.7% <<<<[0m
|04:57:06|I|[36m---------------------------[0m
|04:57:06|I|[36m---------------------------[0m
|04:57:06|I|[32m****** Reading  data ******[0m
|04:57:06|I|[32mn. 32 bit words :       800[0m
|04:57:06|I|[1m[35m>>>> Progress :  97.7% <<<<[0m
|04:57:06|I|[36m---------------------------[0m
|04:57:06|I|[36m---------------------------[0m
|04:57:06|I|[32m****** Reading  data ******[0m
|04:57:06|I|[32mn. 32 bit words :       800[0m
|04:57:06|I|[1m[35m>>>> Progress :  97.7% <<<<[0m
|04:57:06|I|[36m---------------------------[0m
|04:57:06|I|[36m---------------------------[0m
|04:57:06|I|[32m****** Reading  data ******[0m
|04:57:06|I|[32mn. 32 bit words :       800[0m
|04:57:06|I|[1m[35m>>>> Progress :  97.7% <<<<[0m
|04:57:06|I|[36m---------------------------[0m
|04:57:06|I|[36m---------------------------[0m
|04:57:06|I|[32m****** Reading  data ******[0m
|04:57:06|I|[32mn. 32 bit words :       800[0m
|04:57:06|I|[1m[35m>>>> Progress :  97.7% <<<<[0m
|04:57:06|I|[36m---------------------------[0m
|04:57:06|I|[36m---------------------------[0m
|04:57:06|I|[32m****** Reading  data ******[0m
|04:57:06|I|[32mn. 32 bit words :       800[0m
|04:57:06|I|[1m[35m>>>> Progress :  97.7% <<<<[0m
|04:57:06|I|[36m---------------------------[0m
|04:57:06|I|[36m---------------------------[0m
|04:57:06|I|[32m****** Reading  data ******[0m
|04:57:06|I|[32mn. 32 bit words :       800[0m
|04:57:06|I|[1m[35m>>>> Progress :  97.8% <<<<[0m
|04:57:06|I|[36m---------------------------[0m
|04:57:06|I|[36m---------------------------[0m
|04:57:06|I|[32m****** Reading  data ******[0m
|04:57:06|I|[32mn. 32 bit words :       800[0m
|04:57:06|I|[1m[35m>>>> Progress :  97.8% <<<<[0m
|04:57:06|I|[36m---------------------------[0m
|04:57:06|I|[36m---------------------------[0m
|04:57:06|I|[32m****** Reading  data ******[0m
|04:57:06|I|[32mn. 32 bit words :       800[0m
|04:57:06|I|[1m[35m>>>> Progress :  97.8% <<<<[0m
|04:57:06|I|[36m---------------------------[0m
|04:57:06|I|[36m---------------------------[0m
|04:57:06|I|[32m****** Reading  data ******[0m
|04:57:06|I|[32mn. 32 bit words :       800[0m
|04:57:06|I|[1m[35m>>>> Progress :  97.8% <<<<[0m
|04:57:06|I|[36m---------------------------[0m
|04:57:06|I|[36m---------------------------[0m
|04:57:06|I|[32m****** Reading  data ******[0m
|04:57:06|I|[32mn. 32 bit words :       800[0m
|04:57:06|I|[1m[35m>>>> Progress :  97.8% <<<<[0m
|04:57:06|I|[36m---------------------------[0m
|04:57:06|I|[36m---------------------------[0m
|04:57:06|I|[32m****** Reading  data ******[0m
|04:57:06|I|[32mn. 32 bit words :       800[0m
|04:57:06|I|[1m[35m>>>> Progress :  97.8% <<<<[0m
|04:57:06|I|[36m---------------------------[0m
|04:57:06|I|[36m---------------------------[0m
|04:57:06|I|[32m****** Reading  data ******[0m
|04:57:06|I|[32mn. 32 bit words :       800[0m
|04:57:06|I|[1m[35m>>>> Progress :  97.8% <<<<[0m
|04:57:06|I|[36m---------------------------[0m
|04:57:06|I|[36m---------------------------[0m
|04:57:06|I|[32m****** Reading  data ******[0m
|04:57:06|I|[32mn. 32 bit words :       800[0m
|04:57:06|I|[1m[35m>>>> Progress :  97.8% <<<<[0m
|04:57:06|I|[36m---------------------------[0m
|04:57:06|I|[36m---------------------------[0m
|04:57:06|I|[32m****** Reading  data ******[0m
|04:57:06|I|[32mn. 32 bit words :       800[0m
|04:57:06|I|[1m[35m>>>> Progress :  97.9% <<<<[0m
|04:57:06|I|[36m---------------------------[0m
|04:57:06|I|[36m---------------------------[0m
|04:57:06|I|[32m****** Reading  data ******[0m
|04:57:06|I|[32mn. 32 bit words :       800[0m
|04:57:06|I|[1m[35m>>>> Progress :  97.9% <<<<[0m
|04:57:06|I|[36m---------------------------[0m
|04:57:06|I|[36m---------------------------[0m
|04:57:06|I|[32m****** Reading  data ******[0m
|04:57:06|I|[32mn. 32 bit words :       800[0m
|04:57:06|I|[1m[35m>>>> Progress :  97.9% <<<<[0m
|04:57:06|I|[36m---------------------------[0m
|04:57:06|I|[36m---------------------------[0m
|04:57:06|I|[32m****** Reading  data ******[0m
|04:57:06|I|[32mn. 32 bit words :       800[0m
|04:57:06|I|[1m[35m>>>> Progress :  97.9% <<<<[0m
|04:57:06|I|[36m---------------------------[0m
|04:57:06|I|[36m---------------------------[0m
|04:57:06|I|[32m****** Reading  data ******[0m
|04:57:06|I|[32mn. 32 bit words :       800[0m
|04:57:06|I|[1m[35m>>>> Progress :  97.9% <<<<[0m
|04:57:06|I|[36m---------------------------[0m
|04:57:06|I|[36m---------------------------[0m
|04:57:06|I|[32m****** Reading  data ******[0m
|04:57:06|I|[32mn. 32 bit words :       800[0m
|04:57:06|I|[1m[35m>>>> Progress :  97.9% <<<<[0m
|04:57:06|I|[36m---------------------------[0m
|04:57:06|I|[36m---------------------------[0m
|04:57:06|I|[32m****** Reading  data ******[0m
|04:57:06|I|[32mn. 32 bit words :       800[0m
|04:57:06|I|[1m[35m>>>> Progress :  97.9% <<<<[0m
|04:57:06|I|[36m---------------------------[0m
|04:57:06|I|[36m---------------------------[0m
|04:57:06|I|[32m****** Reading  data ******[0m
|04:57:06|I|[32mn. 32 bit words :       816[0m
|04:57:06|I|[1m[35m>>>> Progress :  97.9% <<<<[0m
|04:57:06|I|[36m---------------------------[0m
|04:57:06|I|[36m---------------------------[0m
|04:57:06|I|[32m****** Reading  data ******[0m
|04:57:06|I|[32mn. 32 bit words :       800[0m
|04:57:06|I|[1m[35m>>>> Progress :  98.0% <<<<[0m
|04:57:06|I|[36m---------------------------[0m
|04:57:06|I|[36m---------------------------[0m
|04:57:06|I|[32m****** Reading  data ******[0m
|04:57:06|I|[32mn. 32 bit words :       800[0m
|04:57:06|I|[1m[35m>>>> Progress :  98.0% <<<<[0m
|04:57:06|I|[36m---------------------------[0m
|04:57:06|I|[36m---------------------------[0m
|04:57:06|I|[32m****** Reading  data ******[0m
|04:57:06|I|[32mn. 32 bit words :       800[0m
|04:57:06|I|[1m[35m>>>> Progress :  98.0% <<<<[0m
|04:57:06|I|[36m---------------------------[0m
|04:57:06|I|[36m---------------------------[0m
|04:57:06|I|[32m****** Reading  data ******[0m
|04:57:06|I|[32mn. 32 bit words :       800[0m
|04:57:06|I|[1m[35m>>>> Progress :  98.0% <<<<[0m
|04:57:06|I|[36m---------------------------[0m
|04:57:06|I|[36m---------------------------[0m
|04:57:06|I|[32m****** Reading  data ******[0m
|04:57:06|I|[32mn. 32 bit words :       800[0m
|04:57:06|I|[1m[35m>>>> Progress :  98.0% <<<<[0m
|04:57:06|I|[36m---------------------------[0m
|04:57:06|I|[36m---------------------------[0m
|04:57:06|I|[32m****** Reading  data ******[0m
|04:57:06|I|[32mn. 32 bit words :       800[0m
|04:57:06|I|[1m[35m>>>> Progress :  98.0% <<<<[0m
|04:57:06|I|[36m---------------------------[0m
|04:57:06|I|[36m---------------------------[0m
|04:57:06|I|[32m****** Reading  data ******[0m
|04:57:06|I|[32mn. 32 bit words :       800[0m
|04:57:06|I|[1m[35m>>>> Progress :  98.0% <<<<[0m
|04:57:06|I|[36m---------------------------[0m
|04:57:06|I|[36m---------------------------[0m
|04:57:06|I|[32m****** Reading  data ******[0m
|04:57:06|I|[32mn. 32 bit words :       808[0m
|04:57:06|I|[1m[35m>>>> Progress :  98.0% <<<<[0m
|04:57:06|I|[36m---------------------------[0m
|04:57:06|I|[36m---------------------------[0m
|04:57:06|I|[32m****** Reading  data ******[0m
|04:57:06|I|[32mn. 32 bit words :       800[0m
|04:57:06|I|[1m[35m>>>> Progress :  98.1% <<<<[0m
|04:57:06|I|[36m---------------------------[0m
|04:57:06|I|[36m---------------------------[0m
|04:57:06|I|[32m****** Reading  data ******[0m
|04:57:06|I|[32mn. 32 bit words :       808[0m
|04:57:06|I|[1m[35m>>>> Progress :  98.1% <<<<[0m
|04:57:06|I|[36m---------------------------[0m
|04:57:06|I|[36m---------------------------[0m
|04:57:06|I|[32m****** Reading  data ******[0m
|04:57:06|I|[32mn. 32 bit words :       800[0m
|04:57:06|I|[1m[35m>>>> Progress :  98.1% <<<<[0m
|04:57:06|I|[36m---------------------------[0m
|04:57:06|I|[36m---------------------------[0m
|04:57:06|I|[32m****** Reading  data ******[0m
|04:57:06|I|[32mn. 32 bit words :       800[0m
|04:57:06|I|[1m[35m>>>> Progress :  98.1% <<<<[0m
|04:57:06|I|[36m---------------------------[0m
|04:57:06|I|[36m---------------------------[0m
|04:57:06|I|[32m****** Reading  data ******[0m
|04:57:06|I|[32mn. 32 bit words :       800[0m
|04:57:06|I|[1m[35m>>>> Progress :  98.1% <<<<[0m
|04:57:06|I|[36m---------------------------[0m
|04:57:06|I|[36m---------------------------[0m
|04:57:06|I|[32m****** Reading  data ******[0m
|04:57:06|I|[32mn. 32 bit words :       800[0m
|04:57:06|I|[1m[35m>>>> Progress :  98.1% <<<<[0m
|04:57:06|I|[36m---------------------------[0m
|04:57:06|I|[36m---------------------------[0m
|04:57:06|I|[32m****** Reading  data ******[0m
|04:57:06|I|[32mn. 32 bit words :       800[0m
|04:57:06|I|[1m[35m>>>> Progress :  98.1% <<<<[0m
|04:57:06|I|[36m---------------------------[0m
|04:57:06|I|[36m---------------------------[0m
|04:57:06|I|[32m****** Reading  data ******[0m
|04:57:06|I|[32mn. 32 bit words :       800[0m
|04:57:06|I|[1m[35m>>>> Progress :  98.1% <<<<[0m
|04:57:06|I|[36m---------------------------[0m
|04:57:06|I|[36m---------------------------[0m
|04:57:06|I|[32m****** Reading  data ******[0m
|04:57:06|I|[32mn. 32 bit words :       800[0m
|04:57:06|I|[1m[35m>>>> Progress :  98.2% <<<<[0m
|04:57:06|I|[36m---------------------------[0m
|04:57:06|I|[36m---------------------------[0m
|04:57:06|I|[32m****** Reading  data ******[0m
|04:57:06|I|[32mn. 32 bit words :       800[0m
|04:57:06|I|[1m[35m>>>> Progress :  98.2% <<<<[0m
|04:57:06|I|[36m---------------------------[0m
|04:57:06|I|[36m---------------------------[0m
|04:57:06|I|[32m****** Reading  data ******[0m
|04:57:06|I|[32mn. 32 bit words :       800[0m
|04:57:06|I|[1m[35m>>>> Progress :  98.2% <<<<[0m
|04:57:06|I|[36m---------------------------[0m
|04:57:06|I|[36m---------------------------[0m
|04:57:06|I|[32m****** Reading  data ******[0m
|04:57:06|I|[32mn. 32 bit words :       800[0m
|04:57:06|I|[1m[35m>>>> Progress :  98.2% <<<<[0m
|04:57:06|I|[36m---------------------------[0m
|04:57:06|I|[36m---------------------------[0m
|04:57:06|I|[32m****** Reading  data ******[0m
|04:57:06|I|[32mn. 32 bit words :       800[0m
|04:57:06|I|[1m[35m>>>> Progress :  98.2% <<<<[0m
|04:57:06|I|[36m---------------------------[0m
|04:57:06|I|[36m---------------------------[0m
|04:57:06|I|[32m****** Reading  data ******[0m
|04:57:06|I|[32mn. 32 bit words :       800[0m
|04:57:06|I|[1m[35m>>>> Progress :  98.2% <<<<[0m
|04:57:06|I|[36m---------------------------[0m
|04:57:06|I|[36m---------------------------[0m
|04:57:06|I|[32m****** Reading  data ******[0m
|04:57:06|I|[32mn. 32 bit words :       800[0m
|04:57:06|I|[1m[35m>>>> Progress :  98.2% <<<<[0m
|04:57:06|I|[36m---------------------------[0m
|04:57:06|I|[36m---------------------------[0m
|04:57:06|I|[32m****** Reading  data ******[0m
|04:57:06|I|[32mn. 32 bit words :       800[0m
|04:57:06|I|[1m[35m>>>> Progress :  98.2% <<<<[0m
|04:57:06|I|[36m---------------------------[0m
|04:57:06|I|[36m---------------------------[0m
|04:57:06|I|[32m****** Reading  data ******[0m
|04:57:06|I|[32mn. 32 bit words :       800[0m
|04:57:06|I|[1m[35m>>>> Progress :  98.3% <<<<[0m
|04:57:06|I|[36m---------------------------[0m
|04:57:06|I|[36m---------------------------[0m
|04:57:06|I|[32m****** Reading  data ******[0m
|04:57:06|I|[32mn. 32 bit words :       800[0m
|04:57:06|I|[1m[35m>>>> Progress :  98.3% <<<<[0m
|04:57:06|I|[36m---------------------------[0m
|04:57:06|I|[36m---------------------------[0m
|04:57:06|I|[32m****** Reading  data ******[0m
|04:57:06|I|[32mn. 32 bit words :       800[0m
|04:57:06|I|[1m[35m>>>> Progress :  98.3% <<<<[0m
|04:57:06|I|[36m---------------------------[0m
|04:57:06|I|[36m---------------------------[0m
|04:57:06|I|[32m****** Reading  data ******[0m
|04:57:06|I|[32mn. 32 bit words :       800[0m
|04:57:06|I|[1m[35m>>>> Progress :  98.3% <<<<[0m
|04:57:06|I|[36m---------------------------[0m
|04:57:06|I|[36m---------------------------[0m
|04:57:06|I|[32m****** Reading  data ******[0m
|04:57:06|I|[32mn. 32 bit words :       800[0m
|04:57:06|I|[1m[35m>>>> Progress :  98.3% <<<<[0m
|04:57:06|I|[36m---------------------------[0m
|04:57:06|I|[36m---------------------------[0m
|04:57:06|I|[32m****** Reading  data ******[0m
|04:57:06|I|[32mn. 32 bit words :       808[0m
|04:57:06|I|[1m[35m>>>> Progress :  98.3% <<<<[0m
|04:57:06|I|[36m---------------------------[0m
|04:57:06|I|[36m---------------------------[0m
|04:57:06|I|[32m****** Reading  data ******[0m
|04:57:06|I|[32mn. 32 bit words :       800[0m
|04:57:06|I|[1m[35m>>>> Progress :  98.3% <<<<[0m
|04:57:06|I|[36m---------------------------[0m
|04:57:06|I|[36m---------------------------[0m
|04:57:06|I|[32m****** Reading  data ******[0m
|04:57:06|I|[32mn. 32 bit words :       800[0m
|04:57:06|I|[1m[35m>>>> Progress :  98.3% <<<<[0m
|04:57:06|I|[36m---------------------------[0m
|04:57:06|I|[36m---------------------------[0m
|04:57:06|I|[32m****** Reading  data ******[0m
|04:57:06|I|[32mn. 32 bit words :       800[0m
|04:57:06|I|[1m[35m>>>> Progress :  98.4% <<<<[0m
|04:57:06|I|[36m---------------------------[0m
|04:57:06|I|[36m---------------------------[0m
|04:57:06|I|[32m****** Reading  data ******[0m
|04:57:06|I|[32mn. 32 bit words :       800[0m
|04:57:06|I|[1m[35m>>>> Progress :  98.4% <<<<[0m
|04:57:06|I|[36m---------------------------[0m
|04:57:06|I|[36m---------------------------[0m
|04:57:06|I|[32m****** Reading  data ******[0m
|04:57:06|I|[32mn. 32 bit words :       800[0m
|04:57:06|I|[1m[35m>>>> Progress :  98.4% <<<<[0m
|04:57:06|I|[36m---------------------------[0m
|04:57:06|I|[36m---------------------------[0m
|04:57:06|I|[32m****** Reading  data ******[0m
|04:57:06|I|[32mn. 32 bit words :       800[0m
|04:57:06|I|[1m[35m>>>> Progress :  98.4% <<<<[0m
|04:57:06|I|[36m---------------------------[0m
|04:57:06|I|[36m---------------------------[0m
|04:57:06|I|[32m****** Reading  data ******[0m
|04:57:06|I|[32mn. 32 bit words :       800[0m
|04:57:06|I|[1m[35m>>>> Progress :  98.4% <<<<[0m
|04:57:06|I|[36m---------------------------[0m
|04:57:06|I|[36m---------------------------[0m
|04:57:06|I|[32m****** Reading  data ******[0m
|04:57:06|I|[32mn. 32 bit words :       800[0m
|04:57:06|I|[1m[35m>>>> Progress :  98.4% <<<<[0m
|04:57:06|I|[36m---------------------------[0m
|04:57:06|I|[36m---------------------------[0m
|04:57:06|I|[32m****** Reading  data ******[0m
|04:57:06|I|[32mn. 32 bit words :       800[0m
|04:57:06|I|[1m[35m>>>> Progress :  98.4% <<<<[0m
|04:57:06|I|[36m---------------------------[0m
|04:57:06|I|[36m---------------------------[0m
|04:57:06|I|[32m****** Reading  data ******[0m
|04:57:06|I|[32mn. 32 bit words :       800[0m
|04:57:06|I|[1m[35m>>>> Progress :  98.5% <<<<[0m
|04:57:06|I|[36m---------------------------[0m
|04:57:06|I|[36m---------------------------[0m
|04:57:06|I|[32m****** Reading  data ******[0m
|04:57:06|I|[32mn. 32 bit words :       800[0m
|04:57:06|I|[1m[35m>>>> Progress :  98.5% <<<<[0m
|04:57:06|I|[36m---------------------------[0m
|04:57:06|I|[36m---------------------------[0m
|04:57:06|I|[32m****** Reading  data ******[0m
|04:57:06|I|[32mn. 32 bit words :       800[0m
|04:57:06|I|[1m[35m>>>> Progress :  98.5% <<<<[0m
|04:57:06|I|[36m---------------------------[0m
|04:57:06|I|[36m---------------------------[0m
|04:57:06|I|[32m****** Reading  data ******[0m
|04:57:06|I|[32mn. 32 bit words :       800[0m
|04:57:06|I|[1m[35m>>>> Progress :  98.5% <<<<[0m
|04:57:06|I|[36m---------------------------[0m
|04:57:07|I|[36m---------------------------[0m
|04:57:07|I|[32m****** Reading  data ******[0m
|04:57:07|I|[32mn. 32 bit words :       800[0m
|04:57:07|I|[1m[35m>>>> Progress :  98.5% <<<<[0m
|04:57:07|I|[36m---------------------------[0m
|04:57:07|I|[36m---------------------------[0m
|04:57:07|I|[32m****** Reading  data ******[0m
|04:57:07|I|[32mn. 32 bit words :       808[0m
|04:57:07|I|[1m[35m>>>> Progress :  98.5% <<<<[0m
|04:57:07|I|[36m---------------------------[0m
|04:57:07|I|[36m---------------------------[0m
|04:57:07|I|[32m****** Reading  data ******[0m
|04:57:07|I|[32mn. 32 bit words :       800[0m
|04:57:07|I|[1m[35m>>>> Progress :  98.5% <<<<[0m
|04:57:07|I|[36m---------------------------[0m
|04:57:07|I|[36m---------------------------[0m
|04:57:07|I|[32m****** Reading  data ******[0m
|04:57:07|I|[32mn. 32 bit words :       800[0m
|04:57:07|I|[1m[35m>>>> Progress :  98.5% <<<<[0m
|04:57:07|I|[36m---------------------------[0m
|04:57:07|I|[36m---------------------------[0m
|04:57:07|I|[32m****** Reading  data ******[0m
|04:57:07|I|[32mn. 32 bit words :       800[0m
|04:57:07|I|[1m[35m>>>> Progress :  98.6% <<<<[0m
|04:57:07|I|[36m---------------------------[0m
|04:57:07|I|[32mMonitor data for [board/opticalGroup/hybrid/chip = [1m[33m0/0/0/0[0m[32m][0m
|04:57:07|I|[36m---------------------------[0m
|04:57:07|I|[32m****** Reading  data ******[0m
|04:57:07|I|[32mn. 32 bit words :       800[0m
|04:57:07|I|[1m[35m>>>> Progress :  98.6% <<<<[0m
|04:57:07|I|[36m---------------------------[0m
|04:57:07|W|[1m[31m		--> Very low voltage: either floating VDD sense-line or FMC not powered (voltage = [1m[33m0.000[1m[31m)[0m
|04:57:07|I|[1m[34m	--> Hybrid voltage: [1m[33m0.000[1m[34m V (corresponds to half VOUT_dig_ShuLDO of the chip)[0m
|04:57:07|I|[1m[34m	--> Hybrid temperature: [1m[33m-273.150[1m[34m C[0m
|04:57:07|I|[1m[34m	--> VOUT_ana_ShuLDO: [1m[33m0.600 +/- 0.024[1m[34m V[0m
|04:57:07|I|[1m[34m	--> VOUT_dig_ShuLDO: [1m[33m0.652 +/- 0.026[1m[34m V[0m
|04:57:07|I|[1m[34m	--> ADCbandgap: [1m[33m0.451 +/- 0.018[1m[34m V[0m
|04:57:07|W|[1m[31m		--> ADC measurement in saturation (ADC = [1m[33m4095[1m[31m): likely the IMUX resistor, that converts the current into a voltage, is not connected[0m
|04:57:07|I|[1m[34m	--> Iref: [1m[33m83.880 +/- 3.355[1m[34m uA[0m
|04:57:07|I|[1m[34m	--> TEMPSENS_1: [1m[33m113.717 +/- 4.549[1m[34m C[0m
|04:57:07|I|[1m[34m	--> TEMPSENS_4: [1m[33m117.984 +/- 4.719[1m[34m C[0m
|04:57:07|I|[1m[34m	--> Done[0m
|04:57:07|I|[36m---------------------------[0m
|04:57:07|I|[32m****** Reading  data ******[0m
|04:57:07|I|[32mn. 32 bit words :       800[0m
|04:57:07|I|[1m[35m>>>> Progress :  98.6% <<<<[0m
|04:57:07|I|[36m---------------------------[0m
|04:57:07|E|[1m[31mWrite-command FIFO not empty[0m
|04:57:07|I|[1m[34m	--> VOUT_ana_ShuLDO: [1m[33m0.600 +/- 0.024[1m[34m V[0m
|04:57:07|I|[36m---------------------------[0m
|04:57:07|I|[32m****** Reading  data ******[0m
|04:57:07|I|[32mn. 32 bit words :       800[0m
|04:57:07|I|[1m[35m>>>> Progress :  98.6% <<<<[0m
|04:57:07|I|[36m---------------------------[0m
|04:57:07|I|[1m[34m	--> VOUT_dig_ShuLDO: [1m[33m0.652 +/- 0.026[1m[34m V[0m
|04:57:07|I|[1m[34m	--> ADCbandgap: [1m[33m0.451 +/- 0.018[1m[34m V[0m
|04:57:07|I|[36m---------------------------[0m
|04:57:07|I|[32m****** Reading  data ******[0m
|04:57:07|I|[32mn. 32 bit words :       800[0m
|04:57:07|I|[1m[35m>>>> Progress :  98.6% <<<<[0m
|04:57:07|I|[36m---------------------------[0m
|04:57:07|W|[1m[31m		--> ADC measurement in saturation (ADC = [1m[33m4095[1m[31m): likely the IMUX resistor, that converts the current into a voltage, is not connected[0m
|04:57:07|I|[1m[34m	--> Iref: [1m[33m83.880 +/- 3.355[1m[34m uA[0m
|04:57:07|I|[1m[34m	--> TEMPSENS_1: [1m[33m113.717 +/- 4.549[1m[34m C[0m
|04:57:07|I|[36m---------------------------[0m
|04:57:07|I|[32m****** Reading  data ******[0m
|04:57:07|I|[32mn. 32 bit words :       800[0m
|04:57:07|I|[1m[35m>>>> Progress :  98.6% <<<<[0m
|04:57:07|I|[36m---------------------------[0m
|04:57:07|I|[1m[34m	--> TEMPSENS_4: [1m[33m117.984 +/- 4.719[1m[34m C[0m
|04:57:07|I|[36m---------------------------[0m
|04:57:07|I|[32m****** Reading  data ******[0m
|04:57:07|I|[32mn. 32 bit words :       800[0m
|04:57:07|I|[1m[35m>>>> Progress :  98.6% <<<<[0m
|04:57:07|I|[36m---------------------------[0m
|04:57:07|I|[36m---------------------------[0m
|04:57:07|I|[32m****** Reading  data ******[0m
|04:57:07|I|[32mn. 32 bit words :       800[0m
|04:57:07|I|[1m[35m>>>> Progress :  98.6% <<<<[0m
|04:57:07|I|[36m---------------------------[0m
|04:57:07|I|[36m---------------------------[0m
|04:57:07|I|[32m****** Reading  data ******[0m
|04:57:07|I|[32mn. 32 bit words :       800[0m
|04:57:07|I|[1m[35m>>>> Progress :  98.7% <<<<[0m
|04:57:07|I|[36m---------------------------[0m
|04:57:07|I|[36m---------------------------[0m
|04:57:07|I|[32m****** Reading  data ******[0m
|04:57:07|I|[32mn. 32 bit words :       800[0m
|04:57:07|I|[1m[35m>>>> Progress :  98.7% <<<<[0m
|04:57:07|I|[36m---------------------------[0m
|04:57:07|I|[36m---------------------------[0m
|04:57:07|I|[32m****** Reading  data ******[0m
|04:57:07|I|[32mn. 32 bit words :       800[0m
|04:57:07|I|[1m[35m>>>> Progress :  98.7% <<<<[0m
|04:57:07|I|[36m---------------------------[0m
|04:57:07|I|[36m---------------------------[0m
|04:57:07|I|[32m****** Reading  data ******[0m
|04:57:07|I|[32mn. 32 bit words :       800[0m
|04:57:07|I|[1m[35m>>>> Progress :  98.7% <<<<[0m
|04:57:07|I|[36m---------------------------[0m
|04:57:07|I|[36m---------------------------[0m
|04:57:07|I|[32m****** Reading  data ******[0m
|04:57:07|I|[32mn. 32 bit words :       800[0m
|04:57:07|I|[1m[35m>>>> Progress :  98.7% <<<<[0m
|04:57:07|I|[36m---------------------------[0m
|04:57:07|I|[36m---------------------------[0m
|04:57:07|I|[32m****** Reading  data ******[0m
|04:57:07|I|[32mn. 32 bit words :       800[0m
|04:57:07|I|[1m[35m>>>> Progress :  98.7% <<<<[0m
|04:57:07|I|[36m---------------------------[0m
|04:57:07|I|[36m---------------------------[0m
|04:57:07|I|[32m****** Reading  data ******[0m
|04:57:07|I|[32mn. 32 bit words :       800[0m
|04:57:07|I|[1m[35m>>>> Progress :  98.7% <<<<[0m
|04:57:07|I|[36m---------------------------[0m
|04:57:07|I|[36m---------------------------[0m
|04:57:07|I|[32m****** Reading  data ******[0m
|04:57:07|I|[32mn. 32 bit words :       800[0m
|04:57:07|I|[1m[35m>>>> Progress :  98.7% <<<<[0m
|04:57:07|I|[36m---------------------------[0m
|04:57:07|I|[36m---------------------------[0m
|04:57:07|I|[32m****** Reading  data ******[0m
|04:57:07|I|[32mn. 32 bit words :       800[0m
|04:57:07|I|[1m[35m>>>> Progress :  98.8% <<<<[0m
|04:57:07|I|[36m---------------------------[0m
|04:57:07|I|[36m---------------------------[0m
|04:57:07|I|[32m****** Reading  data ******[0m
|04:57:07|I|[32mn. 32 bit words :       800[0m
|04:57:07|I|[1m[35m>>>> Progress :  98.8% <<<<[0m
|04:57:07|I|[36m---------------------------[0m
|04:57:07|I|[36m---------------------------[0m
|04:57:07|I|[32m****** Reading  data ******[0m
|04:57:07|I|[32mn. 32 bit words :       800[0m
|04:57:07|I|[1m[35m>>>> Progress :  98.8% <<<<[0m
|04:57:07|I|[36m---------------------------[0m
|04:57:07|I|[36m---------------------------[0m
|04:57:07|I|[32m****** Reading  data ******[0m
|04:57:07|I|[32mn. 32 bit words :       800[0m
|04:57:07|I|[1m[35m>>>> Progress :  98.8% <<<<[0m
|04:57:07|I|[36m---------------------------[0m
|04:57:08|I|[36m---------------------------[0m
|04:57:08|I|[32m****** Reading  data ******[0m
|04:57:08|I|[32mn. 32 bit words :       800[0m
|04:57:08|I|[1m[35m>>>> Progress :  98.8% <<<<[0m
|04:57:08|I|[36m---------------------------[0m
|04:57:08|I|[36m---------------------------[0m
|04:57:08|I|[32m****** Reading  data ******[0m
|04:57:08|I|[32mn. 32 bit words :       800[0m
|04:57:08|I|[1m[35m>>>> Progress :  98.8% <<<<[0m
|04:57:08|I|[36m---------------------------[0m
|04:57:08|I|[36m---------------------------[0m
|04:57:08|I|[32m****** Reading  data ******[0m
|04:57:08|I|[32mn. 32 bit words :       800[0m
|04:57:08|I|[1m[35m>>>> Progress :  98.8% <<<<[0m
|04:57:08|I|[36m---------------------------[0m
|04:57:08|I|[36m---------------------------[0m
|04:57:08|I|[32m****** Reading  data ******[0m
|04:57:08|I|[32mn. 32 bit words :       800[0m
|04:57:08|I|[1m[35m>>>> Progress :  98.8% <<<<[0m
|04:57:08|I|[36m---------------------------[0m
|04:57:08|I|[36m---------------------------[0m
|04:57:08|I|[32m****** Reading  data ******[0m
|04:57:08|I|[32mn. 32 bit words :       800[0m
|04:57:08|I|[1m[35m>>>> Progress :  98.9% <<<<[0m
|04:57:08|I|[36m---------------------------[0m
|04:57:08|I|[36m---------------------------[0m
|04:57:08|I|[32m****** Reading  data ******[0m
|04:57:08|I|[32mn. 32 bit words :       800[0m
|04:57:08|I|[1m[35m>>>> Progress :  98.9% <<<<[0m
|04:57:08|I|[36m---------------------------[0m
|04:57:08|I|[36m---------------------------[0m
|04:57:08|I|[32m****** Reading  data ******[0m
|04:57:08|I|[32mn. 32 bit words :       800[0m
|04:57:08|I|[1m[35m>>>> Progress :  98.9% <<<<[0m
|04:57:08|I|[36m---------------------------[0m
|04:57:08|I|[36m---------------------------[0m
|04:57:08|I|[32m****** Reading  data ******[0m
|04:57:08|I|[32mn. 32 bit words :       800[0m
|04:57:08|I|[1m[35m>>>> Progress :  98.9% <<<<[0m
|04:57:08|I|[36m---------------------------[0m
|04:57:08|I|[36m---------------------------[0m
|04:57:08|I|[32m****** Reading  data ******[0m
|04:57:08|I|[32mn. 32 bit words :       800[0m
|04:57:08|I|[1m[35m>>>> Progress :  98.9% <<<<[0m
|04:57:08|I|[36m---------------------------[0m
|04:57:08|I|[36m---------------------------[0m
|04:57:08|I|[32m****** Reading  data ******[0m
|04:57:08|I|[32mn. 32 bit words :       800[0m
|04:57:08|I|[1m[35m>>>> Progress :  98.9% <<<<[0m
|04:57:08|I|[36m---------------------------[0m
|04:57:08|I|[36m---------------------------[0m
|04:57:08|I|[32m****** Reading  data ******[0m
|04:57:08|I|[32mn. 32 bit words :       800[0m
|04:57:08|I|[1m[35m>>>> Progress :  98.9% <<<<[0m
|04:57:08|I|[36m---------------------------[0m
|04:57:08|I|[36m---------------------------[0m
|04:57:08|I|[32m****** Reading  data ******[0m
|04:57:08|I|[32mn. 32 bit words :       800[0m
|04:57:08|I|[1m[35m>>>> Progress :  98.9% <<<<[0m
|04:57:08|I|[36m---------------------------[0m
|04:57:08|I|[36m---------------------------[0m
|04:57:08|I|[32m****** Reading  data ******[0m
|04:57:08|I|[32mn. 32 bit words :       800[0m
|04:57:08|I|[1m[35m>>>> Progress :  99.0% <<<<[0m
|04:57:08|I|[36m---------------------------[0m
|04:57:08|I|[36m---------------------------[0m
|04:57:08|I|[32m****** Reading  data ******[0m
|04:57:08|I|[32mn. 32 bit words :       800[0m
|04:57:08|I|[1m[35m>>>> Progress :  99.0% <<<<[0m
|04:57:08|I|[36m---------------------------[0m
|04:57:08|I|[36m---------------------------[0m
|04:57:08|I|[32m****** Reading  data ******[0m
|04:57:08|I|[32mn. 32 bit words :       800[0m
|04:57:08|I|[1m[35m>>>> Progress :  99.0% <<<<[0m
|04:57:08|I|[36m---------------------------[0m
|04:57:08|I|[36m---------------------------[0m
|04:57:08|I|[32m****** Reading  data ******[0m
|04:57:08|I|[32mn. 32 bit words :       808[0m
|04:57:08|I|[1m[35m>>>> Progress :  99.0% <<<<[0m
|04:57:08|I|[36m---------------------------[0m
|04:57:08|I|[36m---------------------------[0m
|04:57:08|I|[32m****** Reading  data ******[0m
|04:57:08|I|[32mn. 32 bit words :       800[0m
|04:57:08|I|[1m[35m>>>> Progress :  99.0% <<<<[0m
|04:57:08|I|[36m---------------------------[0m
|04:57:08|I|[36m---------------------------[0m
|04:57:08|I|[32m****** Reading  data ******[0m
|04:57:08|I|[32mn. 32 bit words :       800[0m
|04:57:08|I|[1m[35m>>>> Progress :  99.0% <<<<[0m
|04:57:08|I|[36m---------------------------[0m
|04:57:08|I|[36m---------------------------[0m
|04:57:08|I|[32m****** Reading  data ******[0m
|04:57:08|I|[32mn. 32 bit words :       800[0m
|04:57:08|I|[1m[35m>>>> Progress :  99.0% <<<<[0m
|04:57:08|I|[36m---------------------------[0m
|04:57:08|I|[36m---------------------------[0m
|04:57:08|I|[32m****** Reading  data ******[0m
|04:57:08|I|[32mn. 32 bit words :       816[0m
|04:57:08|I|[1m[35m>>>> Progress :  99.0% <<<<[0m
|04:57:08|I|[36m---------------------------[0m
|04:57:08|I|[36m---------------------------[0m
|04:57:08|I|[32m****** Reading  data ******[0m
|04:57:08|I|[32mn. 32 bit words :       800[0m
|04:57:08|I|[1m[35m>>>> Progress :  99.1% <<<<[0m
|04:57:08|I|[36m---------------------------[0m
|04:57:08|I|[36m---------------------------[0m
|04:57:08|I|[32m****** Reading  data ******[0m
|04:57:08|I|[32mn. 32 bit words :       800[0m
|04:57:08|I|[1m[35m>>>> Progress :  99.1% <<<<[0m
|04:57:08|I|[36m---------------------------[0m
|04:57:08|I|[36m---------------------------[0m
|04:57:08|I|[32m****** Reading  data ******[0m
|04:57:08|I|[32mn. 32 bit words :       800[0m
|04:57:08|I|[1m[35m>>>> Progress :  99.1% <<<<[0m
|04:57:08|I|[36m---------------------------[0m
|04:57:08|I|[36m---------------------------[0m
|04:57:08|I|[32m****** Reading  data ******[0m
|04:57:08|I|[32mn. 32 bit words :       808[0m
|04:57:08|I|[1m[35m>>>> Progress :  99.1% <<<<[0m
|04:57:08|I|[36m---------------------------[0m
|04:57:08|I|[36m---------------------------[0m
|04:57:08|I|[32m****** Reading  data ******[0m
|04:57:08|I|[32mn. 32 bit words :       800[0m
|04:57:08|I|[1m[35m>>>> Progress :  99.1% <<<<[0m
|04:57:08|I|[36m---------------------------[0m
|04:57:08|I|[36m---------------------------[0m
|04:57:08|I|[32m****** Reading  data ******[0m
|04:57:08|I|[32mn. 32 bit words :       824[0m
|04:57:08|I|[1m[35m>>>> Progress :  99.1% <<<<[0m
|04:57:08|I|[36m---------------------------[0m
|04:57:08|I|[36m---------------------------[0m
|04:57:08|I|[32m****** Reading  data ******[0m
|04:57:08|I|[32mn. 32 bit words :       800[0m
|04:57:08|I|[1m[35m>>>> Progress :  99.1% <<<<[0m
|04:57:08|I|[36m---------------------------[0m
|04:57:08|I|[36m---------------------------[0m
|04:57:08|I|[32m****** Reading  data ******[0m
|04:57:08|I|[32mn. 32 bit words :       808[0m
|04:57:08|I|[1m[35m>>>> Progress :  99.1% <<<<[0m
|04:57:08|I|[36m---------------------------[0m
|04:57:08|I|[36m---------------------------[0m
|04:57:08|I|[32m****** Reading  data ******[0m
|04:57:08|I|[32mn. 32 bit words :       800[0m
|04:57:08|I|[1m[35m>>>> Progress :  99.2% <<<<[0m
|04:57:08|I|[36m---------------------------[0m
|04:57:08|I|[36m---------------------------[0m
|04:57:08|I|[32m****** Reading  data ******[0m
|04:57:08|I|[32mn. 32 bit words :       832[0m
|04:57:08|I|[1m[35m>>>> Progress :  99.2% <<<<[0m
|04:57:08|I|[36m---------------------------[0m
|04:57:08|I|[36m---------------------------[0m
|04:57:08|I|[32m****** Reading  data ******[0m
|04:57:08|I|[32mn. 32 bit words :       800[0m
|04:57:08|I|[1m[35m>>>> Progress :  99.2% <<<<[0m
|04:57:08|I|[36m---------------------------[0m
|04:57:08|I|[36m---------------------------[0m
|04:57:08|I|[32m****** Reading  data ******[0m
|04:57:08|I|[32mn. 32 bit words :       832[0m
|04:57:08|I|[1m[35m>>>> Progress :  99.2% <<<<[0m
|04:57:08|I|[36m---------------------------[0m
|04:57:08|I|[36m---------------------------[0m
|04:57:08|I|[32m****** Reading  data ******[0m
|04:57:08|I|[32mn. 32 bit words :       800[0m
|04:57:08|I|[1m[35m>>>> Progress :  99.2% <<<<[0m
|04:57:08|I|[36m---------------------------[0m
|04:57:08|I|[36m---------------------------[0m
|04:57:08|I|[32m****** Reading  data ******[0m
|04:57:08|I|[32mn. 32 bit words :       800[0m
|04:57:08|I|[1m[35m>>>> Progress :  99.2% <<<<[0m
|04:57:08|I|[36m---------------------------[0m
|04:57:08|I|[36m---------------------------[0m
|04:57:08|I|[32m****** Reading  data ******[0m
|04:57:08|I|[32mn. 32 bit words :       800[0m
|04:57:08|I|[1m[35m>>>> Progress :  99.2% <<<<[0m
|04:57:08|I|[36m---------------------------[0m
|04:57:08|I|[36m---------------------------[0m
|04:57:08|I|[32m****** Reading  data ******[0m
|04:57:08|I|[32mn. 32 bit words :       800[0m
|04:57:08|I|[1m[35m>>>> Progress :  99.3% <<<<[0m
|04:57:08|I|[36m---------------------------[0m
|04:57:08|I|[36m---------------------------[0m
|04:57:08|I|[32m****** Reading  data ******[0m
|04:57:08|I|[32mn. 32 bit words :       800[0m
|04:57:08|I|[1m[35m>>>> Progress :  99.3% <<<<[0m
|04:57:08|I|[36m---------------------------[0m
|04:57:08|I|[36m---------------------------[0m
|04:57:08|I|[32m****** Reading  data ******[0m
|04:57:08|I|[32mn. 32 bit words :       808[0m
|04:57:08|I|[1m[35m>>>> Progress :  99.3% <<<<[0m
|04:57:08|I|[36m---------------------------[0m
|04:57:08|I|[36m---------------------------[0m
|04:57:08|I|[32m****** Reading  data ******[0m
|04:57:08|I|[32mn. 32 bit words :       800[0m
|04:57:08|I|[1m[35m>>>> Progress :  99.3% <<<<[0m
|04:57:08|I|[36m---------------------------[0m
|04:57:08|I|[36m---------------------------[0m
|04:57:08|I|[32m****** Reading  data ******[0m
|04:57:08|I|[32mn. 32 bit words :       800[0m
|04:57:08|I|[1m[35m>>>> Progress :  99.3% <<<<[0m
|04:57:08|I|[36m---------------------------[0m
|04:57:08|I|[36m---------------------------[0m
|04:57:08|I|[32m****** Reading  data ******[0m
|04:57:08|I|[32mn. 32 bit words :       800[0m
|04:57:08|I|[1m[35m>>>> Progress :  99.3% <<<<[0m
|04:57:08|I|[36m---------------------------[0m
|04:57:08|I|[36m---------------------------[0m
|04:57:08|I|[32m****** Reading  data ******[0m
|04:57:08|I|[32mn. 32 bit words :       816[0m
|04:57:08|I|[1m[35m>>>> Progress :  99.3% <<<<[0m
|04:57:08|I|[36m---------------------------[0m
|04:57:08|I|[36m---------------------------[0m
|04:57:08|I|[32m****** Reading  data ******[0m
|04:57:08|I|[32mn. 32 bit words :       800[0m
|04:57:08|I|[1m[35m>>>> Progress :  99.3% <<<<[0m
|04:57:08|I|[36m---------------------------[0m
|04:57:08|I|[36m---------------------------[0m
|04:57:08|I|[32m****** Reading  data ******[0m
|04:57:08|I|[32mn. 32 bit words :       800[0m
|04:57:08|I|[1m[35m>>>> Progress :  99.4% <<<<[0m
|04:57:08|I|[36m---------------------------[0m
|04:57:08|I|[36m---------------------------[0m
|04:57:08|I|[32m****** Reading  data ******[0m
|04:57:08|I|[32mn. 32 bit words :       800[0m
|04:57:08|I|[1m[35m>>>> Progress :  99.4% <<<<[0m
|04:57:08|I|[36m---------------------------[0m
|04:57:08|I|[36m---------------------------[0m
|04:57:08|I|[32m****** Reading  data ******[0m
|04:57:08|I|[32mn. 32 bit words :       800[0m
|04:57:08|I|[1m[35m>>>> Progress :  99.4% <<<<[0m
|04:57:08|I|[36m---------------------------[0m
|04:57:08|I|[36m---------------------------[0m
|04:57:08|I|[32m****** Reading  data ******[0m
|04:57:08|I|[32mn. 32 bit words :       800[0m
|04:57:08|I|[1m[35m>>>> Progress :  99.4% <<<<[0m
|04:57:08|I|[36m---------------------------[0m
|04:57:08|I|[36m---------------------------[0m
|04:57:08|I|[32m****** Reading  data ******[0m
|04:57:08|I|[32mn. 32 bit words :       808[0m
|04:57:08|I|[1m[35m>>>> Progress :  99.4% <<<<[0m
|04:57:08|I|[36m---------------------------[0m
|04:57:08|I|[36m---------------------------[0m
|04:57:08|I|[32m****** Reading  data ******[0m
|04:57:08|I|[32mn. 32 bit words :       800[0m
|04:57:08|I|[1m[35m>>>> Progress :  99.4% <<<<[0m
|04:57:08|I|[36m---------------------------[0m
|04:57:08|I|[36m---------------------------[0m
|04:57:08|I|[32m****** Reading  data ******[0m
|04:57:08|I|[32mn. 32 bit words :       800[0m
|04:57:08|I|[1m[35m>>>> Progress :  99.4% <<<<[0m
|04:57:08|I|[36m---------------------------[0m
|04:57:08|I|[36m---------------------------[0m
|04:57:08|I|[32m****** Reading  data ******[0m
|04:57:08|I|[32mn. 32 bit words :       800[0m
|04:57:08|I|[1m[35m>>>> Progress :  99.4% <<<<[0m
|04:57:08|I|[36m---------------------------[0m
|04:57:08|I|[36m---------------------------[0m
|04:57:08|I|[32m****** Reading  data ******[0m
|04:57:08|I|[32mn. 32 bit words :       800[0m
|04:57:08|I|[1m[35m>>>> Progress :  99.5% <<<<[0m
|04:57:08|I|[36m---------------------------[0m
|04:57:08|I|[36m---------------------------[0m
|04:57:08|I|[32m****** Reading  data ******[0m
|04:57:08|I|[32mn. 32 bit words :       800[0m
|04:57:08|I|[1m[35m>>>> Progress :  99.5% <<<<[0m
|04:57:08|I|[36m---------------------------[0m
|04:57:08|I|[36m---------------------------[0m
|04:57:08|I|[32m****** Reading  data ******[0m
|04:57:08|I|[32mn. 32 bit words :       800[0m
|04:57:08|I|[1m[35m>>>> Progress :  99.5% <<<<[0m
|04:57:08|I|[36m---------------------------[0m
|04:57:08|I|[36m---------------------------[0m
|04:57:08|I|[32m****** Reading  data ******[0m
|04:57:08|I|[32mn. 32 bit words :       800[0m
|04:57:08|I|[1m[35m>>>> Progress :  99.5% <<<<[0m
|04:57:08|I|[36m---------------------------[0m
|04:57:08|I|[36m---------------------------[0m
|04:57:08|I|[32m****** Reading  data ******[0m
|04:57:08|I|[32mn. 32 bit words :       800[0m
|04:57:08|I|[1m[35m>>>> Progress :  99.5% <<<<[0m
|04:57:08|I|[36m---------------------------[0m
|04:57:08|I|[36m---------------------------[0m
|04:57:08|I|[32m****** Reading  data ******[0m
|04:57:08|I|[32mn. 32 bit words :       800[0m
|04:57:08|I|[1m[35m>>>> Progress :  99.5% <<<<[0m
|04:57:08|I|[36m---------------------------[0m
|04:57:08|I|[36m---------------------------[0m
|04:57:08|I|[32m****** Reading  data ******[0m
|04:57:08|I|[32mn. 32 bit words :       800[0m
|04:57:08|I|[1m[35m>>>> Progress :  99.5% <<<<[0m
|04:57:08|I|[36m---------------------------[0m
|04:57:08|I|[36m---------------------------[0m
|04:57:08|I|[32m****** Reading  data ******[0m
|04:57:08|I|[32mn. 32 bit words :       800[0m
|04:57:08|I|[1m[35m>>>> Progress :  99.5% <<<<[0m
|04:57:08|I|[36m---------------------------[0m
|04:57:08|I|[36m---------------------------[0m
|04:57:08|I|[32m****** Reading  data ******[0m
|04:57:08|I|[32mn. 32 bit words :       800[0m
|04:57:08|I|[1m[35m>>>> Progress :  99.6% <<<<[0m
|04:57:08|I|[36m---------------------------[0m
|04:57:08|I|[36m---------------------------[0m
|04:57:08|I|[32m****** Reading  data ******[0m
|04:57:08|I|[32mn. 32 bit words :       800[0m
|04:57:08|I|[1m[35m>>>> Progress :  99.6% <<<<[0m
|04:57:08|I|[36m---------------------------[0m
|04:57:08|I|[36m---------------------------[0m
|04:57:08|I|[32m****** Reading  data ******[0m
|04:57:08|I|[32mn. 32 bit words :       800[0m
|04:57:08|I|[1m[35m>>>> Progress :  99.6% <<<<[0m
|04:57:08|I|[36m---------------------------[0m
|04:57:08|I|[36m---------------------------[0m
|04:57:08|I|[32m****** Reading  data ******[0m
|04:57:08|I|[32mn. 32 bit words :       800[0m
|04:57:08|I|[1m[35m>>>> Progress :  99.6% <<<<[0m
|04:57:08|I|[36m---------------------------[0m
|04:57:08|I|[36m---------------------------[0m
|04:57:08|I|[32m****** Reading  data ******[0m
|04:57:08|I|[32mn. 32 bit words :       800[0m
|04:57:08|I|[1m[35m>>>> Progress :  99.6% <<<<[0m
|04:57:08|I|[36m---------------------------[0m
|04:57:08|I|[36m---------------------------[0m
|04:57:08|I|[32m****** Reading  data ******[0m
|04:57:08|I|[32mn. 32 bit words :       800[0m
|04:57:08|I|[1m[35m>>>> Progress :  99.6% <<<<[0m
|04:57:08|I|[36m---------------------------[0m
|04:57:08|I|[36m---------------------------[0m
|04:57:08|I|[32m****** Reading  data ******[0m
|04:57:08|I|[32mn. 32 bit words :       800[0m
|04:57:08|I|[1m[35m>>>> Progress :  99.6% <<<<[0m
|04:57:08|I|[36m---------------------------[0m
|04:57:08|I|[36m---------------------------[0m
|04:57:08|I|[32m****** Reading  data ******[0m
|04:57:08|I|[32mn. 32 bit words :       800[0m
|04:57:08|I|[1m[35m>>>> Progress :  99.6% <<<<[0m
|04:57:08|I|[36m---------------------------[0m
|04:57:08|I|[36m---------------------------[0m
|04:57:08|I|[32m****** Reading  data ******[0m
|04:57:08|I|[32mn. 32 bit words :       800[0m
|04:57:08|I|[1m[35m>>>> Progress :  99.7% <<<<[0m
|04:57:08|I|[36m---------------------------[0m
|04:57:08|I|[36m---------------------------[0m
|04:57:08|I|[32m****** Reading  data ******[0m
|04:57:08|I|[32mn. 32 bit words :       800[0m
|04:57:08|I|[1m[35m>>>> Progress :  99.7% <<<<[0m
|04:57:08|I|[36m---------------------------[0m
|04:57:08|I|[36m---------------------------[0m
|04:57:08|I|[32m****** Reading  data ******[0m
|04:57:08|I|[32mn. 32 bit words :       800[0m
|04:57:08|I|[1m[35m>>>> Progress :  99.7% <<<<[0m
|04:57:08|I|[36m---------------------------[0m
|04:57:08|I|[36m---------------------------[0m
|04:57:08|I|[32m****** Reading  data ******[0m
|04:57:08|I|[32mn. 32 bit words :       808[0m
|04:57:08|I|[1m[35m>>>> Progress :  99.7% <<<<[0m
|04:57:08|I|[36m---------------------------[0m
|04:57:08|I|[36m---------------------------[0m
|04:57:08|I|[32m****** Reading  data ******[0m
|04:57:08|I|[32mn. 32 bit words :       800[0m
|04:57:08|I|[1m[35m>>>> Progress :  99.7% <<<<[0m
|04:57:08|I|[36m---------------------------[0m
|04:57:08|I|[36m---------------------------[0m
|04:57:08|I|[32m****** Reading  data ******[0m
|04:57:08|I|[32mn. 32 bit words :       800[0m
|04:57:08|I|[1m[35m>>>> Progress :  99.7% <<<<[0m
|04:57:08|I|[36m---------------------------[0m
|04:57:08|I|[36m---------------------------[0m
|04:57:08|I|[32m****** Reading  data ******[0m
|04:57:08|I|[32mn. 32 bit words :       800[0m
|04:57:08|I|[1m[35m>>>> Progress :  99.7% <<<<[0m
|04:57:08|I|[36m---------------------------[0m
|04:57:08|I|[36m---------------------------[0m
|04:57:08|I|[32m****** Reading  data ******[0m
|04:57:08|I|[32mn. 32 bit words :       800[0m
|04:57:08|I|[1m[35m>>>> Progress :  99.7% <<<<[0m
|04:57:08|I|[36m---------------------------[0m
|04:57:08|I|[36m---------------------------[0m
|04:57:08|I|[32m****** Reading  data ******[0m
|04:57:08|I|[32mn. 32 bit words :       800[0m
|04:57:08|I|[1m[35m>>>> Progress :  99.8% <<<<[0m
|04:57:08|I|[36m---------------------------[0m
|04:57:08|I|[36m---------------------------[0m
|04:57:08|I|[32m****** Reading  data ******[0m
|04:57:08|I|[32mn. 32 bit words :       816[0m
|04:57:08|I|[1m[35m>>>> Progress :  99.8% <<<<[0m
|04:57:08|I|[36m---------------------------[0m
|04:57:08|I|[36m---------------------------[0m
|04:57:08|I|[32m****** Reading  data ******[0m
|04:57:08|I|[32mn. 32 bit words :       800[0m
|04:57:08|I|[1m[35m>>>> Progress :  99.8% <<<<[0m
|04:57:08|I|[36m---------------------------[0m
|04:57:08|I|[36m---------------------------[0m
|04:57:08|I|[32m****** Reading  data ******[0m
|04:57:08|I|[32mn. 32 bit words :       816[0m
|04:57:08|I|[1m[35m>>>> Progress :  99.8% <<<<[0m
|04:57:08|I|[36m---------------------------[0m
|04:57:08|I|[36m---------------------------[0m
|04:57:08|I|[32m****** Reading  data ******[0m
|04:57:08|I|[32mn. 32 bit words :       800[0m
|04:57:08|I|[1m[35m>>>> Progress :  99.8% <<<<[0m
|04:57:08|I|[36m---------------------------[0m
|04:57:08|I|[36m---------------------------[0m
|04:57:08|I|[32m****** Reading  data ******[0m
|04:57:08|I|[32mn. 32 bit words :       800[0m
|04:57:08|I|[1m[35m>>>> Progress :  99.8% <<<<[0m
|04:57:08|I|[36m---------------------------[0m
|04:57:08|I|[36m---------------------------[0m
|04:57:08|I|[32m****** Reading  data ******[0m
|04:57:08|I|[32mn. 32 bit words :       800[0m
|04:57:08|I|[1m[35m>>>> Progress :  99.8% <<<<[0m
|04:57:08|I|[36m---------------------------[0m
|04:57:08|I|[36m---------------------------[0m
|04:57:08|I|[32m****** Reading  data ******[0m
|04:57:08|I|[32mn. 32 bit words :       816[0m
|04:57:08|I|[1m[35m>>>> Progress :  99.8% <<<<[0m
|04:57:08|I|[36m---------------------------[0m
|04:57:08|I|[36m---------------------------[0m
|04:57:08|I|[32m****** Reading  data ******[0m
|04:57:08|I|[32mn. 32 bit words :       800[0m
|04:57:08|I|[1m[35m>>>> Progress :  99.9% <<<<[0m
|04:57:08|I|[36m---------------------------[0m
|04:57:08|I|[36m---------------------------[0m
|04:57:08|I|[32m****** Reading  data ******[0m
|04:57:08|I|[32mn. 32 bit words :       800[0m
|04:57:08|I|[1m[35m>>>> Progress :  99.9% <<<<[0m
|04:57:08|I|[36m---------------------------[0m
|04:57:08|I|[36m---------------------------[0m
|04:57:08|I|[32m****** Reading  data ******[0m
|04:57:08|I|[32mn. 32 bit words :       800[0m
|04:57:08|I|[1m[35m>>>> Progress :  99.9% <<<<[0m
|04:57:08|I|[36m---------------------------[0m
|04:57:08|I|[36m---------------------------[0m
|04:57:08|I|[32m****** Reading  data ******[0m
|04:57:08|I|[32mn. 32 bit words :       800[0m
|04:57:08|I|[1m[35m>>>> Progress :  99.9% <<<<[0m
|04:57:08|I|[36m---------------------------[0m
|04:57:08|I|[32mMonitor data for [board/opticalGroup/hybrid/chip = [1m[33m0/0/0/0[0m[32m][0m
|04:57:09|W|[1m[31m		--> Very low voltage: either floating VDD sense-line or FMC not powered (voltage = [1m[33m0.000[1m[31m)[0m
|04:57:09|I|[1m[34m	--> Hybrid voltage: [1m[33m0.000[1m[34m V (corresponds to half VOUT_dig_ShuLDO of the chip)[0m
|04:57:09|I|[1m[34m	--> Hybrid temperature: [1m[33m-273.150[1m[34m C[0m
|04:57:09|I|[1m[34m	--> VOUT_ana_ShuLDO: [1m[33m0.601 +/- 0.024[1m[34m V[0m
|04:57:09|I|[1m[34m	--> VOUT_dig_ShuLDO: [1m[33m0.652 +/- 0.026[1m[34m V[0m
|04:57:09|I|[1m[34m	--> ADCbandgap: [1m[33m0.451 +/- 0.018[1m[34m V[0m
|04:57:09|W|[1m[31m		--> ADC measurement in saturation (ADC = [1m[33m4095[1m[31m): likely the IMUX resistor, that converts the current into a voltage, is not connected[0m
|04:57:09|I|[1m[34m	--> Iref: [1m[33m83.880 +/- 3.355[1m[34m uA[0m
|04:57:09|I|[1m[34m	--> TEMPSENS_1: [1m[33m113.006 +/- 4.520[1m[34m C[0m
|04:57:09|I|[1m[34m	--> TEMPSENS_4: [1m[33m117.984 +/- 4.719[1m[34m C[0m
|04:57:09|I|[1m[34m	--> Done[0m
|04:57:09|I|[36m---------------------------[0m
|04:57:09|I|[32m****** Reading  data ******[0m
|04:57:09|I|[32mn. 32 bit words :       800[0m
|04:57:09|I|[1m[35m>>>> Progress :  99.9% <<<<[0m
|04:57:09|I|[36m---------------------------[0m
|04:57:09|I|[1m[34m	--> VOUT_ana_ShuLDO: [1m[33m0.600 +/- 0.024[1m[34m V[0m
|04:57:09|I|[36m---------------------------[0m
|04:57:09|I|[32m****** Reading  data ******[0m
|04:57:09|I|[32mn. 32 bit words :       800[0m
|04:57:09|I|[1m[35m>>>> Progress :  99.9% <<<<[0m
|04:57:09|I|[36m---------------------------[0m
|04:57:09|I|[1m[34m	--> VOUT_dig_ShuLDO: [1m[33m0.652 +/- 0.026[1m[34m V[0m
|04:57:09|I|[36m---------------------------[0m
|04:57:09|I|[32m****** Reading  data ******[0m
|04:57:09|I|[32mn. 32 bit words :       800[0m
|04:57:09|I|[1m[35m>>>> Progress :  99.9% <<<<[0m
|04:57:09|I|[36m---------------------------[0m
|04:57:09|I|[1m[34m	--> ADCbandgap: [1m[33m0.451 +/- 0.018[1m[34m V[0m
|04:57:09|I|[36m---------------------------[0m
|04:57:09|I|[32m****** Reading  data ******[0m
|04:57:09|I|[32mn. 32 bit words :       800[0m
|04:57:09|I|[1m[35m>>>> Progress :  99.9% <<<<[0m
|04:57:09|I|[36m---------------------------[0m
|04:57:09|W|[1m[31m		--> ADC measurement in saturation (ADC = [1m[33m4095[1m[31m): likely the IMUX resistor, that converts the current into a voltage, is not connected[0m
|04:57:09|I|[1m[34m	--> Iref: [1m[33m83.880 +/- 3.355[1m[34m uA[0m
|04:57:09|I|[1m[34m	--> TEMPSENS_1: [1m[33m113.006 +/- 4.520[1m[34m C[0m
|04:57:09|I|[36m---------------------------[0m
|04:57:09|I|[32m****** Reading  data ******[0m
|04:57:09|I|[32mn. 32 bit words :       800[0m
|04:57:09|I|[1m[35m>>>> Progress : 100.0% <<<<[0m
|04:57:09|I|[36m---------------------------[0m
|04:57:09|I|[1m[34m	--> TEMPSENS_4: [1m[33m118.695 +/- 4.748[1m[34m C[0m
|04:57:09|I|[36m---------------------------[0m
|04:57:09|I|[32m****** Reading  data ******[0m
|04:57:09|I|[32mn. 32 bit words :       800[0m
|04:57:09|I|[1m[35m>>>> Progress : 100.0% <<<<[0m
|04:57:09|I|[36m---------------------------[0m
|04:57:09|I|[36m---------------------------[0m
|04:57:09|I|[32m****** Reading  data ******[0m
|04:57:09|I|[32mn. 32 bit words :       800[0m
|04:57:09|I|[1m[35m>>>> Progress : 100.0% <<<<[0m
|04:57:09|I|[36m---------------------------[0m
|04:57:09|I|[36m---------------------------[0m
|04:57:09|I|[32m****** Reading  data ******[0m
|04:57:09|I|[32mn. 32 bit words :       800[0m
|04:57:09|I|[1m[35m>>>> Progress : 100.0% <<<<[0m
|04:57:09|I|[36m---------------------------[0m
|04:57:09|I|[32mReadout chip error report for [board/opticalGroup/hybrid/chip = [1m[33m0/0/0/0[0m[32m][0m
|04:57:09|I|[1m[34mLOCKLOSS_CNT        = [1m[33m0        [0m
|04:57:09|I|[1m[34mBITFLIP_WNG_CNT     = [1m[33m0        [0m
|04:57:09|I|[1m[34mBITFLIP_ERR_CNT     = [1m[33m0        [0m
|04:57:09|I|[1m[34mCMDERR_CNT          = [1m[33m47917        [0m
|04:57:09|I|[1m[34mSKIPPED_TRIGGER_CNT = [1m[33m0        [0m
|04:57:09|I|[1m[34mHITOR_0_CNT         = [1m[33m45068        [0m
|04:57:09|I|[1m[34mHITOR_1_CNT         = [1m[33m45068        [0m
|04:57:09|I|[1m[34mHITOR_2_CNT         = [1m[33m45068        [0m
|04:57:09|I|[1m[34mHITOR_3_CNT         = [1m[33m45068        [0m
|04:57:09|I|[1m[34mBCID_CNT            = [1m[33m38120        [0m
|04:57:09|I|[1m[34mTRIG_CNT            = [1m[33m100        [0m
|04:57:09|I|[32mAverage occupancy for [board/opticalGroup/hybrid/chip = [1m[33m0/0/0/0[0m[32m] is [1m[33m0.000238[0m
|04:57:09|I|[1m[34m	--> Number of potentially [1m[33mmasked[1m[34m pixels in this iteration: [1m[33m23083[0m
|04:57:09|I|[1m[34m	--> Total number of potentially masked pixels: [1m[33m25620[0m
|04:57:09|I|[32mReadout chip error report for [board/opticalGroup/hybrid/chip = [1m[33m0/0/0/0[0m[32m][0m
|04:57:09|I|[1m[34mLOCKLOSS_CNT        = [1m[33m0        [0m
|04:57:09|I|[1m[34mBITFLIP_WNG_CNT     = [1m[33m0        [0m
|04:57:09|I|[1m[34mBITFLIP_ERR_CNT     = [1m[33m0        [0m
|04:57:09|I|[1m[34mCMDERR_CNT          = [1m[33m33806        [0m
|04:57:09|I|[1m[34mSKIPPED_TRIGGER_CNT = [1m[33m0        [0m
|04:57:09|I|[1m[34mHITOR_0_CNT         = [1m[33m48963        [0m
|04:57:09|I|[1m[34mHITOR_1_CNT         = [1m[33m49782        [0m
|04:57:09|I|[1m[34mHITOR_2_CNT         = [1m[33m50422        [0m
|04:57:09|I|[1m[34mHITOR_3_CNT         = [1m[33m50699        [0m
|04:57:09|I|[1m[34mBCID_CNT            = [1m[33m44148        [0m
|04:57:09|I|[1m[34mTRIG_CNT            = [1m[33m100        [0m
|04:57:09|I|[1m[35m>>> Best latency for [board/opticalGroup/hybrid/chip = [1m[33m0/0/0/0[1m[35m] is [1m[33m132[1m[35m (n.bx) <<<[0m
|04:57:09|I|[1m[34m	--> Latency saved the configuration file for [board/opticalGroup/hybrid/chip = [1m[33m0/0/0/0[0m[1m[34m][0m
|04:57:09|I|[1m[34m	--> Latency saving histograms...[0m
|04:57:10|I|[32mClosing result file[0m
|04:57:10|I|[1m[31m>>> Destroying interfaces <<<[0m
|04:57:10|I|[1m[31m	--> Destroying monitoring[0m
|04:57:10|I|[1m[31m>>> Interfaces  destroyed <<<[0m
|04:57:10|I|[1m[35m@@@ End of CMSIT miniDAQ @@@[0m
