|04:14:01|I|[1m[35m@@@ Initializing the Hardware @@@[0m
|04:14:01|I|[1m[33mParseHW [FileParser] 0x101f100	cmsinnertracker.crate0.slot0[0m
|04:14:01|I|[1m[33mTrying to connect to the Power Supply Server...[0m
|04:14:01|I|[1m[33mCannot connect to the Power Supply Server, power supplies will need to be controlled manually[0m
|04:14:02|I|[1m[35m@@@ Configuring HW parsed from xml file @@@[0m
|04:14:02|I|[1m[34m	--> Found an Inner Tracker Readout-board[0m
|04:14:02|I|[32mConfiguring Board: [1m[33m0[0m
|04:14:02|I|[1m[34m	--> FW version : [1m[33m4.2[1m[34m -- Date (yy/mm/dd) : [1m[33m21/8/28[1m[34m -- Time (hour:minute:sec) : [1m[33m2:35:40[0m
|04:14:02|I|[1m[34m	--> Link type : [1m[33melectrical[1m[34m -- Optical speed : [1m[33m10 Gbit/s[1m[34m -- Frontend type : [1m[33mRD53A[0m
|04:14:02|I|[1m[34m	--> L12 FMC type : [1m[33m1[1m[34m -- L08 FMC type : [1m[33m1[1m[34m (1=KSU, 2=CERN, 3=DIO5, 4=OPTO, 5=FERMI, 7=NONE, 0=Unspecified)[0m
|04:14:02|I|[32mInitializing DIO5:[0m
|04:14:02|I|[1m[34m	--> user.ctrl_regs.fast_cmd_reg_2.HitOr_enable_l12: 0x[1m[33m0 (0)[0m
|04:14:02|I|[1m[34m	--> user.ctrl_regs.fast_cmd_reg_2.trigger_source: 0x[1m[33m2 (2)[0m
|04:14:02|I|[1m[34m	--> user.ctrl_regs.reset_reg.ext_clk_en: 0x[1m[33m0 (0)[0m
|04:14:02|I|[1m[34m	--> Done[0m
|04:14:02|I|[32mReading clock generator (CDCE62005) configuration[0m
|04:14:02|I|[1m[34m	--> SPI register content: 0x[1m[33mEB020320[0m
|04:14:02|I|[1m[34m	--> SPI register content: 0x[1m[33mEB020321[0m
|04:14:02|I|[1m[34m	--> SPI register content: 0x[1m[33mEB840302[0m
|04:14:02|I|[1m[34m	--> SPI register content: 0x[1m[33mEB840303[0m
|04:14:02|I|[1m[34m	--> SPI register content: 0x[1m[33mEB140334[0m
|04:14:02|I|[1m[34m	--> SPI register content: 0x[1m[33m10000E75[0m
|04:14:02|I|[1m[34m	--> SPI register content: 0x[1m[33m030E02E6[0m
|04:14:02|I|[1m[34m	--> SPI register content: 0x[1m[33mBD800DF7[0m
|04:14:02|I|[1m[34m	--> SPI register content: 0x[1m[33m20009D58[0m
|04:14:02|W|[32mOptical link tx slow control status: [1m[31mnot ready[0m
|04:14:02|W|[32mOptical link rx slow control status: [1m[31mnot ready[0m
|04:14:02|I|[32mInput clock frequency (could be either internal or external, should be ~40 MHz): [1m[33m40.079 MHz[0m
|04:14:02|I|[32mGTX receiver clock frequency (~160 MHz (~320 MHz) for electrical (optical) readout): [1m[33m160.315 MHz[0m
|04:14:02|I|[32mExternal CMD clock frequency: [1m[33m0.000 MHz[0m
|04:14:02|I|[32mExternal Serializer clock frequency: [1m[33m0.000 MHz[0m
|04:14:02|I|[36m=== Configuring FSM fast command block ===[0m
|04:14:02|I|[32mInternal trigger frequency (if enabled): [1m[33m34572 Hz[0m
|04:14:02|I|[32mChecking firmware status:[0m
|04:14:02|I|[1m[34m	--> Clock generator is [1m[33mlocked[0m
|04:14:02|I|[1m[34m	--> I2C [1m[33minitialized[0m
|04:14:02|I|[32mFast command block trigger source: [1m[33m2[0m[32m (1=IPBus, 2=Test-FSM, 3=TTC, 4=TLU, 5=External, 6=Hit-Or, 7=User-defined frequency)[0m
|04:14:02|I|[32mFast command block trigger state: [1m[33m0[0m[32m (0=Idle, 2=Running)[0m
|04:14:02|I|[32mFast command block check if configuraiton registers have been set: [1m[33mconfigured[0m
|04:14:02|I|[32mFast command block error code (0=No error): [1m[33m0[0m
|04:14:02|I|[32mTrigger counter: [1m[33m0[0m
|04:14:02|I|[32mHybrid type: [1m[33m1[0m[32m (1=Single chip, 2=Double chip, 4=Quad chip)[0m
|04:14:02|I|[32mNumber of hybrids which can be potentially readout: [1m[33m8[0m
|04:14:02|I|[36m================== Done ==================[0m
|04:14:02|I|[32mInitializing board's registers:[0m
|04:14:02|I|[1m[34m	--> user.ctrl_regs.ext_tlu_reg1.dio5_ch1_thr: 0x[1m[33m80 (128)[0m
|04:14:02|I|[1m[34m	--> user.ctrl_regs.ext_tlu_reg1.dio5_ch2_thr: 0x[1m[33m28 (40)[0m
|04:14:02|I|[1m[34m	--> user.ctrl_regs.ext_tlu_reg2.dio5_ch3_thr: 0x[1m[33m80 (128)[0m
|04:14:02|I|[1m[34m	--> user.ctrl_regs.ext_tlu_reg2.dio5_ch4_thr: 0x[1m[33m80 (128)[0m
|04:14:02|I|[1m[34m	--> user.ctrl_regs.ext_tlu_reg2.dio5_ch5_thr: 0x[1m[33m80 (128)[0m
|04:14:02|I|[1m[34m	--> user.ctrl_regs.ext_tlu_reg2.tlu_delay: 0x[1m[33m0 (0)[0m
|04:14:02|I|[1m[34m	--> user.ctrl_regs.fast_cmd_reg_2.HitOr_enable_l12: 0x[1m[33m0 (0)[0m
|04:14:02|I|[1m[34m	--> user.ctrl_regs.fast_cmd_reg_3.triggers_to_accept: 0x[1m[33mA (10)[0m
|04:14:02|I|[1m[34m	--> user.ctrl_regs.fast_cmd_reg_7.autozero_freq: 0x[1m[33m3E8 (1000)[0m
|04:14:02|I|[1m[34m	--> Done[0m
|04:14:02|I|[32mChecking status of the optical links:[0m
|04:14:02|I|[1m[34m	--> Optical link n. active LpGBT chip tx:  [1m[33m0[1m[34m i.e.: [1m[33m00000000000000000000[0m
|04:14:02|I|[1m[34m	--> Optical link n. active LpGBT chip rx:  [1m[33m0[1m[34m i.e.: [1m[33m00000000000000000000[0m
|04:14:02|I|[1m[34m	--> Optical link n. active LpGBT chip mgt: [1m[33m0[1m[34m i.e.: [1m[33m00000000000000000000[0m
|04:14:02|I|[36m=== Configuring frontend chip communication ===[0m
|04:14:02|I|[32mDown-link phase initialization...[0m
|04:14:02|I|[1m[34m	--> Done[0m
|04:14:02|I|[32mInitializing chip communication of hybrid: [0m[1m[33m0[0m
|04:14:02|I|[32mInitializing communicationng to/from RD53: [0m[1m[33m0[0m
|04:14:02|I|[32mConfiguring up-link lanes and monitoring...[0m
|04:14:02|I|[1m[34m	--> Done[0m
|04:14:02|I|[32mUp-link speed: [1m[33m1.28 Gbit/s[0m
|04:14:03|I|[36m==================== Done =====================[0m
|04:14:03|I|[32mChecking status communication RD53 --> FW[0m
|04:14:03|I|[1m[34m	--> Aurora speed: [1m[33m1.28 Gbit/s[0m
|04:14:03|I|[1m[34m	--> Total number of required data lanes: [1m[33m1[1m[34m i.e. [1m[33m00000000000000000001[0m
|04:14:03|I|[1m[34m	--> Total number of active data lanes:   [1m[33m1[1m[34m i.e. [1m[33m00000000000000000001[0m
|04:14:03|I|[1m[34m	--> All enabled data lanes are active[0m
|04:14:03|I|[36m===== Configuring frontend chip registers =====[0m
|04:14:03|I|[32mConfiguring chip of hybrid: [0m[1m[33m0[0m
|04:14:03|I|[32mConfiguring RD53: [0m[1m[33m0[0m
|04:14:03|E|[1m[31mError when reading back what was written into RD53 reg. [1m[33mCMDERR_CNT[0m
|04:14:03|I|[32mNumber of masked pixels: [0m[1m[33m11151[0m
|04:14:03|I|[36m==================== Done =====================[0m
|04:14:03|I|[32mLVDS frequency: [1m[33m9.520 MHz[0m
|04:14:03|I|[32mUsing [1m[33m2[0m[32m threads for data decoding during running time[0m
|04:14:03|I|[32mStarting monitoring thread[0m
|04:14:03|I|[1m[35m@@@ Hardware initialization done @@@[0m
|04:14:03|I|[1m[35m@@@ Performing Noise scan @@@[0m
|04:14:03|I|[32m[PixelAlive::localConfigure] Starting run: [1m[33m41[0m
|04:14:03|I|[1m[33mSystemController::setChannelGroupHandler for a queryFunction1 ROCs.[0m
|04:14:03|I|[1m[33mCreating channel group handler for Chip#0[0m
|04:14:03|I|[32mPixelAlive attempting to create directory: [1m[33mResults[0m
|04:14:04|I|[32mMonitor data for [board/opticalGroup/hybrid/chip = [1m[33m0/0/0/0[0m[32m][0m
|04:14:04|I|[36m---------------------------[0m
|04:14:04|I|[32m****** Reading  data ******[0m
|04:14:04|I|[32mn. 32 bit words :    800000[0m
|04:14:04|I|[1m[35m>>>> Progress :   1.0% <<<<[0m
|04:14:04|I|[36m---------------------------[0m
|04:14:04|W|[1m[31m		--> Very low voltage: either floating VDD sense-line or FMC not powered (voltage = [1m[33m0.000[1m[31m)[0m
|04:14:04|I|[1m[34m	--> Hybrid voltage: [1m[33m0.000[1m[34m V (corresponds to half VOUT_dig_ShuLDO of the chip)[0m
|04:14:04|I|[1m[34m	--> Hybrid temperature: [1m[33m-273.150[1m[34m C[0m
|04:14:04|I|[1m[34m	--> VOUT_ana_ShuLDO: [1m[33m0.600 +/- 0.024[1m[34m V[0m
|04:14:04|I|[1m[34m	--> VOUT_dig_ShuLDO: [1m[33m0.650 +/- 0.026[1m[34m V[0m
|04:14:04|I|[1m[34m	--> ADCbandgap: [1m[33m0.452 +/- 0.018[1m[34m V[0m
|04:14:04|W|[1m[31m		--> ADC measurement in saturation (ADC = [1m[33m4095[1m[31m): likely the IMUX resistor, that converts the current into a voltage, is not connected[0m
|04:14:04|I|[1m[34m	--> Iref: [1m[33m83.880 +/- 3.355[1m[34m uA[0m
|04:14:04|I|[1m[34m	--> TEMPSENS_1: [1m[33m85.982 +/- 3.439[1m[34m C[0m
|04:14:05|I|[1m[34m	--> TEMPSENS_4: [1m[33m85.982 +/- 3.439[1m[34m C[0m
|04:14:05|I|[1m[34m	--> Done[0m
|04:14:05|I|[1m[34m	--> VOUT_ana_ShuLDO: [1m[33m0.600 +/- 0.024[1m[34m V[0m
|04:14:05|I|[36m---------------------------[0m
|04:14:05|I|[32m****** Reading  data ******[0m
|04:14:05|I|[32mn. 32 bit words :    800000[0m
|04:14:05|I|[1m[35m>>>> Progress :   2.0% <<<<[0m
|04:14:05|I|[36m---------------------------[0m
|04:14:05|I|[1m[34m	--> VOUT_dig_ShuLDO: [1m[33m0.650 +/- 0.026[1m[34m V[0m
|04:14:05|I|[1m[34m	--> ADCbandgap: [1m[33m0.452 +/- 0.018[1m[34m V[0m
|04:14:05|W|[1m[31m		--> ADC measurement in saturation (ADC = [1m[33m4095[1m[31m): likely the IMUX resistor, that converts the current into a voltage, is not connected[0m
|04:14:05|I|[1m[34m	--> Iref: [1m[33m83.880 +/- 3.355[1m[34m uA[0m
|04:14:05|I|[1m[34m	--> TEMPSENS_1: [1m[33m84.560 +/- 3.382[1m[34m C[0m
|04:14:05|I|[1m[34m	--> TEMPSENS_4: [1m[33m85.271 +/- 3.411[1m[34m C[0m
|04:14:06|I|[36m---------------------------[0m
|04:14:06|I|[32m****** Reading  data ******[0m
|04:14:06|I|[32mn. 32 bit words :    800000[0m
|04:14:06|I|[1m[35m>>>> Progress :   3.0% <<<<[0m
|04:14:06|I|[36m---------------------------[0m
|04:14:06|I|[32mMonitor data for [board/opticalGroup/hybrid/chip = [1m[33m0/0/0/0[0m[32m][0m
|04:14:06|I|[36m---------------------------[0m
|04:14:06|I|[32m****** Reading  data ******[0m
|04:14:06|I|[32mn. 32 bit words :    800000[0m
|04:14:06|I|[1m[35m>>>> Progress :   4.0% <<<<[0m
|04:14:06|I|[36m---------------------------[0m
|04:14:06|W|[1m[31m		--> Very low voltage: either floating VDD sense-line or FMC not powered (voltage = [1m[33m0.000[1m[31m)[0m
|04:14:06|I|[1m[34m	--> Hybrid voltage: [1m[33m0.000[1m[34m V (corresponds to half VOUT_dig_ShuLDO of the chip)[0m
|04:14:07|I|[1m[34m	--> Hybrid temperature: [1m[33m-273.150[1m[34m C[0m
|04:14:07|I|[1m[34m	--> VOUT_ana_ShuLDO: [1m[33m0.600 +/- 0.024[1m[34m V[0m
|04:14:07|I|[1m[34m	--> VOUT_dig_ShuLDO: [1m[33m0.651 +/- 0.026[1m[34m V[0m
|04:14:07|I|[1m[34m	--> ADCbandgap: [1m[33m0.452 +/- 0.018[1m[34m V[0m
|04:14:07|W|[1m[31m		--> ADC measurement in saturation (ADC = [1m[33m4095[1m[31m): likely the IMUX resistor, that converts the current into a voltage, is not connected[0m
|04:14:07|I|[1m[34m	--> Iref: [1m[33m83.880 +/- 3.355[1m[34m uA[0m
|04:14:07|I|[1m[34m	--> TEMPSENS_1: [1m[33m85.271 +/- 3.411[1m[34m C[0m
|04:14:07|I|[1m[34m	--> TEMPSENS_4: [1m[33m85.982 +/- 3.439[1m[34m C[0m
|04:14:07|I|[1m[34m	--> Done[0m
|04:14:07|I|[1m[34m	--> VOUT_ana_ShuLDO: [1m[33m0.600 +/- 0.024[1m[34m V[0m
|04:14:07|I|[36m---------------------------[0m
|04:14:07|I|[32m****** Reading  data ******[0m
|04:14:07|I|[32mn. 32 bit words :    800000[0m
|04:14:07|I|[1m[35m>>>> Progress :   5.0% <<<<[0m
|04:14:07|I|[36m---------------------------[0m
|04:14:07|I|[1m[34m	--> VOUT_dig_ShuLDO: [1m[33m0.651 +/- 0.026[1m[34m V[0m
|04:14:07|I|[1m[34m	--> ADCbandgap: [1m[33m0.452 +/- 0.018[1m[34m V[0m
|04:14:07|W|[1m[31m		--> ADC measurement in saturation (ADC = [1m[33m4095[1m[31m): likely the IMUX resistor, that converts the current into a voltage, is not connected[0m
|04:14:07|I|[1m[34m	--> Iref: [1m[33m83.880 +/- 3.355[1m[34m uA[0m
|04:14:07|I|[1m[34m	--> TEMPSENS_1: [1m[33m85.271 +/- 3.411[1m[34m C[0m
|04:14:07|I|[1m[34m	--> TEMPSENS_4: [1m[33m85.982 +/- 3.439[1m[34m C[0m
|04:14:08|I|[36m---------------------------[0m
|04:14:08|I|[32m****** Reading  data ******[0m
|04:14:08|I|[32mn. 32 bit words :    800000[0m
|04:14:08|I|[1m[35m>>>> Progress :   6.0% <<<<[0m
|04:14:08|I|[36m---------------------------[0m
|04:14:08|I|[32mMonitor data for [board/opticalGroup/hybrid/chip = [1m[33m0/0/0/0[0m[32m][0m
|04:14:08|I|[36m---------------------------[0m
|04:14:08|I|[32m****** Reading  data ******[0m
|04:14:08|I|[32mn. 32 bit words :    800000[0m
|04:14:08|I|[1m[35m>>>> Progress :   7.0% <<<<[0m
|04:14:08|I|[36m---------------------------[0m
|04:14:09|W|[1m[31m		--> Very low voltage: either floating VDD sense-line or FMC not powered (voltage = [1m[33m0.000[1m[31m)[0m
|04:14:09|I|[1m[34m	--> Hybrid voltage: [1m[33m0.000[1m[34m V (corresponds to half VOUT_dig_ShuLDO of the chip)[0m
|04:14:09|I|[1m[34m	--> Hybrid temperature: [1m[33m-273.150[1m[34m C[0m
|04:14:09|I|[1m[34m	--> VOUT_ana_ShuLDO: [1m[33m0.600 +/- 0.024[1m[34m V[0m
|04:14:09|I|[1m[34m	--> VOUT_dig_ShuLDO: [1m[33m0.650 +/- 0.026[1m[34m V[0m
|04:14:09|I|[1m[34m	--> ADCbandgap: [1m[33m0.452 +/- 0.018[1m[34m V[0m
|04:14:09|W|[1m[31m		--> ADC measurement in saturation (ADC = [1m[33m4095[1m[31m): likely the IMUX resistor, that converts the current into a voltage, is not connected[0m
|04:14:09|I|[1m[34m	--> Iref: [1m[33m83.880 +/- 3.355[1m[34m uA[0m
|04:14:09|I|[1m[34m	--> TEMPSENS_1: [1m[33m85.271 +/- 3.411[1m[34m C[0m
|04:14:09|I|[1m[34m	--> TEMPSENS_4: [1m[33m86.693 +/- 3.468[1m[34m C[0m
|04:14:09|I|[1m[34m	--> Done[0m
|04:14:10|I|[36m---------------------------[0m
|04:14:10|I|[32m****** Reading  data ******[0m
|04:14:10|I|[32mn. 32 bit words :    800000[0m
|04:14:10|I|[1m[35m>>>> Progress :   8.0% <<<<[0m
|04:14:10|I|[36m---------------------------[0m
|04:14:10|I|[1m[34m	--> VOUT_ana_ShuLDO: [1m[33m0.600 +/- 0.024[1m[34m V[0m
|04:14:10|I|[1m[34m	--> VOUT_dig_ShuLDO: [1m[33m0.650 +/- 0.026[1m[34m V[0m
|04:14:10|I|[1m[34m	--> ADCbandgap: [1m[33m0.452 +/- 0.018[1m[34m V[0m
|04:14:10|W|[1m[31m		--> ADC measurement in saturation (ADC = [1m[33m4095[1m[31m): likely the IMUX resistor, that converts the current into a voltage, is not connected[0m
|04:14:10|I|[1m[34m	--> Iref: [1m[33m83.880 +/- 3.355[1m[34m uA[0m
|04:14:10|I|[1m[34m	--> TEMPSENS_1: [1m[33m84.560 +/- 3.382[1m[34m C[0m
|04:14:10|I|[1m[34m	--> TEMPSENS_4: [1m[33m85.982 +/- 3.439[1m[34m C[0m
|04:14:10|I|[36m---------------------------[0m
|04:14:10|I|[32m****** Reading  data ******[0m
|04:14:10|I|[32mn. 32 bit words :    800000[0m
|04:14:10|I|[1m[35m>>>> Progress :   9.0% <<<<[0m
|04:14:10|I|[36m---------------------------[0m
|04:14:11|I|[36m---------------------------[0m
|04:14:11|I|[32m****** Reading  data ******[0m
|04:14:11|I|[32mn. 32 bit words :    800000[0m
|04:14:11|I|[1m[35m>>>> Progress :  10.0% <<<<[0m
|04:14:11|I|[36m---------------------------[0m
|04:14:11|I|[32mMonitor data for [board/opticalGroup/hybrid/chip = [1m[33m0/0/0/0[0m[32m][0m
|04:14:11|W|[1m[31m		--> Very low voltage: either floating VDD sense-line or FMC not powered (voltage = [1m[33m0.000[1m[31m)[0m
|04:14:11|I|[1m[34m	--> Hybrid voltage: [1m[33m0.000[1m[34m V (corresponds to half VOUT_dig_ShuLDO of the chip)[0m
|04:14:11|I|[1m[34m	--> Hybrid temperature: [1m[33m-273.150[1m[34m C[0m
|04:14:11|I|[1m[34m	--> VOUT_ana_ShuLDO: [1m[33m0.600 +/- 0.024[1m[34m V[0m
|04:14:11|I|[1m[34m	--> VOUT_dig_ShuLDO: [1m[33m0.650 +/- 0.026[1m[34m V[0m
|04:14:11|I|[1m[34m	--> ADCbandgap: [1m[33m0.452 +/- 0.018[1m[34m V[0m
|04:14:11|W|[1m[31m		--> ADC measurement in saturation (ADC = [1m[33m4095[1m[31m): likely the IMUX resistor, that converts the current into a voltage, is not connected[0m
|04:14:11|I|[1m[34m	--> Iref: [1m[33m83.880 +/- 3.355[1m[34m uA[0m
|04:14:11|I|[1m[34m	--> TEMPSENS_1: [1m[33m84.560 +/- 3.382[1m[34m C[0m
|04:14:11|I|[1m[34m	--> TEMPSENS_4: [1m[33m85.982 +/- 3.439[1m[34m C[0m
|04:14:11|I|[1m[34m	--> Done[0m
|04:14:12|I|[36m---------------------------[0m
|04:14:12|I|[32m****** Reading  data ******[0m
|04:14:12|I|[32mn. 32 bit words :    800000[0m
|04:14:12|I|[1m[35m>>>> Progress :  11.0% <<<<[0m
|04:14:12|I|[36m---------------------------[0m
|04:14:12|I|[1m[34m	--> VOUT_ana_ShuLDO: [1m[33m0.600 +/- 0.024[1m[34m V[0m
|04:14:12|I|[1m[34m	--> VOUT_dig_ShuLDO: [1m[33m0.651 +/- 0.026[1m[34m V[0m
|04:14:12|I|[1m[34m	--> ADCbandgap: [1m[33m0.452 +/- 0.018[1m[34m V[0m
|04:14:12|W|[1m[31m		--> ADC measurement in saturation (ADC = [1m[33m4095[1m[31m): likely the IMUX resistor, that converts the current into a voltage, is not connected[0m
|04:14:12|I|[1m[34m	--> Iref: [1m[33m83.880 +/- 3.355[1m[34m uA[0m
|04:14:12|I|[1m[34m	--> TEMPSENS_1: [1m[33m85.271 +/- 3.411[1m[34m C[0m
|04:14:12|I|[1m[34m	--> TEMPSENS_4: [1m[33m85.982 +/- 3.439[1m[34m C[0m
|04:14:12|I|[36m---------------------------[0m
|04:14:12|I|[32m****** Reading  data ******[0m
|04:14:12|I|[32mn. 32 bit words :    800000[0m
|04:14:12|I|[1m[35m>>>> Progress :  12.0% <<<<[0m
|04:14:12|I|[36m---------------------------[0m
|04:14:13|I|[36m---------------------------[0m
|04:14:13|I|[32m****** Reading  data ******[0m
|04:14:13|I|[32mn. 32 bit words :    800000[0m
|04:14:13|I|[1m[35m>>>> Progress :  13.0% <<<<[0m
|04:14:13|I|[36m---------------------------[0m
|04:14:13|I|[32mMonitor data for [board/opticalGroup/hybrid/chip = [1m[33m0/0/0/0[0m[32m][0m
|04:14:13|W|[1m[31m		--> Very low voltage: either floating VDD sense-line or FMC not powered (voltage = [1m[33m0.000[1m[31m)[0m
|04:14:13|I|[1m[34m	--> Hybrid voltage: [1m[33m0.000[1m[34m V (corresponds to half VOUT_dig_ShuLDO of the chip)[0m
|04:14:14|I|[1m[34m	--> Hybrid temperature: [1m[33m-273.150[1m[34m C[0m
|04:14:14|I|[1m[34m	--> VOUT_ana_ShuLDO: [1m[33m0.600 +/- 0.024[1m[34m V[0m
|04:14:14|I|[1m[34m	--> VOUT_dig_ShuLDO: [1m[33m0.650 +/- 0.026[1m[34m V[0m
|04:14:14|I|[1m[34m	--> ADCbandgap: [1m[33m0.452 +/- 0.018[1m[34m V[0m
|04:14:14|W|[1m[31m		--> ADC measurement in saturation (ADC = [1m[33m4095[1m[31m): likely the IMUX resistor, that converts the current into a voltage, is not connected[0m
|04:14:14|I|[1m[34m	--> Iref: [1m[33m83.880 +/- 3.355[1m[34m uA[0m
|04:14:14|I|[1m[34m	--> TEMPSENS_1: [1m[33m86.693 +/- 3.468[1m[34m C[0m
|04:14:14|I|[1m[34m	--> TEMPSENS_4: [1m[33m85.271 +/- 3.411[1m[34m C[0m
|04:14:14|I|[1m[34m	--> Done[0m
|04:14:14|I|[36m---------------------------[0m
|04:14:14|I|[32m****** Reading  data ******[0m
|04:14:14|I|[32mn. 32 bit words :    800000[0m
|04:14:14|I|[1m[35m>>>> Progress :  14.0% <<<<[0m
|04:14:14|I|[36m---------------------------[0m
|04:14:14|I|[1m[34m	--> VOUT_ana_ShuLDO: [1m[33m0.600 +/- 0.024[1m[34m V[0m
|04:14:14|I|[1m[34m	--> VOUT_dig_ShuLDO: [1m[33m0.650 +/- 0.026[1m[34m V[0m
|04:14:14|I|[1m[34m	--> ADCbandgap: [1m[33m0.452 +/- 0.018[1m[34m V[0m
|04:14:14|W|[1m[31m		--> ADC measurement in saturation (ADC = [1m[33m4095[1m[31m): likely the IMUX resistor, that converts the current into a voltage, is not connected[0m
|04:14:14|I|[1m[34m	--> Iref: [1m[33m83.880 +/- 3.355[1m[34m uA[0m
|04:14:14|I|[1m[34m	--> TEMPSENS_1: [1m[33m84.560 +/- 3.382[1m[34m C[0m
|04:14:14|I|[1m[34m	--> TEMPSENS_4: [1m[33m85.982 +/- 3.439[1m[34m C[0m
|04:14:15|I|[36m---------------------------[0m
|04:14:15|I|[32m****** Reading  data ******[0m
|04:14:15|I|[32mn. 32 bit words :    800000[0m
|04:14:15|I|[1m[35m>>>> Progress :  15.0% <<<<[0m
|04:14:15|I|[36m---------------------------[0m
|04:14:15|I|[36m---------------------------[0m
|04:14:15|I|[32m****** Reading  data ******[0m
|04:14:15|I|[32mn. 32 bit words :    800000[0m
|04:14:15|I|[1m[35m>>>> Progress :  16.0% <<<<[0m
|04:14:15|I|[36m---------------------------[0m
|04:14:15|I|[32mMonitor data for [board/opticalGroup/hybrid/chip = [1m[33m0/0/0/0[0m[32m][0m
|04:14:16|W|[1m[31m		--> Very low voltage: either floating VDD sense-line or FMC not powered (voltage = [1m[33m0.000[1m[31m)[0m
|04:14:16|I|[1m[34m	--> Hybrid voltage: [1m[33m0.000[1m[34m V (corresponds to half VOUT_dig_ShuLDO of the chip)[0m
|04:14:16|I|[1m[34m	--> Hybrid temperature: [1m[33m-273.150[1m[34m C[0m
|04:14:16|I|[1m[34m	--> VOUT_ana_ShuLDO: [1m[33m0.600 +/- 0.024[1m[34m V[0m
|04:14:16|I|[1m[34m	--> VOUT_dig_ShuLDO: [1m[33m0.650 +/- 0.026[1m[34m V[0m
|04:14:16|I|[1m[34m	--> ADCbandgap: [1m[33m0.451 +/- 0.018[1m[34m V[0m
|04:14:16|W|[1m[31m		--> ADC measurement in saturation (ADC = [1m[33m4095[1m[31m): likely the IMUX resistor, that converts the current into a voltage, is not connected[0m
|04:14:16|I|[1m[34m	--> Iref: [1m[33m83.880 +/- 3.355[1m[34m uA[0m
|04:14:16|I|[1m[34m	--> TEMPSENS_1: [1m[33m85.271 +/- 3.411[1m[34m C[0m
|04:14:16|I|[1m[34m	--> TEMPSENS_4: [1m[33m85.982 +/- 3.439[1m[34m C[0m
|04:14:16|I|[1m[34m	--> Done[0m
|04:14:16|I|[36m---------------------------[0m
|04:14:16|I|[32m****** Reading  data ******[0m
|04:14:16|I|[32mn. 32 bit words :    800000[0m
|04:14:16|I|[1m[35m>>>> Progress :  17.0% <<<<[0m
|04:14:16|I|[36m---------------------------[0m
|04:14:16|I|[1m[34m	--> VOUT_ana_ShuLDO: [1m[33m0.600 +/- 0.024[1m[34m V[0m
|04:14:16|I|[1m[34m	--> VOUT_dig_ShuLDO: [1m[33m0.651 +/- 0.026[1m[34m V[0m
|04:14:16|I|[1m[34m	--> ADCbandgap: [1m[33m0.452 +/- 0.018[1m[34m V[0m
|04:14:16|W|[1m[31m		--> ADC measurement in saturation (ADC = [1m[33m4095[1m[31m): likely the IMUX resistor, that converts the current into a voltage, is not connected[0m
|04:14:16|I|[1m[34m	--> Iref: [1m[33m83.880 +/- 3.355[1m[34m uA[0m
|04:14:16|I|[1m[34m	--> TEMPSENS_1: [1m[33m83.849 +/- 3.354[1m[34m C[0m
|04:14:17|I|[1m[34m	--> TEMPSENS_4: [1m[33m85.271 +/- 3.411[1m[34m C[0m
|04:14:17|I|[36m---------------------------[0m
|04:14:17|I|[32m****** Reading  data ******[0m
|04:14:17|I|[32mn. 32 bit words :    800000[0m
|04:14:17|I|[1m[35m>>>> Progress :  18.0% <<<<[0m
|04:14:17|I|[36m---------------------------[0m
|04:14:18|I|[32mMonitor data for [board/opticalGroup/hybrid/chip = [1m[33m0/0/0/0[0m[32m][0m
|04:14:18|I|[36m---------------------------[0m
|04:14:18|I|[32m****** Reading  data ******[0m
|04:14:18|I|[32mn. 32 bit words :    800000[0m
|04:14:18|I|[1m[35m>>>> Progress :  19.0% <<<<[0m
|04:14:18|I|[36m---------------------------[0m
|04:14:18|W|[1m[31m		--> Very low voltage: either floating VDD sense-line or FMC not powered (voltage = [1m[33m0.000[1m[31m)[0m
|04:14:18|I|[1m[34m	--> Hybrid voltage: [1m[33m0.000[1m[34m V (corresponds to half VOUT_dig_ShuLDO of the chip)[0m
|04:14:18|I|[1m[34m	--> Hybrid temperature: [1m[33m-273.150[1m[34m C[0m
|04:14:18|I|[1m[34m	--> VOUT_ana_ShuLDO: [1m[33m0.600 +/- 0.024[1m[34m V[0m
|04:14:18|I|[1m[34m	--> VOUT_dig_ShuLDO: [1m[33m0.650 +/- 0.026[1m[34m V[0m
|04:14:18|I|[1m[34m	--> ADCbandgap: [1m[33m0.452 +/- 0.018[1m[34m V[0m
|04:14:18|W|[1m[31m		--> ADC measurement in saturation (ADC = [1m[33m4095[1m[31m): likely the IMUX resistor, that converts the current into a voltage, is not connected[0m
|04:14:18|I|[1m[34m	--> Iref: [1m[33m83.880 +/- 3.355[1m[34m uA[0m
|04:14:18|I|[1m[34m	--> TEMPSENS_1: [1m[33m84.560 +/- 3.382[1m[34m C[0m
|04:14:18|I|[1m[34m	--> TEMPSENS_4: [1m[33m84.560 +/- 3.382[1m[34m C[0m
|04:14:18|I|[1m[34m	--> Done[0m
|04:14:19|I|[36m---------------------------[0m
|04:14:19|I|[32m****** Reading  data ******[0m
|04:14:19|I|[32mn. 32 bit words :    800000[0m
|04:14:19|I|[1m[35m>>>> Progress :  20.0% <<<<[0m
|04:14:19|I|[36m---------------------------[0m
|04:14:19|I|[1m[34m	--> VOUT_ana_ShuLDO: [1m[33m0.600 +/- 0.024[1m[34m V[0m
|04:14:19|I|[1m[34m	--> VOUT_dig_ShuLDO: [1m[33m0.651 +/- 0.026[1m[34m V[0m
|04:14:19|I|[1m[34m	--> ADCbandgap: [1m[33m0.452 +/- 0.018[1m[34m V[0m
|04:14:19|W|[1m[31m		--> ADC measurement in saturation (ADC = [1m[33m4095[1m[31m): likely the IMUX resistor, that converts the current into a voltage, is not connected[0m
|04:14:19|I|[1m[34m	--> Iref: [1m[33m83.880 +/- 3.355[1m[34m uA[0m
|04:14:19|I|[1m[34m	--> TEMPSENS_1: [1m[33m84.560 +/- 3.382[1m[34m C[0m
|04:14:19|I|[1m[34m	--> TEMPSENS_4: [1m[33m85.271 +/- 3.411[1m[34m C[0m
|04:14:19|I|[36m---------------------------[0m
|04:14:19|I|[32m****** Reading  data ******[0m
|04:14:19|I|[32mn. 32 bit words :    800000[0m
|04:14:19|I|[1m[35m>>>> Progress :  21.0% <<<<[0m
|04:14:19|I|[36m---------------------------[0m
|04:14:20|I|[32mMonitor data for [board/opticalGroup/hybrid/chip = [1m[33m0/0/0/0[0m[32m][0m
|04:14:20|I|[36m---------------------------[0m
|04:14:20|I|[32m****** Reading  data ******[0m
|04:14:20|I|[32mn. 32 bit words :    800000[0m
|04:14:20|I|[1m[35m>>>> Progress :  22.0% <<<<[0m
|04:14:20|I|[36m---------------------------[0m
|04:14:20|W|[1m[31m		--> Very low voltage: either floating VDD sense-line or FMC not powered (voltage = [1m[33m0.000[1m[31m)[0m
|04:14:20|I|[1m[34m	--> Hybrid voltage: [1m[33m0.000[1m[34m V (corresponds to half VOUT_dig_ShuLDO of the chip)[0m
|04:14:20|I|[1m[34m	--> Hybrid temperature: [1m[33m-273.150[1m[34m C[0m
|04:14:20|I|[1m[34m	--> VOUT_ana_ShuLDO: [1m[33m0.600 +/- 0.024[1m[34m V[0m
|04:14:20|I|[1m[34m	--> VOUT_dig_ShuLDO: [1m[33m0.650 +/- 0.026[1m[34m V[0m
|04:14:20|I|[1m[34m	--> ADCbandgap: [1m[33m0.451 +/- 0.018[1m[34m V[0m
|04:14:20|W|[1m[31m		--> ADC measurement in saturation (ADC = [1m[33m4095[1m[31m): likely the IMUX resistor, that converts the current into a voltage, is not connected[0m
|04:14:20|I|[1m[34m	--> Iref: [1m[33m83.880 +/- 3.355[1m[34m uA[0m
|04:14:20|I|[1m[34m	--> TEMPSENS_1: [1m[33m83.849 +/- 3.354[1m[34m C[0m
|04:14:21|I|[1m[34m	--> TEMPSENS_4: [1m[33m85.982 +/- 3.439[1m[34m C[0m
|04:14:21|I|[1m[34m	--> Done[0m
|04:14:21|I|[1m[34m	--> VOUT_ana_ShuLDO: [1m[33m0.600 +/- 0.024[1m[34m V[0m
|04:14:21|I|[36m---------------------------[0m
|04:14:21|I|[32m****** Reading  data ******[0m
|04:14:21|I|[32mn. 32 bit words :    800000[0m
|04:14:21|I|[1m[35m>>>> Progress :  23.0% <<<<[0m
|04:14:21|I|[36m---------------------------[0m
|04:14:21|I|[1m[34m	--> VOUT_dig_ShuLDO: [1m[33m0.651 +/- 0.026[1m[34m V[0m
|04:14:21|I|[1m[34m	--> ADCbandgap: [1m[33m0.452 +/- 0.018[1m[34m V[0m
|04:14:21|W|[1m[31m		--> ADC measurement in saturation (ADC = [1m[33m4095[1m[31m): likely the IMUX resistor, that converts the current into a voltage, is not connected[0m
|04:14:21|I|[1m[34m	--> Iref: [1m[33m83.880 +/- 3.355[1m[34m uA[0m
|04:14:21|I|[1m[34m	--> TEMPSENS_1: [1m[33m84.560 +/- 3.382[1m[34m C[0m
|04:14:21|I|[1m[34m	--> TEMPSENS_4: [1m[33m85.982 +/- 3.439[1m[34m C[0m
|04:14:22|I|[36m---------------------------[0m
|04:14:22|I|[32m****** Reading  data ******[0m
|04:14:22|I|[32mn. 32 bit words :    800000[0m
|04:14:22|I|[1m[35m>>>> Progress :  24.0% <<<<[0m
|04:14:22|I|[36m---------------------------[0m
|04:14:22|I|[32mMonitor data for [board/opticalGroup/hybrid/chip = [1m[33m0/0/0/0[0m[32m][0m
|04:14:22|I|[36m---------------------------[0m
|04:14:22|I|[32m****** Reading  data ******[0m
|04:14:22|I|[32mn. 32 bit words :    800000[0m
|04:14:22|I|[1m[35m>>>> Progress :  25.0% <<<<[0m
|04:14:22|I|[36m---------------------------[0m
|04:14:22|W|[1m[31m		--> Very low voltage: either floating VDD sense-line or FMC not powered (voltage = [1m[33m0.000[1m[31m)[0m
|04:14:22|I|[1m[34m	--> Hybrid voltage: [1m[33m0.000[1m[34m V (corresponds to half VOUT_dig_ShuLDO of the chip)[0m
|04:14:23|I|[1m[34m	--> Hybrid temperature: [1m[33m-273.150[1m[34m C[0m
|04:14:23|I|[1m[34m	--> VOUT_ana_ShuLDO: [1m[33m0.600 +/- 0.024[1m[34m V[0m
|04:14:23|I|[1m[34m	--> VOUT_dig_ShuLDO: [1m[33m0.650 +/- 0.026[1m[34m V[0m
|04:14:23|I|[1m[34m	--> ADCbandgap: [1m[33m0.452 +/- 0.018[1m[34m V[0m
|04:14:23|W|[1m[31m		--> ADC measurement in saturation (ADC = [1m[33m4095[1m[31m): likely the IMUX resistor, that converts the current into a voltage, is not connected[0m
|04:14:23|I|[1m[34m	--> Iref: [1m[33m83.880 +/- 3.355[1m[34m uA[0m
|04:14:23|I|[1m[34m	--> TEMPSENS_1: [1m[33m83.138 +/- 3.326[1m[34m C[0m
|04:14:23|I|[1m[34m	--> TEMPSENS_4: [1m[33m84.560 +/- 3.382[1m[34m C[0m
|04:14:23|I|[1m[34m	--> Done[0m
|04:14:23|I|[36m---------------------------[0m
|04:14:23|I|[32m****** Reading  data ******[0m
|04:14:23|I|[32mn. 32 bit words :    800000[0m
|04:14:23|I|[1m[35m>>>> Progress :  26.0% <<<<[0m
|04:14:23|I|[36m---------------------------[0m
|04:14:23|I|[1m[34m	--> VOUT_ana_ShuLDO: [1m[33m0.600 +/- 0.024[1m[34m V[0m
|04:14:23|I|[1m[34m	--> VOUT_dig_ShuLDO: [1m[33m0.650 +/- 0.026[1m[34m V[0m
|04:14:23|I|[1m[34m	--> ADCbandgap: [1m[33m0.452 +/- 0.018[1m[34m V[0m
|04:14:23|W|[1m[31m		--> ADC measurement in saturation (ADC = [1m[33m4095[1m[31m): likely the IMUX resistor, that converts the current into a voltage, is not connected[0m
|04:14:23|I|[1m[34m	--> Iref: [1m[33m83.880 +/- 3.355[1m[34m uA[0m
|04:14:23|I|[1m[34m	--> TEMPSENS_1: [1m[33m84.560 +/- 3.382[1m[34m C[0m
|04:14:23|I|[1m[34m	--> TEMPSENS_4: [1m[33m84.560 +/- 3.382[1m[34m C[0m
|04:14:24|I|[36m---------------------------[0m
|04:14:24|I|[32m****** Reading  data ******[0m
|04:14:24|I|[32mn. 32 bit words :    800000[0m
|04:14:24|I|[1m[35m>>>> Progress :  27.0% <<<<[0m
|04:14:24|I|[36m---------------------------[0m
|04:14:24|I|[36m---------------------------[0m
|04:14:24|I|[32m****** Reading  data ******[0m
|04:14:24|I|[32mn. 32 bit words :    800000[0m
|04:14:24|I|[1m[35m>>>> Progress :  28.0% <<<<[0m
|04:14:24|I|[36m---------------------------[0m
|04:14:24|I|[32mMonitor data for [board/opticalGroup/hybrid/chip = [1m[33m0/0/0/0[0m[32m][0m
|04:14:25|W|[1m[31m		--> Very low voltage: either floating VDD sense-line or FMC not powered (voltage = [1m[33m0.000[1m[31m)[0m
|04:14:25|I|[1m[34m	--> Hybrid voltage: [1m[33m0.000[1m[34m V (corresponds to half VOUT_dig_ShuLDO of the chip)[0m
|04:14:25|I|[1m[34m	--> Hybrid temperature: [1m[33m-273.150[1m[34m C[0m
|04:14:25|I|[1m[34m	--> VOUT_ana_ShuLDO: [1m[33m0.600 +/- 0.024[1m[34m V[0m
|04:14:25|I|[1m[34m	--> VOUT_dig_ShuLDO: [1m[33m0.650 +/- 0.026[1m[34m V[0m
|04:14:25|I|[1m[34m	--> ADCbandgap: [1m[33m0.452 +/- 0.018[1m[34m V[0m
|04:14:25|W|[1m[31m		--> ADC measurement in saturation (ADC = [1m[33m4095[1m[31m): likely the IMUX resistor, that converts the current into a voltage, is not connected[0m
|04:14:25|I|[1m[34m	--> Iref: [1m[33m83.880 +/- 3.355[1m[34m uA[0m
|04:14:25|I|[1m[34m	--> TEMPSENS_1: [1m[33m84.560 +/- 3.382[1m[34m C[0m
|04:14:25|I|[1m[34m	--> TEMPSENS_4: [1m[33m84.560 +/- 3.382[1m[34m C[0m
|04:14:25|I|[1m[34m	--> Done[0m
|04:14:26|I|[36m---------------------------[0m
|04:14:26|I|[32m****** Reading  data ******[0m
|04:14:26|I|[32mn. 32 bit words :    800000[0m
|04:14:26|I|[1m[35m>>>> Progress :  29.0% <<<<[0m
|04:14:26|I|[36m---------------------------[0m
|04:14:26|I|[1m[34m	--> VOUT_ana_ShuLDO: [1m[33m0.600 +/- 0.024[1m[34m V[0m
|04:14:26|I|[1m[34m	--> VOUT_dig_ShuLDO: [1m[33m0.650 +/- 0.026[1m[34m V[0m
|04:14:26|I|[1m[34m	--> ADCbandgap: [1m[33m0.452 +/- 0.018[1m[34m V[0m
|04:14:26|W|[1m[31m		--> ADC measurement in saturation (ADC = [1m[33m4095[1m[31m): likely the IMUX resistor, that converts the current into a voltage, is not connected[0m
|04:14:26|I|[1m[34m	--> Iref: [1m[33m83.880 +/- 3.355[1m[34m uA[0m
|04:14:26|I|[1m[34m	--> TEMPSENS_1: [1m[33m84.560 +/- 3.382[1m[34m C[0m
|04:14:26|I|[1m[34m	--> TEMPSENS_4: [1m[33m84.560 +/- 3.382[1m[34m C[0m
|04:14:26|I|[36m---------------------------[0m
|04:14:26|I|[32m****** Reading  data ******[0m
|04:14:26|I|[32mn. 32 bit words :    800000[0m
|04:14:26|I|[1m[35m>>>> Progress :  30.0% <<<<[0m
|04:14:26|I|[36m---------------------------[0m
|04:14:27|I|[32mMonitor data for [board/opticalGroup/hybrid/chip = [1m[33m0/0/0/0[0m[32m][0m
|04:14:27|I|[36m---------------------------[0m
|04:14:27|I|[32m****** Reading  data ******[0m
|04:14:27|I|[32mn. 32 bit words :    800000[0m
|04:14:27|I|[1m[35m>>>> Progress :  31.0% <<<<[0m
|04:14:27|I|[36m---------------------------[0m
|04:14:27|W|[1m[31m		--> Very low voltage: either floating VDD sense-line or FMC not powered (voltage = [1m[33m0.000[1m[31m)[0m
|04:14:27|I|[1m[34m	--> Hybrid voltage: [1m[33m0.000[1m[34m V (corresponds to half VOUT_dig_ShuLDO of the chip)[0m
|04:14:27|I|[1m[34m	--> Hybrid temperature: [1m[33m-273.150[1m[34m C[0m
|04:14:27|I|[1m[34m	--> VOUT_ana_ShuLDO: [1m[33m0.600 +/- 0.024[1m[34m V[0m
|04:14:27|I|[1m[34m	--> VOUT_dig_ShuLDO: [1m[33m0.651 +/- 0.026[1m[34m V[0m
|04:14:27|I|[1m[34m	--> ADCbandgap: [1m[33m0.452 +/- 0.018[1m[34m V[0m
|04:14:27|W|[1m[31m		--> ADC measurement in saturation (ADC = [1m[33m4095[1m[31m): likely the IMUX resistor, that converts the current into a voltage, is not connected[0m
|04:14:27|I|[1m[34m	--> Iref: [1m[33m83.880 +/- 3.355[1m[34m uA[0m
|04:14:27|I|[1m[34m	--> TEMPSENS_1: [1m[33m84.560 +/- 3.382[1m[34m C[0m
|04:14:27|I|[1m[34m	--> TEMPSENS_4: [1m[33m83.849 +/- 3.354[1m[34m C[0m
|04:14:27|I|[1m[34m	--> Done[0m
|04:14:28|I|[36m---------------------------[0m
|04:14:28|I|[32m****** Reading  data ******[0m
|04:14:28|I|[32mn. 32 bit words :    800000[0m
|04:14:28|I|[1m[35m>>>> Progress :  32.0% <<<<[0m
|04:14:28|I|[36m---------------------------[0m
|04:14:28|I|[1m[34m	--> VOUT_ana_ShuLDO: [1m[33m0.600 +/- 0.024[1m[34m V[0m
|04:14:28|I|[1m[34m	--> VOUT_dig_ShuLDO: [1m[33m0.651 +/- 0.026[1m[34m V[0m
|04:14:28|I|[1m[34m	--> ADCbandgap: [1m[33m0.452 +/- 0.018[1m[34m V[0m
|04:14:28|W|[1m[31m		--> ADC measurement in saturation (ADC = [1m[33m4095[1m[31m): likely the IMUX resistor, that converts the current into a voltage, is not connected[0m
|04:14:28|I|[1m[34m	--> Iref: [1m[33m83.880 +/- 3.355[1m[34m uA[0m
|04:14:28|I|[1m[34m	--> TEMPSENS_1: [1m[33m85.271 +/- 3.411[1m[34m C[0m
|04:14:28|I|[1m[34m	--> TEMPSENS_4: [1m[33m85.982 +/- 3.439[1m[34m C[0m
|04:14:28|I|[36m---------------------------[0m
|04:14:28|I|[32m****** Reading  data ******[0m
|04:14:28|I|[32mn. 32 bit words :    800000[0m
|04:14:28|I|[1m[35m>>>> Progress :  33.0% <<<<[0m
|04:14:28|I|[36m---------------------------[0m
|04:14:29|I|[36m---------------------------[0m
|04:14:29|I|[32m****** Reading  data ******[0m
|04:14:29|I|[32mn. 32 bit words :    800000[0m
|04:14:29|I|[1m[35m>>>> Progress :  34.0% <<<<[0m
|04:14:29|I|[36m---------------------------[0m
|04:14:29|I|[32mMonitor data for [board/opticalGroup/hybrid/chip = [1m[33m0/0/0/0[0m[32m][0m
|04:14:29|W|[1m[31m		--> Very low voltage: either floating VDD sense-line or FMC not powered (voltage = [1m[33m0.000[1m[31m)[0m
|04:14:29|I|[1m[34m	--> Hybrid voltage: [1m[33m0.000[1m[34m V (corresponds to half VOUT_dig_ShuLDO of the chip)[0m
|04:14:30|I|[1m[34m	--> Hybrid temperature: [1m[33m-273.150[1m[34m C[0m
|04:14:30|I|[1m[34m	--> VOUT_ana_ShuLDO: [1m[33m0.600 +/- 0.024[1m[34m V[0m
|04:14:30|I|[1m[34m	--> VOUT_dig_ShuLDO: [1m[33m0.651 +/- 0.026[1m[34m V[0m
|04:14:30|I|[1m[34m	--> ADCbandgap: [1m[33m0.451 +/- 0.018[1m[34m V[0m
|04:14:30|W|[1m[31m		--> ADC measurement in saturation (ADC = [1m[33m4095[1m[31m): likely the IMUX resistor, that converts the current into a voltage, is not connected[0m
|04:14:30|I|[1m[34m	--> Iref: [1m[33m83.880 +/- 3.355[1m[34m uA[0m
|04:14:30|I|[1m[34m	--> TEMPSENS_1: [1m[33m83.138 +/- 3.326[1m[34m C[0m
|04:14:30|I|[1m[34m	--> TEMPSENS_4: [1m[33m84.560 +/- 3.382[1m[34m C[0m
|04:14:30|I|[1m[34m	--> Done[0m
|04:14:30|I|[1m[34m	--> VOUT_ana_ShuLDO: [1m[33m0.600 +/- 0.024[1m[34m V[0m
|04:14:30|I|[36m---------------------------[0m
|04:14:30|I|[32m****** Reading  data ******[0m
|04:14:30|I|[32mn. 32 bit words :    800000[0m
|04:14:30|I|[1m[35m>>>> Progress :  35.0% <<<<[0m
|04:14:30|I|[36m---------------------------[0m
|04:14:30|I|[1m[34m	--> VOUT_dig_ShuLDO: [1m[33m0.650 +/- 0.026[1m[34m V[0m
|04:14:30|I|[1m[34m	--> ADCbandgap: [1m[33m0.451 +/- 0.018[1m[34m V[0m
|04:14:30|W|[1m[31m		--> ADC measurement in saturation (ADC = [1m[33m4095[1m[31m): likely the IMUX resistor, that converts the current into a voltage, is not connected[0m
|04:14:30|I|[1m[34m	--> Iref: [1m[33m83.880 +/- 3.355[1m[34m uA[0m
|04:14:30|I|[1m[34m	--> TEMPSENS_1: [1m[33m84.560 +/- 3.382[1m[34m C[0m
|04:14:30|I|[1m[34m	--> TEMPSENS_4: [1m[33m84.560 +/- 3.382[1m[34m C[0m
|04:14:31|I|[36m---------------------------[0m
|04:14:31|I|[32m****** Reading  data ******[0m
|04:14:31|I|[32mn. 32 bit words :    800000[0m
|04:14:31|I|[1m[35m>>>> Progress :  36.0% <<<<[0m
|04:14:31|I|[36m---------------------------[0m
|04:14:31|I|[32mMonitor data for [board/opticalGroup/hybrid/chip = [1m[33m0/0/0/0[0m[32m][0m
|04:14:31|I|[36m---------------------------[0m
|04:14:31|I|[32m****** Reading  data ******[0m
|04:14:31|I|[32mn. 32 bit words :    800000[0m
|04:14:31|I|[1m[35m>>>> Progress :  37.0% <<<<[0m
|04:14:31|I|[36m---------------------------[0m
|04:14:32|W|[1m[31m		--> Very low voltage: either floating VDD sense-line or FMC not powered (voltage = [1m[33m0.000[1m[31m)[0m
|04:14:32|I|[1m[34m	--> Hybrid voltage: [1m[33m0.000[1m[34m V (corresponds to half VOUT_dig_ShuLDO of the chip)[0m
|04:14:32|I|[1m[34m	--> Hybrid temperature: [1m[33m-273.150[1m[34m C[0m
|04:14:32|I|[1m[34m	--> VOUT_ana_ShuLDO: [1m[33m0.600 +/- 0.024[1m[34m V[0m
|04:14:32|I|[1m[34m	--> VOUT_dig_ShuLDO: [1m[33m0.650 +/- 0.026[1m[34m V[0m
|04:14:32|I|[1m[34m	--> ADCbandgap: [1m[33m0.452 +/- 0.018[1m[34m V[0m
|04:14:32|W|[1m[31m		--> ADC measurement in saturation (ADC = [1m[33m4095[1m[31m): likely the IMUX resistor, that converts the current into a voltage, is not connected[0m
|04:14:32|I|[1m[34m	--> Iref: [1m[33m83.880 +/- 3.355[1m[34m uA[0m
|04:14:32|I|[1m[34m	--> TEMPSENS_1: [1m[33m84.560 +/- 3.382[1m[34m C[0m
|04:14:32|I|[1m[34m	--> TEMPSENS_4: [1m[33m84.560 +/- 3.382[1m[34m C[0m
|04:14:32|I|[1m[34m	--> Done[0m
|04:14:32|I|[36m---------------------------[0m
|04:14:32|I|[32m****** Reading  data ******[0m
|04:14:32|I|[32mn. 32 bit words :    800000[0m
|04:14:32|I|[1m[35m>>>> Progress :  38.0% <<<<[0m
|04:14:32|I|[36m---------------------------[0m
|04:14:32|I|[1m[34m	--> VOUT_ana_ShuLDO: [1m[33m0.600 +/- 0.024[1m[34m V[0m
|04:14:32|I|[1m[34m	--> VOUT_dig_ShuLDO: [1m[33m0.651 +/- 0.026[1m[34m V[0m
|04:14:32|I|[1m[34m	--> ADCbandgap: [1m[33m0.452 +/- 0.018[1m[34m V[0m
|04:14:32|W|[1m[31m		--> ADC measurement in saturation (ADC = [1m[33m4095[1m[31m): likely the IMUX resistor, that converts the current into a voltage, is not connected[0m
|04:14:32|I|[1m[34m	--> Iref: [1m[33m83.880 +/- 3.355[1m[34m uA[0m
|04:14:32|I|[1m[34m	--> TEMPSENS_1: [1m[33m83.849 +/- 3.354[1m[34m C[0m
|04:14:32|I|[1m[34m	--> TEMPSENS_4: [1m[33m84.560 +/- 3.382[1m[34m C[0m
|04:14:33|I|[36m---------------------------[0m
|04:14:33|I|[32m****** Reading  data ******[0m
|04:14:33|I|[32mn. 32 bit words :    800000[0m
|04:14:33|I|[1m[35m>>>> Progress :  39.0% <<<<[0m
|04:14:33|I|[36m---------------------------[0m
|04:14:33|I|[32mMonitor data for [board/opticalGroup/hybrid/chip = [1m[33m0/0/0/0[0m[32m][0m
|04:14:33|I|[36m---------------------------[0m
|04:14:33|I|[32m****** Reading  data ******[0m
|04:14:33|I|[32mn. 32 bit words :    800000[0m
|04:14:33|I|[1m[35m>>>> Progress :  40.0% <<<<[0m
|04:14:33|I|[36m---------------------------[0m
|04:14:34|W|[1m[31m		--> Very low voltage: either floating VDD sense-line or FMC not powered (voltage = [1m[33m0.000[1m[31m)[0m
|04:14:34|I|[1m[34m	--> Hybrid voltage: [1m[33m0.000[1m[34m V (corresponds to half VOUT_dig_ShuLDO of the chip)[0m
|04:14:34|I|[1m[34m	--> Hybrid temperature: [1m[33m-273.150[1m[34m C[0m
|04:14:34|I|[1m[34m	--> VOUT_ana_ShuLDO: [1m[33m0.600 +/- 0.024[1m[34m V[0m
|04:14:34|I|[1m[34m	--> VOUT_dig_ShuLDO: [1m[33m0.651 +/- 0.026[1m[34m V[0m
|04:14:34|I|[1m[34m	--> ADCbandgap: [1m[33m0.452 +/- 0.018[1m[34m V[0m
|04:14:34|W|[1m[31m		--> ADC measurement in saturation (ADC = [1m[33m4095[1m[31m): likely the IMUX resistor, that converts the current into a voltage, is not connected[0m
|04:14:34|I|[1m[34m	--> Iref: [1m[33m83.880 +/- 3.355[1m[34m uA[0m
|04:14:34|I|[1m[34m	--> TEMPSENS_1: [1m[33m83.849 +/- 3.354[1m[34m C[0m
|04:14:34|I|[1m[34m	--> TEMPSENS_4: [1m[33m84.560 +/- 3.382[1m[34m C[0m
|04:14:34|I|[1m[34m	--> Done[0m
|04:14:35|I|[36m---------------------------[0m
|04:14:35|I|[32m****** Reading  data ******[0m
|04:14:35|I|[32mn. 32 bit words :    800000[0m
|04:14:35|I|[1m[35m>>>> Progress :  41.0% <<<<[0m
|04:14:35|I|[36m---------------------------[0m
|04:14:35|I|[1m[34m	--> VOUT_ana_ShuLDO: [1m[33m0.600 +/- 0.024[1m[34m V[0m
|04:14:35|I|[1m[34m	--> VOUT_dig_ShuLDO: [1m[33m0.650 +/- 0.026[1m[34m V[0m
|04:14:35|I|[1m[34m	--> ADCbandgap: [1m[33m0.452 +/- 0.018[1m[34m V[0m
|04:14:35|W|[1m[31m		--> ADC measurement in saturation (ADC = [1m[33m4095[1m[31m): likely the IMUX resistor, that converts the current into a voltage, is not connected[0m
|04:14:35|I|[1m[34m	--> Iref: [1m[33m83.880 +/- 3.355[1m[34m uA[0m
|04:14:35|I|[1m[34m	--> TEMPSENS_1: [1m[33m83.849 +/- 3.354[1m[34m C[0m
|04:14:35|I|[1m[34m	--> TEMPSENS_4: [1m[33m83.138 +/- 3.326[1m[34m C[0m
|04:14:35|I|[36m---------------------------[0m
|04:14:35|I|[32m****** Reading  data ******[0m
|04:14:35|I|[32mn. 32 bit words :    800000[0m
|04:14:35|I|[1m[35m>>>> Progress :  42.0% <<<<[0m
|04:14:35|I|[36m---------------------------[0m
|04:14:36|I|[32mMonitor data for [board/opticalGroup/hybrid/chip = [1m[33m0/0/0/0[0m[32m][0m
|04:14:36|I|[36m---------------------------[0m
|04:14:36|I|[32m****** Reading  data ******[0m
|04:14:36|I|[32mn. 32 bit words :    800000[0m
|04:14:36|I|[1m[35m>>>> Progress :  43.0% <<<<[0m
|04:14:36|I|[36m---------------------------[0m
|04:14:36|W|[1m[31m		--> Very low voltage: either floating VDD sense-line or FMC not powered (voltage = [1m[33m0.000[1m[31m)[0m
|04:14:36|I|[1m[34m	--> Hybrid voltage: [1m[33m0.000[1m[34m V (corresponds to half VOUT_dig_ShuLDO of the chip)[0m
|04:14:36|I|[1m[34m	--> Hybrid temperature: [1m[33m-273.150[1m[34m C[0m
|04:14:36|I|[1m[34m	--> VOUT_ana_ShuLDO: [1m[33m0.600 +/- 0.024[1m[34m V[0m
|04:14:36|I|[1m[34m	--> VOUT_dig_ShuLDO: [1m[33m0.651 +/- 0.026[1m[34m V[0m
|04:14:36|I|[1m[34m	--> ADCbandgap: [1m[33m0.452 +/- 0.018[1m[34m V[0m
|04:14:36|W|[1m[31m		--> ADC measurement in saturation (ADC = [1m[33m4095[1m[31m): likely the IMUX resistor, that converts the current into a voltage, is not connected[0m
|04:14:36|I|[1m[34m	--> Iref: [1m[33m83.880 +/- 3.355[1m[34m uA[0m
|04:14:36|I|[1m[34m	--> TEMPSENS_1: [1m[33m83.138 +/- 3.326[1m[34m C[0m
|04:14:36|I|[1m[34m	--> TEMPSENS_4: [1m[33m84.560 +/- 3.382[1m[34m C[0m
|04:14:36|I|[1m[34m	--> Done[0m
|04:14:37|I|[36m---------------------------[0m
|04:14:37|I|[32m****** Reading  data ******[0m
|04:14:37|I|[32mn. 32 bit words :    800000[0m
|04:14:37|I|[1m[35m>>>> Progress :  44.0% <<<<[0m
|04:14:37|I|[36m---------------------------[0m
|04:14:37|I|[1m[34m	--> VOUT_ana_ShuLDO: [1m[33m0.600 +/- 0.024[1m[34m V[0m
|04:14:37|I|[1m[34m	--> VOUT_dig_ShuLDO: [1m[33m0.650 +/- 0.026[1m[34m V[0m
|04:14:37|I|[1m[34m	--> ADCbandgap: [1m[33m0.451 +/- 0.018[1m[34m V[0m
|04:14:37|W|[1m[31m		--> ADC measurement in saturation (ADC = [1m[33m4095[1m[31m): likely the IMUX resistor, that converts the current into a voltage, is not connected[0m
|04:14:37|I|[1m[34m	--> Iref: [1m[33m83.880 +/- 3.355[1m[34m uA[0m
|04:14:37|I|[1m[34m	--> TEMPSENS_1: [1m[33m83.138 +/- 3.326[1m[34m C[0m
|04:14:37|I|[1m[34m	--> TEMPSENS_4: [1m[33m83.849 +/- 3.354[1m[34m C[0m
|04:14:38|I|[36m---------------------------[0m
|04:14:38|I|[32m****** Reading  data ******[0m
|04:14:38|I|[32mn. 32 bit words :    800000[0m
|04:14:38|I|[1m[35m>>>> Progress :  45.0% <<<<[0m
|04:14:38|I|[36m---------------------------[0m
|04:14:38|I|[32mMonitor data for [board/opticalGroup/hybrid/chip = [1m[33m0/0/0/0[0m[32m][0m
|04:14:38|I|[36m---------------------------[0m
|04:14:38|I|[32m****** Reading  data ******[0m
|04:14:38|I|[32mn. 32 bit words :    800000[0m
|04:14:38|I|[1m[35m>>>> Progress :  46.0% <<<<[0m
|04:14:38|I|[36m---------------------------[0m
|04:14:38|W|[1m[31m		--> Very low voltage: either floating VDD sense-line or FMC not powered (voltage = [1m[33m0.000[1m[31m)[0m
|04:14:38|I|[1m[34m	--> Hybrid voltage: [1m[33m0.000[1m[34m V (corresponds to half VOUT_dig_ShuLDO of the chip)[0m
|04:14:39|I|[1m[34m	--> Hybrid temperature: [1m[33m-273.150[1m[34m C[0m
|04:14:39|I|[1m[34m	--> VOUT_ana_ShuLDO: [1m[33m0.600 +/- 0.024[1m[34m V[0m
|04:14:39|I|[1m[34m	--> VOUT_dig_ShuLDO: [1m[33m0.651 +/- 0.026[1m[34m V[0m
|04:14:39|I|[1m[34m	--> ADCbandgap: [1m[33m0.451 +/- 0.018[1m[34m V[0m
|04:14:39|W|[1m[31m		--> ADC measurement in saturation (ADC = [1m[33m4095[1m[31m): likely the IMUX resistor, that converts the current into a voltage, is not connected[0m
|04:14:39|I|[1m[34m	--> Iref: [1m[33m83.880 +/- 3.355[1m[34m uA[0m
|04:14:39|I|[1m[34m	--> TEMPSENS_1: [1m[33m83.138 +/- 3.326[1m[34m C[0m
|04:14:39|I|[1m[34m	--> TEMPSENS_4: [1m[33m83.849 +/- 3.354[1m[34m C[0m
|04:14:39|I|[1m[34m	--> Done[0m
|04:14:39|I|[36m---------------------------[0m
|04:14:39|I|[32m****** Reading  data ******[0m
|04:14:39|I|[32mn. 32 bit words :    800000[0m
|04:14:39|I|[1m[35m>>>> Progress :  47.0% <<<<[0m
|04:14:39|I|[36m---------------------------[0m
|04:14:39|I|[1m[34m	--> VOUT_ana_ShuLDO: [1m[33m0.600 +/- 0.024[1m[34m V[0m
|04:14:39|I|[1m[34m	--> VOUT_dig_ShuLDO: [1m[33m0.650 +/- 0.026[1m[34m V[0m
|04:14:39|I|[1m[34m	--> ADCbandgap: [1m[33m0.452 +/- 0.018[1m[34m V[0m
|04:14:39|W|[1m[31m		--> ADC measurement in saturation (ADC = [1m[33m4095[1m[31m): likely the IMUX resistor, that converts the current into a voltage, is not connected[0m
|04:14:39|I|[1m[34m	--> Iref: [1m[33m83.880 +/- 3.355[1m[34m uA[0m
|04:14:39|I|[1m[34m	--> TEMPSENS_1: [1m[33m83.138 +/- 3.326[1m[34m C[0m
|04:14:39|I|[1m[34m	--> TEMPSENS_4: [1m[33m83.849 +/- 3.354[1m[34m C[0m
|04:14:40|I|[36m---------------------------[0m
|04:14:40|I|[32m****** Reading  data ******[0m
|04:14:40|I|[32mn. 32 bit words :    800000[0m
|04:14:40|I|[1m[35m>>>> Progress :  48.0% <<<<[0m
|04:14:40|I|[36m---------------------------[0m
|04:14:40|I|[36m---------------------------[0m
|04:14:40|I|[32m****** Reading  data ******[0m
|04:14:40|I|[32mn. 32 bit words :    800000[0m
|04:14:40|I|[1m[35m>>>> Progress :  49.0% <<<<[0m
|04:14:40|I|[36m---------------------------[0m
|04:14:40|I|[32mMonitor data for [board/opticalGroup/hybrid/chip = [1m[33m0/0/0/0[0m[32m][0m
|04:14:41|W|[1m[31m		--> Very low voltage: either floating VDD sense-line or FMC not powered (voltage = [1m[33m0.000[1m[31m)[0m
|04:14:41|I|[1m[34m	--> Hybrid voltage: [1m[33m0.000[1m[34m V (corresponds to half VOUT_dig_ShuLDO of the chip)[0m
|04:14:41|I|[1m[34m	--> Hybrid temperature: [1m[33m-273.150[1m[34m C[0m
|04:14:41|I|[1m[34m	--> VOUT_ana_ShuLDO: [1m[33m0.600 +/- 0.024[1m[34m V[0m
|04:14:41|I|[1m[34m	--> VOUT_dig_ShuLDO: [1m[33m0.651 +/- 0.026[1m[34m V[0m
|04:14:41|I|[1m[34m	--> ADCbandgap: [1m[33m0.452 +/- 0.018[1m[34m V[0m
|04:14:41|W|[1m[31m		--> ADC measurement in saturation (ADC = [1m[33m4095[1m[31m): likely the IMUX resistor, that converts the current into a voltage, is not connected[0m
|04:14:41|I|[1m[34m	--> Iref: [1m[33m83.880 +/- 3.355[1m[34m uA[0m
|04:14:41|I|[1m[34m	--> TEMPSENS_1: [1m[33m83.849 +/- 3.354[1m[34m C[0m
|04:14:41|I|[1m[34m	--> TEMPSENS_4: [1m[33m83.849 +/- 3.354[1m[34m C[0m
|04:14:41|I|[1m[34m	--> Done[0m
|04:14:41|I|[1m[34m	--> VOUT_ana_ShuLDO: [1m[33m0.600 +/- 0.024[1m[34m V[0m
|04:14:41|I|[1m[34m	--> VOUT_dig_ShuLDO: [1m[33m0.650 +/- 0.026[1m[34m V[0m
|04:14:42|I|[36m---------------------------[0m
|04:14:42|I|[32m****** Reading  data ******[0m
|04:14:42|I|[32mn. 32 bit words :    800000[0m
|04:14:42|I|[1m[35m>>>> Progress :  50.0% <<<<[0m
|04:14:42|I|[36m---------------------------[0m
|04:14:42|I|[1m[34m	--> ADCbandgap: [1m[33m0.451 +/- 0.018[1m[34m V[0m
|04:14:42|W|[1m[31m		--> ADC measurement in saturation (ADC = [1m[33m4095[1m[31m): likely the IMUX resistor, that converts the current into a voltage, is not connected[0m
|04:14:42|I|[1m[34m	--> Iref: [1m[33m83.880 +/- 3.355[1m[34m uA[0m
|04:14:42|I|[1m[34m	--> TEMPSENS_1: [1m[33m83.849 +/- 3.354[1m[34m C[0m
|04:14:42|I|[1m[34m	--> TEMPSENS_4: [1m[33m83.849 +/- 3.354[1m[34m C[0m
|04:14:42|I|[36m---------------------------[0m
|04:14:42|I|[32m****** Reading  data ******[0m
|04:14:42|I|[32mn. 32 bit words :    800000[0m
|04:14:42|I|[1m[35m>>>> Progress :  51.0% <<<<[0m
|04:14:42|I|[36m---------------------------[0m
|04:14:43|I|[32mMonitor data for [board/opticalGroup/hybrid/chip = [1m[33m0/0/0/0[0m[32m][0m
|04:14:43|I|[36m---------------------------[0m
|04:14:43|I|[32m****** Reading  data ******[0m
|04:14:43|I|[32mn. 32 bit words :    800000[0m
|04:14:43|I|[1m[35m>>>> Progress :  52.0% <<<<[0m
|04:14:43|I|[36m---------------------------[0m
|04:14:43|W|[1m[31m		--> Very low voltage: either floating VDD sense-line or FMC not powered (voltage = [1m[33m0.000[1m[31m)[0m
|04:14:43|I|[1m[34m	--> Hybrid voltage: [1m[33m0.000[1m[34m V (corresponds to half VOUT_dig_ShuLDO of the chip)[0m
|04:14:43|I|[1m[34m	--> Hybrid temperature: [1m[33m-273.150[1m[34m C[0m
|04:14:43|I|[1m[34m	--> VOUT_ana_ShuLDO: [1m[33m0.600 +/- 0.024[1m[34m V[0m
|04:14:43|I|[1m[34m	--> VOUT_dig_ShuLDO: [1m[33m0.650 +/- 0.026[1m[34m V[0m
|04:14:43|I|[1m[34m	--> ADCbandgap: [1m[33m0.451 +/- 0.018[1m[34m V[0m
|04:14:43|W|[1m[31m		--> ADC measurement in saturation (ADC = [1m[33m4095[1m[31m): likely the IMUX resistor, that converts the current into a voltage, is not connected[0m
|04:14:43|I|[1m[34m	--> Iref: [1m[33m83.880 +/- 3.355[1m[34m uA[0m
|04:14:43|I|[1m[34m	--> TEMPSENS_1: [1m[33m83.138 +/- 3.326[1m[34m C[0m
|04:14:43|I|[1m[34m	--> TEMPSENS_4: [1m[33m83.849 +/- 3.354[1m[34m C[0m
|04:14:43|I|[1m[34m	--> Done[0m
|04:14:44|I|[36m---------------------------[0m
|04:14:44|I|[32m****** Reading  data ******[0m
|04:14:44|I|[32mn. 32 bit words :    800000[0m
|04:14:44|I|[1m[35m>>>> Progress :  53.0% <<<<[0m
|04:14:44|I|[36m---------------------------[0m
|04:14:44|I|[1m[34m	--> VOUT_ana_ShuLDO: [1m[33m0.600 +/- 0.024[1m[34m V[0m
|04:14:44|I|[1m[34m	--> VOUT_dig_ShuLDO: [1m[33m0.650 +/- 0.026[1m[34m V[0m
|04:14:44|I|[1m[34m	--> ADCbandgap: [1m[33m0.452 +/- 0.018[1m[34m V[0m
|04:14:44|W|[1m[31m		--> ADC measurement in saturation (ADC = [1m[33m4095[1m[31m): likely the IMUX resistor, that converts the current into a voltage, is not connected[0m
|04:14:44|I|[1m[34m	--> Iref: [1m[33m83.880 +/- 3.355[1m[34m uA[0m
|04:14:44|I|[1m[34m	--> TEMPSENS_1: [1m[33m84.560 +/- 3.382[1m[34m C[0m
|04:14:44|I|[1m[34m	--> TEMPSENS_4: [1m[33m83.849 +/- 3.354[1m[34m C[0m
|04:14:44|I|[36m---------------------------[0m
|04:14:44|I|[32m****** Reading  data ******[0m
|04:14:44|I|[32mn. 32 bit words :    800000[0m
|04:14:44|I|[1m[35m>>>> Progress :  54.0% <<<<[0m
|04:14:44|I|[36m---------------------------[0m
|04:14:45|I|[36m---------------------------[0m
|04:14:45|I|[32m****** Reading  data ******[0m
|04:14:45|I|[32mn. 32 bit words :    800000[0m
|04:14:45|I|[1m[35m>>>> Progress :  55.0% <<<<[0m
|04:14:45|I|[36m---------------------------[0m
|04:14:45|I|[32mMonitor data for [board/opticalGroup/hybrid/chip = [1m[33m0/0/0/0[0m[32m][0m
|04:14:45|W|[1m[31m		--> Very low voltage: either floating VDD sense-line or FMC not powered (voltage = [1m[33m0.000[1m[31m)[0m
|04:14:45|I|[1m[34m	--> Hybrid voltage: [1m[33m0.000[1m[34m V (corresponds to half VOUT_dig_ShuLDO of the chip)[0m
|04:14:46|I|[1m[34m	--> Hybrid temperature: [1m[33m-273.150[1m[34m C[0m
|04:14:46|I|[1m[34m	--> VOUT_ana_ShuLDO: [1m[33m0.600 +/- 0.024[1m[34m V[0m
|04:14:46|I|[1m[34m	--> VOUT_dig_ShuLDO: [1m[33m0.650 +/- 0.026[1m[34m V[0m
|04:14:46|I|[1m[34m	--> ADCbandgap: [1m[33m0.451 +/- 0.018[1m[34m V[0m
|04:14:46|W|[1m[31m		--> ADC measurement in saturation (ADC = [1m[33m4095[1m[31m): likely the IMUX resistor, that converts the current into a voltage, is not connected[0m
|04:14:46|I|[1m[34m	--> Iref: [1m[33m83.880 +/- 3.355[1m[34m uA[0m
|04:14:46|I|[1m[34m	--> TEMPSENS_1: [1m[33m83.849 +/- 3.354[1m[34m C[0m
|04:14:46|I|[1m[34m	--> TEMPSENS_4: [1m[33m84.560 +/- 3.382[1m[34m C[0m
|04:14:46|I|[1m[34m	--> Done[0m
|04:14:46|I|[36m---------------------------[0m
|04:14:46|I|[32m****** Reading  data ******[0m
|04:14:46|I|[32mn. 32 bit words :    800000[0m
|04:14:46|I|[1m[35m>>>> Progress :  56.0% <<<<[0m
|04:14:46|I|[36m---------------------------[0m
|04:14:46|I|[1m[34m	--> VOUT_ana_ShuLDO: [1m[33m0.600 +/- 0.024[1m[34m V[0m
|04:14:46|I|[1m[34m	--> VOUT_dig_ShuLDO: [1m[33m0.651 +/- 0.026[1m[34m V[0m
|04:14:46|I|[1m[34m	--> ADCbandgap: [1m[33m0.452 +/- 0.018[1m[34m V[0m
|04:14:46|W|[1m[31m		--> ADC measurement in saturation (ADC = [1m[33m4095[1m[31m): likely the IMUX resistor, that converts the current into a voltage, is not connected[0m
|04:14:46|I|[1m[34m	--> Iref: [1m[33m83.880 +/- 3.355[1m[34m uA[0m
|04:14:46|I|[1m[34m	--> TEMPSENS_1: [1m[33m83.849 +/- 3.354[1m[34m C[0m
|04:14:46|I|[1m[34m	--> TEMPSENS_4: [1m[33m83.138 +/- 3.326[1m[34m C[0m
|04:14:47|I|[36m---------------------------[0m
|04:14:47|I|[32m****** Reading  data ******[0m
|04:14:47|I|[32mn. 32 bit words :    800000[0m
|04:14:47|I|[1m[35m>>>> Progress :  57.0% <<<<[0m
|04:14:47|I|[36m---------------------------[0m
|04:14:47|I|[32mMonitor data for [board/opticalGroup/hybrid/chip = [1m[33m0/0/0/0[0m[32m][0m
|04:14:47|I|[36m---------------------------[0m
|04:14:47|I|[32m****** Reading  data ******[0m
|04:14:47|I|[32mn. 32 bit words :    800000[0m
|04:14:47|I|[1m[35m>>>> Progress :  58.0% <<<<[0m
|04:14:47|I|[36m---------------------------[0m
|04:14:47|W|[1m[31m		--> Very low voltage: either floating VDD sense-line or FMC not powered (voltage = [1m[33m0.000[1m[31m)[0m
|04:14:47|I|[1m[34m	--> Hybrid voltage: [1m[33m0.000[1m[34m V (corresponds to half VOUT_dig_ShuLDO of the chip)[0m
|04:14:48|I|[1m[34m	--> Hybrid temperature: [1m[33m-273.150[1m[34m C[0m
|04:14:48|I|[1m[34m	--> VOUT_ana_ShuLDO: [1m[33m0.600 +/- 0.024[1m[34m V[0m
|04:14:48|I|[1m[34m	--> VOUT_dig_ShuLDO: [1m[33m0.651 +/- 0.026[1m[34m V[0m
|04:14:48|I|[1m[34m	--> ADCbandgap: [1m[33m0.451 +/- 0.018[1m[34m V[0m
|04:14:48|W|[1m[31m		--> ADC measurement in saturation (ADC = [1m[33m4095[1m[31m): likely the IMUX resistor, that converts the current into a voltage, is not connected[0m
|04:14:48|I|[1m[34m	--> Iref: [1m[33m83.880 +/- 3.355[1m[34m uA[0m
|04:14:48|I|[1m[34m	--> TEMPSENS_1: [1m[33m83.138 +/- 3.326[1m[34m C[0m
|04:14:48|I|[1m[34m	--> TEMPSENS_4: [1m[33m83.138 +/- 3.326[1m[34m C[0m
|04:14:48|I|[1m[34m	--> Done[0m
|04:14:48|I|[36m---------------------------[0m
|04:14:48|I|[32m****** Reading  data ******[0m
|04:14:48|I|[32mn. 32 bit words :    800000[0m
|04:14:48|I|[1m[35m>>>> Progress :  59.0% <<<<[0m
|04:14:48|I|[36m---------------------------[0m
|04:14:48|I|[1m[34m	--> VOUT_ana_ShuLDO: [1m[33m0.600 +/- 0.024[1m[34m V[0m
|04:14:48|I|[1m[34m	--> VOUT_dig_ShuLDO: [1m[33m0.650 +/- 0.026[1m[34m V[0m
|04:14:48|I|[1m[34m	--> ADCbandgap: [1m[33m0.452 +/- 0.018[1m[34m V[0m
|04:14:48|W|[1m[31m		--> ADC measurement in saturation (ADC = [1m[33m4095[1m[31m): likely the IMUX resistor, that converts the current into a voltage, is not connected[0m
|04:14:48|I|[1m[34m	--> Iref: [1m[33m83.880 +/- 3.355[1m[34m uA[0m
|04:14:48|I|[1m[34m	--> TEMPSENS_1: [1m[33m83.849 +/- 3.354[1m[34m C[0m
|04:14:48|I|[1m[34m	--> TEMPSENS_4: [1m[33m83.138 +/- 3.326[1m[34m C[0m
|04:14:49|I|[36m---------------------------[0m
|04:14:49|I|[32m****** Reading  data ******[0m
|04:14:49|I|[32mn. 32 bit words :    800000[0m
|04:14:49|I|[1m[35m>>>> Progress :  60.0% <<<<[0m
|04:14:49|I|[36m---------------------------[0m
|04:14:49|I|[32mMonitor data for [board/opticalGroup/hybrid/chip = [1m[33m0/0/0/0[0m[32m][0m
|04:14:49|I|[36m---------------------------[0m
|04:14:49|I|[32m****** Reading  data ******[0m
|04:14:49|I|[32mn. 32 bit words :    800000[0m
|04:14:49|I|[1m[35m>>>> Progress :  61.0% <<<<[0m
|04:14:49|I|[36m---------------------------[0m
|04:14:50|W|[1m[31m		--> Very low voltage: either floating VDD sense-line or FMC not powered (voltage = [1m[33m0.000[1m[31m)[0m
|04:14:50|I|[1m[34m	--> Hybrid voltage: [1m[33m0.000[1m[34m V (corresponds to half VOUT_dig_ShuLDO of the chip)[0m
|04:14:50|I|[1m[34m	--> Hybrid temperature: [1m[33m-273.150[1m[34m C[0m
|04:14:50|I|[1m[34m	--> VOUT_ana_ShuLDO: [1m[33m0.601 +/- 0.024[1m[34m V[0m
|04:14:50|I|[1m[34m	--> VOUT_dig_ShuLDO: [1m[33m0.651 +/- 0.026[1m[34m V[0m
|04:14:50|I|[1m[34m	--> ADCbandgap: [1m[33m0.452 +/- 0.018[1m[34m V[0m
|04:14:50|W|[1m[31m		--> ADC measurement in saturation (ADC = [1m[33m4095[1m[31m): likely the IMUX resistor, that converts the current into a voltage, is not connected[0m
|04:14:50|I|[1m[34m	--> Iref: [1m[33m83.880 +/- 3.355[1m[34m uA[0m
|04:14:50|I|[1m[34m	--> TEMPSENS_1: [1m[33m84.560 +/- 3.382[1m[34m C[0m
|04:14:50|I|[1m[34m	--> TEMPSENS_4: [1m[33m83.138 +/- 3.326[1m[34m C[0m
|04:14:50|I|[1m[34m	--> Done[0m
|04:14:51|I|[36m---------------------------[0m
|04:14:51|I|[32m****** Reading  data ******[0m
|04:14:51|I|[32mn. 32 bit words :    800000[0m
|04:14:51|I|[1m[35m>>>> Progress :  62.0% <<<<[0m
|04:14:51|I|[36m---------------------------[0m
|04:14:51|I|[1m[34m	--> VOUT_ana_ShuLDO: [1m[33m0.600 +/- 0.024[1m[34m V[0m
|04:14:51|I|[1m[34m	--> VOUT_dig_ShuLDO: [1m[33m0.651 +/- 0.026[1m[34m V[0m
|04:14:51|I|[1m[34m	--> ADCbandgap: [1m[33m0.451 +/- 0.018[1m[34m V[0m
|04:14:51|W|[1m[31m		--> ADC measurement in saturation (ADC = [1m[33m4095[1m[31m): likely the IMUX resistor, that converts the current into a voltage, is not connected[0m
|04:14:51|I|[1m[34m	--> Iref: [1m[33m83.880 +/- 3.355[1m[34m uA[0m
|04:14:51|I|[1m[34m	--> TEMPSENS_1: [1m[33m84.560 +/- 3.382[1m[34m C[0m
|04:14:51|I|[1m[34m	--> TEMPSENS_4: [1m[33m84.560 +/- 3.382[1m[34m C[0m
|04:14:51|I|[36m---------------------------[0m
|04:14:51|I|[32m****** Reading  data ******[0m
|04:14:51|I|[32mn. 32 bit words :    800000[0m
|04:14:51|I|[1m[35m>>>> Progress :  63.0% <<<<[0m
|04:14:51|I|[36m---------------------------[0m
|04:14:52|I|[36m---------------------------[0m
|04:14:52|I|[32m****** Reading  data ******[0m
|04:14:52|I|[32mn. 32 bit words :    800000[0m
|04:14:52|I|[1m[35m>>>> Progress :  64.0% <<<<[0m
|04:14:52|I|[36m---------------------------[0m
|04:14:52|I|[32mMonitor data for [board/opticalGroup/hybrid/chip = [1m[33m0/0/0/0[0m[32m][0m
|04:14:52|W|[1m[31m		--> Very low voltage: either floating VDD sense-line or FMC not powered (voltage = [1m[33m0.000[1m[31m)[0m
|04:14:52|I|[1m[34m	--> Hybrid voltage: [1m[33m0.000[1m[34m V (corresponds to half VOUT_dig_ShuLDO of the chip)[0m
|04:14:52|I|[1m[34m	--> Hybrid temperature: [1m[33m-273.150[1m[34m C[0m
|04:14:52|I|[1m[34m	--> VOUT_ana_ShuLDO: [1m[33m0.600 +/- 0.024[1m[34m V[0m
|04:14:52|I|[1m[34m	--> VOUT_dig_ShuLDO: [1m[33m0.651 +/- 0.026[1m[34m V[0m
|04:14:52|I|[1m[34m	--> ADCbandgap: [1m[33m0.451 +/- 0.018[1m[34m V[0m
|04:14:52|W|[1m[31m		--> ADC measurement in saturation (ADC = [1m[33m4095[1m[31m): likely the IMUX resistor, that converts the current into a voltage, is not connected[0m
|04:14:52|I|[1m[34m	--> Iref: [1m[33m83.880 +/- 3.355[1m[34m uA[0m
|04:14:52|I|[1m[34m	--> TEMPSENS_1: [1m[33m83.138 +/- 3.326[1m[34m C[0m
|04:14:52|I|[1m[34m	--> TEMPSENS_4: [1m[33m83.849 +/- 3.354[1m[34m C[0m
|04:14:52|I|[1m[34m	--> Done[0m
|04:14:53|I|[36m---------------------------[0m
|04:14:53|I|[32m****** Reading  data ******[0m
|04:14:53|I|[32mn. 32 bit words :    800000[0m
|04:14:53|I|[1m[35m>>>> Progress :  65.0% <<<<[0m
|04:14:53|I|[36m---------------------------[0m
|04:14:53|I|[1m[34m	--> VOUT_ana_ShuLDO: [1m[33m0.600 +/- 0.024[1m[34m V[0m
|04:14:53|I|[1m[34m	--> VOUT_dig_ShuLDO: [1m[33m0.651 +/- 0.026[1m[34m V[0m
|04:14:53|I|[1m[34m	--> ADCbandgap: [1m[33m0.452 +/- 0.018[1m[34m V[0m
|04:14:53|W|[1m[31m		--> ADC measurement in saturation (ADC = [1m[33m4095[1m[31m): likely the IMUX resistor, that converts the current into a voltage, is not connected[0m
|04:14:53|I|[1m[34m	--> Iref: [1m[33m83.880 +/- 3.355[1m[34m uA[0m
|04:14:53|I|[1m[34m	--> TEMPSENS_1: [1m[33m83.849 +/- 3.354[1m[34m C[0m
|04:14:53|I|[1m[34m	--> TEMPSENS_4: [1m[33m83.849 +/- 3.354[1m[34m C[0m
|04:14:53|I|[36m---------------------------[0m
|04:14:53|I|[32m****** Reading  data ******[0m
|04:14:53|I|[32mn. 32 bit words :    800000[0m
|04:14:53|I|[1m[35m>>>> Progress :  66.0% <<<<[0m
|04:14:53|I|[36m---------------------------[0m
|04:14:54|I|[36m---------------------------[0m
|04:14:54|I|[32m****** Reading  data ******[0m
|04:14:54|I|[32mn. 32 bit words :    800000[0m
|04:14:54|I|[1m[35m>>>> Progress :  67.0% <<<<[0m
|04:14:54|I|[36m---------------------------[0m
|04:14:54|I|[32mMonitor data for [board/opticalGroup/hybrid/chip = [1m[33m0/0/0/0[0m[32m][0m
|04:14:54|W|[1m[31m		--> Very low voltage: either floating VDD sense-line or FMC not powered (voltage = [1m[33m0.000[1m[31m)[0m
|04:14:54|I|[1m[34m	--> Hybrid voltage: [1m[33m0.000[1m[34m V (corresponds to half VOUT_dig_ShuLDO of the chip)[0m
|04:14:55|I|[1m[34m	--> Hybrid temperature: [1m[33m-273.150[1m[34m C[0m
|04:14:55|I|[1m[34m	--> VOUT_ana_ShuLDO: [1m[33m0.600 +/- 0.024[1m[34m V[0m
|04:14:55|I|[1m[34m	--> VOUT_dig_ShuLDO: [1m[33m0.651 +/- 0.026[1m[34m V[0m
|04:14:55|I|[1m[34m	--> ADCbandgap: [1m[33m0.452 +/- 0.018[1m[34m V[0m
|04:14:55|W|[1m[31m		--> ADC measurement in saturation (ADC = [1m[33m4095[1m[31m): likely the IMUX resistor, that converts the current into a voltage, is not connected[0m
|04:14:55|I|[1m[34m	--> Iref: [1m[33m83.880 +/- 3.355[1m[34m uA[0m
|04:14:55|I|[1m[34m	--> TEMPSENS_1: [1m[33m83.849 +/- 3.354[1m[34m C[0m
|04:14:55|I|[1m[34m	--> TEMPSENS_4: [1m[33m83.849 +/- 3.354[1m[34m C[0m
|04:14:55|I|[1m[34m	--> Done[0m
|04:14:55|I|[36m---------------------------[0m
|04:14:55|I|[32m****** Reading  data ******[0m
|04:14:55|I|[32mn. 32 bit words :    800000[0m
|04:14:55|I|[1m[35m>>>> Progress :  68.0% <<<<[0m
|04:14:55|I|[36m---------------------------[0m
|04:14:55|I|[1m[34m	--> VOUT_ana_ShuLDO: [1m[33m0.600 +/- 0.024[1m[34m V[0m
|04:14:55|I|[1m[34m	--> VOUT_dig_ShuLDO: [1m[33m0.650 +/- 0.026[1m[34m V[0m
|04:14:55|I|[1m[34m	--> ADCbandgap: [1m[33m0.451 +/- 0.018[1m[34m V[0m
|04:14:55|W|[1m[31m		--> ADC measurement in saturation (ADC = [1m[33m4095[1m[31m): likely the IMUX resistor, that converts the current into a voltage, is not connected[0m
|04:14:55|I|[1m[34m	--> Iref: [1m[33m83.880 +/- 3.355[1m[34m uA[0m
|04:14:55|I|[1m[34m	--> TEMPSENS_1: [1m[33m83.138 +/- 3.326[1m[34m C[0m
|04:14:55|I|[1m[34m	--> TEMPSENS_4: [1m[33m84.560 +/- 3.382[1m[34m C[0m
|04:14:56|I|[36m---------------------------[0m
|04:14:56|I|[32m****** Reading  data ******[0m
|04:14:56|I|[32mn. 32 bit words :    800000[0m
|04:14:56|I|[1m[35m>>>> Progress :  69.0% <<<<[0m
|04:14:56|I|[36m---------------------------[0m
|04:14:56|I|[32mMonitor data for [board/opticalGroup/hybrid/chip = [1m[33m0/0/0/0[0m[32m][0m
|04:14:56|I|[36m---------------------------[0m
|04:14:56|I|[32m****** Reading  data ******[0m
|04:14:56|I|[32mn. 32 bit words :    800000[0m
|04:14:56|I|[1m[35m>>>> Progress :  70.0% <<<<[0m
|04:14:56|I|[36m---------------------------[0m
|04:14:57|W|[1m[31m		--> Very low voltage: either floating VDD sense-line or FMC not powered (voltage = [1m[33m0.000[1m[31m)[0m
|04:14:57|I|[1m[34m	--> Hybrid voltage: [1m[33m0.000[1m[34m V (corresponds to half VOUT_dig_ShuLDO of the chip)[0m
|04:14:57|I|[1m[34m	--> Hybrid temperature: [1m[33m-273.150[1m[34m C[0m
|04:14:57|I|[1m[34m	--> VOUT_ana_ShuLDO: [1m[33m0.600 +/- 0.024[1m[34m V[0m
|04:14:57|I|[1m[34m	--> VOUT_dig_ShuLDO: [1m[33m0.650 +/- 0.026[1m[34m V[0m
|04:14:57|I|[1m[34m	--> ADCbandgap: [1m[33m0.452 +/- 0.018[1m[34m V[0m
|04:14:57|W|[1m[31m		--> ADC measurement in saturation (ADC = [1m[33m4095[1m[31m): likely the IMUX resistor, that converts the current into a voltage, is not connected[0m
|04:14:57|I|[1m[34m	--> Iref: [1m[33m83.880 +/- 3.355[1m[34m uA[0m
|04:14:57|I|[1m[34m	--> TEMPSENS_1: [1m[33m83.849 +/- 3.354[1m[34m C[0m
|04:14:57|I|[1m[34m	--> TEMPSENS_4: [1m[33m83.849 +/- 3.354[1m[34m C[0m
|04:14:57|I|[1m[34m	--> Done[0m
|04:14:57|I|[36m---------------------------[0m
|04:14:57|I|[32m****** Reading  data ******[0m
|04:14:57|I|[32mn. 32 bit words :    800000[0m
|04:14:57|I|[1m[35m>>>> Progress :  71.0% <<<<[0m
|04:14:57|I|[36m---------------------------[0m
|04:14:57|I|[1m[34m	--> VOUT_ana_ShuLDO: [1m[33m0.600 +/- 0.024[1m[34m V[0m
|04:14:57|I|[1m[34m	--> VOUT_dig_ShuLDO: [1m[33m0.651 +/- 0.026[1m[34m V[0m
|04:14:58|I|[1m[34m	--> ADCbandgap: [1m[33m0.452 +/- 0.018[1m[34m V[0m
|04:14:58|W|[1m[31m		--> ADC measurement in saturation (ADC = [1m[33m4095[1m[31m): likely the IMUX resistor, that converts the current into a voltage, is not connected[0m
|04:14:58|I|[1m[34m	--> Iref: [1m[33m83.880 +/- 3.355[1m[34m uA[0m
|04:14:58|I|[1m[34m	--> TEMPSENS_1: [1m[33m83.138 +/- 3.326[1m[34m C[0m
|04:14:58|I|[1m[34m	--> TEMPSENS_4: [1m[33m83.849 +/- 3.354[1m[34m C[0m
|04:14:58|I|[36m---------------------------[0m
|04:14:58|I|[32m****** Reading  data ******[0m
|04:14:58|I|[32mn. 32 bit words :    800000[0m
|04:14:58|I|[1m[35m>>>> Progress :  72.0% <<<<[0m
|04:14:58|I|[36m---------------------------[0m
|04:14:59|I|[32mMonitor data for [board/opticalGroup/hybrid/chip = [1m[33m0/0/0/0[0m[32m][0m
|04:14:59|I|[36m---------------------------[0m
|04:14:59|I|[32m****** Reading  data ******[0m
|04:14:59|I|[32mn. 32 bit words :    800000[0m
|04:14:59|I|[1m[35m>>>> Progress :  73.0% <<<<[0m
|04:14:59|I|[36m---------------------------[0m
|04:14:59|W|[1m[31m		--> Very low voltage: either floating VDD sense-line or FMC not powered (voltage = [1m[33m0.000[1m[31m)[0m
|04:14:59|I|[1m[34m	--> Hybrid voltage: [1m[33m0.000[1m[34m V (corresponds to half VOUT_dig_ShuLDO of the chip)[0m
|04:14:59|I|[1m[34m	--> Hybrid temperature: [1m[33m-273.150[1m[34m C[0m
|04:14:59|I|[1m[34m	--> VOUT_ana_ShuLDO: [1m[33m0.600 +/- 0.024[1m[34m V[0m
|04:14:59|I|[1m[34m	--> VOUT_dig_ShuLDO: [1m[33m0.651 +/- 0.026[1m[34m V[0m
|04:14:59|I|[1m[34m	--> ADCbandgap: [1m[33m0.452 +/- 0.018[1m[34m V[0m
|04:14:59|W|[1m[31m		--> ADC measurement in saturation (ADC = [1m[33m4095[1m[31m): likely the IMUX resistor, that converts the current into a voltage, is not connected[0m
|04:14:59|I|[1m[34m	--> Iref: [1m[33m83.880 +/- 3.355[1m[34m uA[0m
|04:14:59|I|[1m[34m	--> TEMPSENS_1: [1m[33m83.849 +/- 3.354[1m[34m C[0m
|04:14:59|I|[1m[34m	--> TEMPSENS_4: [1m[33m83.849 +/- 3.354[1m[34m C[0m
|04:14:59|I|[1m[34m	--> Done[0m
|04:15:00|I|[36m---------------------------[0m
|04:15:00|I|[32m****** Reading  data ******[0m
|04:15:00|I|[32mn. 32 bit words :    800000[0m
|04:15:00|I|[1m[35m>>>> Progress :  74.0% <<<<[0m
|04:15:00|I|[36m---------------------------[0m
|04:15:00|I|[1m[34m	--> VOUT_ana_ShuLDO: [1m[33m0.600 +/- 0.024[1m[34m V[0m
|04:15:00|I|[1m[34m	--> VOUT_dig_ShuLDO: [1m[33m0.650 +/- 0.026[1m[34m V[0m
|04:15:00|I|[1m[34m	--> ADCbandgap: [1m[33m0.451 +/- 0.018[1m[34m V[0m
|04:15:00|W|[1m[31m		--> ADC measurement in saturation (ADC = [1m[33m4095[1m[31m): likely the IMUX resistor, that converts the current into a voltage, is not connected[0m
|04:15:00|I|[1m[34m	--> Iref: [1m[33m83.880 +/- 3.355[1m[34m uA[0m
|04:15:00|I|[1m[34m	--> TEMPSENS_1: [1m[33m83.138 +/- 3.326[1m[34m C[0m
|04:15:00|I|[1m[34m	--> TEMPSENS_4: [1m[33m83.138 +/- 3.326[1m[34m C[0m
|04:15:00|I|[36m---------------------------[0m
|04:15:00|I|[32m****** Reading  data ******[0m
|04:15:00|I|[32mn. 32 bit words :    800000[0m
|04:15:00|I|[1m[35m>>>> Progress :  75.0% <<<<[0m
|04:15:00|I|[36m---------------------------[0m
|04:15:01|I|[32mMonitor data for [board/opticalGroup/hybrid/chip = [1m[33m0/0/0/0[0m[32m][0m
|04:15:01|I|[36m---------------------------[0m
|04:15:01|I|[32m****** Reading  data ******[0m
|04:15:01|I|[32mn. 32 bit words :    800000[0m
|04:15:01|I|[1m[35m>>>> Progress :  76.0% <<<<[0m
|04:15:01|I|[36m---------------------------[0m
|04:15:01|W|[1m[31m		--> Very low voltage: either floating VDD sense-line or FMC not powered (voltage = [1m[33m0.000[1m[31m)[0m
|04:15:01|I|[1m[34m	--> Hybrid voltage: [1m[33m0.000[1m[34m V (corresponds to half VOUT_dig_ShuLDO of the chip)[0m
|04:15:01|I|[1m[34m	--> Hybrid temperature: [1m[33m-273.150[1m[34m C[0m
|04:15:01|I|[1m[34m	--> VOUT_ana_ShuLDO: [1m[33m0.600 +/- 0.024[1m[34m V[0m
|04:15:01|I|[1m[34m	--> VOUT_dig_ShuLDO: [1m[33m0.651 +/- 0.026[1m[34m V[0m
|04:15:02|I|[1m[34m	--> ADCbandgap: [1m[33m0.452 +/- 0.018[1m[34m V[0m
|04:15:02|W|[1m[31m		--> ADC measurement in saturation (ADC = [1m[33m4095[1m[31m): likely the IMUX resistor, that converts the current into a voltage, is not connected[0m
|04:15:02|I|[1m[34m	--> Iref: [1m[33m83.880 +/- 3.355[1m[34m uA[0m
|04:15:02|I|[1m[34m	--> TEMPSENS_1: [1m[33m83.138 +/- 3.326[1m[34m C[0m
|04:15:02|I|[1m[34m	--> TEMPSENS_4: [1m[33m83.849 +/- 3.354[1m[34m C[0m
|04:15:02|I|[1m[34m	--> Done[0m
|04:15:02|I|[36m---------------------------[0m
|04:15:02|I|[32m****** Reading  data ******[0m
|04:15:02|I|[32mn. 32 bit words :    800000[0m
|04:15:02|I|[1m[35m>>>> Progress :  77.0% <<<<[0m
|04:15:02|I|[36m---------------------------[0m
|04:15:02|I|[1m[34m	--> VOUT_ana_ShuLDO: [1m[33m0.600 +/- 0.024[1m[34m V[0m
|04:15:02|I|[1m[34m	--> VOUT_dig_ShuLDO: [1m[33m0.650 +/- 0.026[1m[34m V[0m
|04:15:02|I|[1m[34m	--> ADCbandgap: [1m[33m0.452 +/- 0.018[1m[34m V[0m
|04:15:02|W|[1m[31m		--> ADC measurement in saturation (ADC = [1m[33m4095[1m[31m): likely the IMUX resistor, that converts the current into a voltage, is not connected[0m
|04:15:02|I|[1m[34m	--> Iref: [1m[33m83.880 +/- 3.355[1m[34m uA[0m
|04:15:02|I|[1m[34m	--> TEMPSENS_1: [1m[33m84.560 +/- 3.382[1m[34m C[0m
|04:15:02|I|[1m[34m	--> TEMPSENS_4: [1m[33m83.138 +/- 3.326[1m[34m C[0m
|04:15:03|I|[36m---------------------------[0m
|04:15:03|I|[32m****** Reading  data ******[0m
|04:15:03|I|[32mn. 32 bit words :    800000[0m
|04:15:03|I|[1m[35m>>>> Progress :  78.0% <<<<[0m
|04:15:03|I|[36m---------------------------[0m
|04:15:03|I|[36m---------------------------[0m
|04:15:03|I|[32m****** Reading  data ******[0m
|04:15:03|I|[32mn. 32 bit words :    800000[0m
|04:15:03|I|[1m[35m>>>> Progress :  79.0% <<<<[0m
|04:15:03|I|[36m---------------------------[0m
|04:15:03|I|[32mMonitor data for [board/opticalGroup/hybrid/chip = [1m[33m0/0/0/0[0m[32m][0m
|04:15:03|W|[1m[31m		--> Very low voltage: either floating VDD sense-line or FMC not powered (voltage = [1m[33m0.000[1m[31m)[0m
|04:15:03|I|[1m[34m	--> Hybrid voltage: [1m[33m0.000[1m[34m V (corresponds to half VOUT_dig_ShuLDO of the chip)[0m
|04:15:04|I|[1m[34m	--> Hybrid temperature: [1m[33m-273.150[1m[34m C[0m
|04:15:04|I|[1m[34m	--> VOUT_ana_ShuLDO: [1m[33m0.600 +/- 0.024[1m[34m V[0m
|04:15:04|I|[1m[34m	--> VOUT_dig_ShuLDO: [1m[33m0.651 +/- 0.026[1m[34m V[0m
|04:15:04|I|[1m[34m	--> ADCbandgap: [1m[33m0.451 +/- 0.018[1m[34m V[0m
|04:15:04|W|[1m[31m		--> ADC measurement in saturation (ADC = [1m[33m4095[1m[31m): likely the IMUX resistor, that converts the current into a voltage, is not connected[0m
|04:15:04|I|[1m[34m	--> Iref: [1m[33m83.880 +/- 3.355[1m[34m uA[0m
|04:15:04|I|[1m[34m	--> TEMPSENS_1: [1m[33m83.849 +/- 3.354[1m[34m C[0m
|04:15:04|I|[1m[34m	--> TEMPSENS_4: [1m[33m83.849 +/- 3.354[1m[34m C[0m
|04:15:04|I|[1m[34m	--> Done[0m
|04:15:04|I|[36m---------------------------[0m
|04:15:04|I|[32m****** Reading  data ******[0m
|04:15:04|I|[32mn. 32 bit words :    800000[0m
|04:15:04|I|[1m[35m>>>> Progress :  80.0% <<<<[0m
|04:15:04|I|[36m---------------------------[0m
|04:15:04|I|[1m[34m	--> VOUT_ana_ShuLDO: [1m[33m0.600 +/- 0.024[1m[34m V[0m
|04:15:04|I|[1m[34m	--> VOUT_dig_ShuLDO: [1m[33m0.651 +/- 0.026[1m[34m V[0m
|04:15:04|I|[1m[34m	--> ADCbandgap: [1m[33m0.452 +/- 0.018[1m[34m V[0m
|04:15:04|W|[1m[31m		--> ADC measurement in saturation (ADC = [1m[33m4095[1m[31m): likely the IMUX resistor, that converts the current into a voltage, is not connected[0m
|04:15:04|I|[1m[34m	--> Iref: [1m[33m83.880 +/- 3.355[1m[34m uA[0m
|04:15:04|I|[1m[34m	--> TEMPSENS_1: [1m[33m84.560 +/- 3.382[1m[34m C[0m
|04:15:04|I|[1m[34m	--> TEMPSENS_4: [1m[33m83.138 +/- 3.326[1m[34m C[0m
|04:15:05|I|[36m---------------------------[0m
|04:15:05|I|[32m****** Reading  data ******[0m
|04:15:05|I|[32mn. 32 bit words :    800000[0m
|04:15:05|I|[1m[35m>>>> Progress :  81.0% <<<<[0m
|04:15:05|I|[36m---------------------------[0m
|04:15:05|I|[32mMonitor data for [board/opticalGroup/hybrid/chip = [1m[33m0/0/0/0[0m[32m][0m
|04:15:05|I|[36m---------------------------[0m
|04:15:05|I|[32m****** Reading  data ******[0m
|04:15:05|I|[32mn. 32 bit words :    800000[0m
|04:15:05|I|[1m[35m>>>> Progress :  82.0% <<<<[0m
|04:15:05|I|[36m---------------------------[0m
|04:15:06|W|[1m[31m		--> Very low voltage: either floating VDD sense-line or FMC not powered (voltage = [1m[33m0.000[1m[31m)[0m
|04:15:06|I|[1m[34m	--> Hybrid voltage: [1m[33m0.000[1m[34m V (corresponds to half VOUT_dig_ShuLDO of the chip)[0m
|04:15:06|I|[1m[34m	--> Hybrid temperature: [1m[33m-273.150[1m[34m C[0m
|04:15:06|I|[1m[34m	--> VOUT_ana_ShuLDO: [1m[33m0.600 +/- 0.024[1m[34m V[0m
|04:15:06|I|[1m[34m	--> VOUT_dig_ShuLDO: [1m[33m0.650 +/- 0.026[1m[34m V[0m
|04:15:06|I|[1m[34m	--> ADCbandgap: [1m[33m0.452 +/- 0.018[1m[34m V[0m
|04:15:06|W|[1m[31m		--> ADC measurement in saturation (ADC = [1m[33m4095[1m[31m): likely the IMUX resistor, that converts the current into a voltage, is not connected[0m
|04:15:06|I|[1m[34m	--> Iref: [1m[33m83.880 +/- 3.355[1m[34m uA[0m
|04:15:06|I|[1m[34m	--> TEMPSENS_1: [1m[33m83.138 +/- 3.326[1m[34m C[0m
|04:15:06|I|[1m[34m	--> TEMPSENS_4: [1m[33m83.138 +/- 3.326[1m[34m C[0m
|04:15:06|I|[1m[34m	--> Done[0m
|04:15:07|I|[36m---------------------------[0m
|04:15:07|I|[32m****** Reading  data ******[0m
|04:15:07|I|[32mn. 32 bit words :    800000[0m
|04:15:07|I|[1m[35m>>>> Progress :  83.0% <<<<[0m
|04:15:07|I|[36m---------------------------[0m
|04:15:07|I|[1m[34m	--> VOUT_ana_ShuLDO: [1m[33m0.600 +/- 0.024[1m[34m V[0m
|04:15:07|I|[1m[34m	--> VOUT_dig_ShuLDO: [1m[33m0.650 +/- 0.026[1m[34m V[0m
|04:15:07|I|[1m[34m	--> ADCbandgap: [1m[33m0.452 +/- 0.018[1m[34m V[0m
|04:15:07|W|[1m[31m		--> ADC measurement in saturation (ADC = [1m[33m4095[1m[31m): likely the IMUX resistor, that converts the current into a voltage, is not connected[0m
|04:15:07|I|[1m[34m	--> Iref: [1m[33m83.880 +/- 3.355[1m[34m uA[0m
|04:15:07|I|[1m[34m	--> TEMPSENS_1: [1m[33m83.138 +/- 3.326[1m[34m C[0m
|04:15:07|I|[1m[34m	--> TEMPSENS_4: [1m[33m83.138 +/- 3.326[1m[34m C[0m
|04:15:07|I|[36m---------------------------[0m
|04:15:07|I|[32m****** Reading  data ******[0m
|04:15:07|I|[32mn. 32 bit words :    800000[0m
|04:15:07|I|[1m[35m>>>> Progress :  84.0% <<<<[0m
|04:15:07|I|[36m---------------------------[0m
|04:15:08|I|[36m---------------------------[0m
|04:15:08|I|[32m****** Reading  data ******[0m
|04:15:08|I|[32mn. 32 bit words :    800000[0m
|04:15:08|I|[1m[35m>>>> Progress :  85.0% <<<<[0m
|04:15:08|I|[36m---------------------------[0m
|04:15:08|I|[32mMonitor data for [board/opticalGroup/hybrid/chip = [1m[33m0/0/0/0[0m[32m][0m
|04:15:08|W|[1m[31m		--> Very low voltage: either floating VDD sense-line or FMC not powered (voltage = [1m[33m0.000[1m[31m)[0m
|04:15:08|I|[1m[34m	--> Hybrid voltage: [1m[33m0.000[1m[34m V (corresponds to half VOUT_dig_ShuLDO of the chip)[0m
|04:15:08|I|[1m[34m	--> Hybrid temperature: [1m[33m-273.150[1m[34m C[0m
|04:15:08|I|[1m[34m	--> VOUT_ana_ShuLDO: [1m[33m0.600 +/- 0.024[1m[34m V[0m
|04:15:08|I|[1m[34m	--> VOUT_dig_ShuLDO: [1m[33m0.651 +/- 0.026[1m[34m V[0m
|04:15:08|I|[1m[34m	--> ADCbandgap: [1m[33m0.452 +/- 0.018[1m[34m V[0m
|04:15:08|W|[1m[31m		--> ADC measurement in saturation (ADC = [1m[33m4095[1m[31m): likely the IMUX resistor, that converts the current into a voltage, is not connected[0m
|04:15:08|I|[1m[34m	--> Iref: [1m[33m83.880 +/- 3.355[1m[34m uA[0m
|04:15:08|I|[1m[34m	--> TEMPSENS_1: [1m[33m83.138 +/- 3.326[1m[34m C[0m
|04:15:08|I|[1m[34m	--> TEMPSENS_4: [1m[33m83.138 +/- 3.326[1m[34m C[0m
|04:15:08|I|[1m[34m	--> Done[0m
|04:15:09|I|[36m---------------------------[0m
|04:15:09|I|[32m****** Reading  data ******[0m
|04:15:09|I|[32mn. 32 bit words :    800000[0m
|04:15:09|I|[1m[35m>>>> Progress :  86.0% <<<<[0m
|04:15:09|I|[36m---------------------------[0m
|04:15:09|I|[1m[34m	--> VOUT_ana_ShuLDO: [1m[33m0.600 +/- 0.024[1m[34m V[0m
|04:15:09|I|[1m[34m	--> VOUT_dig_ShuLDO: [1m[33m0.650 +/- 0.026[1m[34m V[0m
|04:15:09|I|[1m[34m	--> ADCbandgap: [1m[33m0.452 +/- 0.018[1m[34m V[0m
|04:15:09|W|[1m[31m		--> ADC measurement in saturation (ADC = [1m[33m4095[1m[31m): likely the IMUX resistor, that converts the current into a voltage, is not connected[0m
|04:15:09|I|[1m[34m	--> Iref: [1m[33m83.880 +/- 3.355[1m[34m uA[0m
|04:15:09|I|[1m[34m	--> TEMPSENS_1: [1m[33m82.427 +/- 3.297[1m[34m C[0m
|04:15:09|I|[1m[34m	--> TEMPSENS_4: [1m[33m83.138 +/- 3.326[1m[34m C[0m
|04:15:09|I|[36m---------------------------[0m
|04:15:09|I|[32m****** Reading  data ******[0m
|04:15:09|I|[32mn. 32 bit words :    800000[0m
|04:15:09|I|[1m[35m>>>> Progress :  87.0% <<<<[0m
|04:15:09|I|[36m---------------------------[0m
|04:15:10|I|[36m---------------------------[0m
|04:15:10|I|[32m****** Reading  data ******[0m
|04:15:10|I|[32mn. 32 bit words :    800000[0m
|04:15:10|I|[1m[35m>>>> Progress :  88.0% <<<<[0m
|04:15:10|I|[36m---------------------------[0m
|04:15:10|I|[32mMonitor data for [board/opticalGroup/hybrid/chip = [1m[33m0/0/0/0[0m[32m][0m
|04:15:10|W|[1m[31m		--> Very low voltage: either floating VDD sense-line or FMC not powered (voltage = [1m[33m0.000[1m[31m)[0m
|04:15:10|I|[1m[34m	--> Hybrid voltage: [1m[33m0.000[1m[34m V (corresponds to half VOUT_dig_ShuLDO of the chip)[0m
|04:15:11|I|[1m[34m	--> Hybrid temperature: [1m[33m-273.150[1m[34m C[0m
|04:15:11|I|[1m[34m	--> VOUT_ana_ShuLDO: [1m[33m0.600 +/- 0.024[1m[34m V[0m
|04:15:11|I|[1m[34m	--> VOUT_dig_ShuLDO: [1m[33m0.650 +/- 0.026[1m[34m V[0m
|04:15:11|I|[1m[34m	--> ADCbandgap: [1m[33m0.452 +/- 0.018[1m[34m V[0m
|04:15:11|W|[1m[31m		--> ADC measurement in saturation (ADC = [1m[33m4095[1m[31m): likely the IMUX resistor, that converts the current into a voltage, is not connected[0m
|04:15:11|I|[1m[34m	--> Iref: [1m[33m83.880 +/- 3.355[1m[34m uA[0m
|04:15:11|I|[1m[34m	--> TEMPSENS_1: [1m[33m83.138 +/- 3.326[1m[34m C[0m
|04:15:11|I|[1m[34m	--> TEMPSENS_4: [1m[33m83.138 +/- 3.326[1m[34m C[0m
|04:15:11|I|[1m[34m	--> Done[0m
|04:15:11|I|[36m---------------------------[0m
|04:15:11|I|[32m****** Reading  data ******[0m
|04:15:11|I|[32mn. 32 bit words :    800000[0m
|04:15:11|I|[1m[35m>>>> Progress :  89.0% <<<<[0m
|04:15:11|I|[36m---------------------------[0m
|04:15:11|I|[1m[34m	--> VOUT_ana_ShuLDO: [1m[33m0.600 +/- 0.024[1m[34m V[0m
|04:15:11|I|[1m[34m	--> VOUT_dig_ShuLDO: [1m[33m0.651 +/- 0.026[1m[34m V[0m
|04:15:11|I|[1m[34m	--> ADCbandgap: [1m[33m0.452 +/- 0.018[1m[34m V[0m
|04:15:11|W|[1m[31m		--> ADC measurement in saturation (ADC = [1m[33m4095[1m[31m): likely the IMUX resistor, that converts the current into a voltage, is not connected[0m
|04:15:11|I|[1m[34m	--> Iref: [1m[33m83.880 +/- 3.355[1m[34m uA[0m
|04:15:11|I|[1m[34m	--> TEMPSENS_1: [1m[33m83.138 +/- 3.326[1m[34m C[0m
|04:15:11|I|[1m[34m	--> TEMPSENS_4: [1m[33m83.849 +/- 3.354[1m[34m C[0m
|04:15:12|I|[36m---------------------------[0m
|04:15:12|I|[32m****** Reading  data ******[0m
|04:15:12|I|[32mn. 32 bit words :    800000[0m
|04:15:12|I|[1m[35m>>>> Progress :  90.0% <<<<[0m
|04:15:12|I|[36m---------------------------[0m
|04:15:12|I|[32mMonitor data for [board/opticalGroup/hybrid/chip = [1m[33m0/0/0/0[0m[32m][0m
|04:15:12|I|[36m---------------------------[0m
|04:15:12|I|[32m****** Reading  data ******[0m
|04:15:12|I|[32mn. 32 bit words :    800000[0m
|04:15:12|I|[1m[35m>>>> Progress :  91.0% <<<<[0m
|04:15:12|I|[36m---------------------------[0m
|04:15:13|W|[1m[31m		--> Very low voltage: either floating VDD sense-line or FMC not powered (voltage = [1m[33m0.000[1m[31m)[0m
|04:15:13|I|[1m[34m	--> Hybrid voltage: [1m[33m0.000[1m[34m V (corresponds to half VOUT_dig_ShuLDO of the chip)[0m
|04:15:13|I|[1m[34m	--> Hybrid temperature: [1m[33m-273.150[1m[34m C[0m
|04:15:13|I|[1m[34m	--> VOUT_ana_ShuLDO: [1m[33m0.600 +/- 0.024[1m[34m V[0m
|04:15:13|I|[1m[34m	--> VOUT_dig_ShuLDO: [1m[33m0.650 +/- 0.026[1m[34m V[0m
|04:15:13|I|[1m[34m	--> ADCbandgap: [1m[33m0.452 +/- 0.018[1m[34m V[0m
|04:15:13|W|[1m[31m		--> ADC measurement in saturation (ADC = [1m[33m4095[1m[31m): likely the IMUX resistor, that converts the current into a voltage, is not connected[0m
|04:15:13|I|[1m[34m	--> Iref: [1m[33m83.880 +/- 3.355[1m[34m uA[0m
|04:15:13|I|[1m[34m	--> TEMPSENS_1: [1m[33m83.138 +/- 3.326[1m[34m C[0m
|04:15:13|I|[1m[34m	--> TEMPSENS_4: [1m[33m83.138 +/- 3.326[1m[34m C[0m
|04:15:13|I|[1m[34m	--> Done[0m
|04:15:13|I|[36m---------------------------[0m
|04:15:13|I|[32m****** Reading  data ******[0m
|04:15:13|I|[32mn. 32 bit words :    800000[0m
|04:15:13|I|[1m[35m>>>> Progress :  92.0% <<<<[0m
|04:15:13|I|[36m---------------------------[0m
|04:15:13|I|[1m[34m	--> VOUT_ana_ShuLDO: [1m[33m0.600 +/- 0.024[1m[34m V[0m
|04:15:13|I|[1m[34m	--> VOUT_dig_ShuLDO: [1m[33m0.650 +/- 0.026[1m[34m V[0m
|04:15:13|I|[1m[34m	--> ADCbandgap: [1m[33m0.452 +/- 0.018[1m[34m V[0m
|04:15:13|W|[1m[31m		--> ADC measurement in saturation (ADC = [1m[33m4095[1m[31m): likely the IMUX resistor, that converts the current into a voltage, is not connected[0m
|04:15:13|I|[1m[34m	--> Iref: [1m[33m83.880 +/- 3.355[1m[34m uA[0m
|04:15:13|I|[1m[34m	--> TEMPSENS_1: [1m[33m83.849 +/- 3.354[1m[34m C[0m
|04:15:13|I|[1m[34m	--> TEMPSENS_4: [1m[33m83.849 +/- 3.354[1m[34m C[0m
|04:15:14|I|[36m---------------------------[0m
|04:15:14|I|[32m****** Reading  data ******[0m
|04:15:14|I|[32mn. 32 bit words :    800000[0m
|04:15:14|I|[1m[35m>>>> Progress :  93.0% <<<<[0m
|04:15:14|I|[36m---------------------------[0m
|04:15:14|I|[32mMonitor data for [board/opticalGroup/hybrid/chip = [1m[33m0/0/0/0[0m[32m][0m
|04:15:14|I|[36m---------------------------[0m
|04:15:14|I|[32m****** Reading  data ******[0m
|04:15:14|I|[32mn. 32 bit words :    800000[0m
|04:15:14|I|[1m[35m>>>> Progress :  94.0% <<<<[0m
|04:15:14|I|[36m---------------------------[0m
|04:15:15|W|[1m[31m		--> Very low voltage: either floating VDD sense-line or FMC not powered (voltage = [1m[33m0.000[1m[31m)[0m
|04:15:15|I|[1m[34m	--> Hybrid voltage: [1m[33m0.000[1m[34m V (corresponds to half VOUT_dig_ShuLDO of the chip)[0m
|04:15:15|I|[1m[34m	--> Hybrid temperature: [1m[33m-273.150[1m[34m C[0m
|04:15:15|I|[1m[34m	--> VOUT_ana_ShuLDO: [1m[33m0.600 +/- 0.024[1m[34m V[0m
|04:15:15|I|[1m[34m	--> VOUT_dig_ShuLDO: [1m[33m0.651 +/- 0.026[1m[34m V[0m
|04:15:15|I|[1m[34m	--> ADCbandgap: [1m[33m0.452 +/- 0.018[1m[34m V[0m
|04:15:15|W|[1m[31m		--> ADC measurement in saturation (ADC = [1m[33m4095[1m[31m): likely the IMUX resistor, that converts the current into a voltage, is not connected[0m
|04:15:15|I|[1m[34m	--> Iref: [1m[33m83.880 +/- 3.355[1m[34m uA[0m
|04:15:15|I|[1m[34m	--> TEMPSENS_1: [1m[33m83.138 +/- 3.326[1m[34m C[0m
|04:15:15|I|[1m[34m	--> TEMPSENS_4: [1m[33m83.849 +/- 3.354[1m[34m C[0m
|04:15:15|I|[1m[34m	--> Done[0m
|04:15:16|I|[36m---------------------------[0m
|04:15:16|I|[32m****** Reading  data ******[0m
|04:15:16|I|[32mn. 32 bit words :    800000[0m
|04:15:16|I|[1m[35m>>>> Progress :  95.0% <<<<[0m
|04:15:16|I|[36m---------------------------[0m
|04:15:16|I|[1m[34m	--> VOUT_ana_ShuLDO: [1m[33m0.600 +/- 0.024[1m[34m V[0m
|04:15:16|I|[1m[34m	--> VOUT_dig_ShuLDO: [1m[33m0.651 +/- 0.026[1m[34m V[0m
|04:15:16|I|[1m[34m	--> ADCbandgap: [1m[33m0.452 +/- 0.018[1m[34m V[0m
|04:15:16|W|[1m[31m		--> ADC measurement in saturation (ADC = [1m[33m4095[1m[31m): likely the IMUX resistor, that converts the current into a voltage, is not connected[0m
|04:15:16|I|[1m[34m	--> Iref: [1m[33m83.880 +/- 3.355[1m[34m uA[0m
|04:15:16|I|[1m[34m	--> TEMPSENS_1: [1m[33m83.138 +/- 3.326[1m[34m C[0m
|04:15:16|I|[1m[34m	--> TEMPSENS_4: [1m[33m83.849 +/- 3.354[1m[34m C[0m
|04:15:16|I|[36m---------------------------[0m
|04:15:16|I|[32m****** Reading  data ******[0m
|04:15:16|I|[32mn. 32 bit words :    800000[0m
|04:15:16|I|[1m[35m>>>> Progress :  96.0% <<<<[0m
|04:15:16|I|[36m---------------------------[0m
|04:15:17|I|[32mMonitor data for [board/opticalGroup/hybrid/chip = [1m[33m0/0/0/0[0m[32m][0m
|04:15:17|I|[36m---------------------------[0m
|04:15:17|I|[32m****** Reading  data ******[0m
|04:15:17|I|[32mn. 32 bit words :    800000[0m
|04:15:17|I|[1m[35m>>>> Progress :  97.0% <<<<[0m
|04:15:17|I|[36m---------------------------[0m
|04:15:17|W|[1m[31m		--> Very low voltage: either floating VDD sense-line or FMC not powered (voltage = [1m[33m0.000[1m[31m)[0m
|04:15:17|I|[1m[34m	--> Hybrid voltage: [1m[33m0.000[1m[34m V (corresponds to half VOUT_dig_ShuLDO of the chip)[0m
|04:15:17|I|[1m[34m	--> Hybrid temperature: [1m[33m-273.150[1m[34m C[0m
|04:15:17|I|[1m[34m	--> VOUT_ana_ShuLDO: [1m[33m0.600 +/- 0.024[1m[34m V[0m
|04:15:17|I|[1m[34m	--> VOUT_dig_ShuLDO: [1m[33m0.650 +/- 0.026[1m[34m V[0m
|04:15:17|I|[1m[34m	--> ADCbandgap: [1m[33m0.452 +/- 0.018[1m[34m V[0m
|04:15:17|W|[1m[31m		--> ADC measurement in saturation (ADC = [1m[33m4095[1m[31m): likely the IMUX resistor, that converts the current into a voltage, is not connected[0m
|04:15:17|I|[1m[34m	--> Iref: [1m[33m83.880 +/- 3.355[1m[34m uA[0m
|04:15:17|I|[1m[34m	--> TEMPSENS_1: [1m[33m82.426 +/- 3.297[1m[34m C[0m
|04:15:17|I|[1m[34m	--> TEMPSENS_4: [1m[33m83.849 +/- 3.354[1m[34m C[0m
|04:15:17|I|[1m[34m	--> Done[0m
|04:15:18|I|[36m---------------------------[0m
|04:15:18|I|[32m****** Reading  data ******[0m
|04:15:18|I|[32mn. 32 bit words :    800000[0m
|04:15:18|I|[1m[35m>>>> Progress :  98.0% <<<<[0m
|04:15:18|I|[36m---------------------------[0m
|04:15:18|I|[1m[34m	--> VOUT_ana_ShuLDO: [1m[33m0.600 +/- 0.024[1m[34m V[0m
|04:15:18|I|[1m[34m	--> VOUT_dig_ShuLDO: [1m[33m0.651 +/- 0.026[1m[34m V[0m
|04:15:18|I|[1m[34m	--> ADCbandgap: [1m[33m0.452 +/- 0.018[1m[34m V[0m
|04:15:18|W|[1m[31m		--> ADC measurement in saturation (ADC = [1m[33m4095[1m[31m): likely the IMUX resistor, that converts the current into a voltage, is not connected[0m
|04:15:18|I|[1m[34m	--> Iref: [1m[33m83.880 +/- 3.355[1m[34m uA[0m
|04:15:18|I|[1m[34m	--> TEMPSENS_1: [1m[33m82.426 +/- 3.297[1m[34m C[0m
|04:15:19|I|[36m---------------------------[0m
|04:15:19|I|[32m****** Reading  data ******[0m
|04:15:19|I|[32mn. 32 bit words :    800000[0m
|04:15:19|I|[1m[35m>>>> Progress :  99.0% <<<<[0m
|04:15:19|I|[36m---------------------------[0m
|04:15:19|I|[1m[34m	--> TEMPSENS_4: [1m[33m83.138 +/- 3.326[1m[34m C[0m
|04:15:19|I|[36m---------------------------[0m
|04:15:19|I|[32m****** Reading  data ******[0m
|04:15:19|I|[32mn. 32 bit words :    800000[0m
|04:15:19|I|[1m[35m>>>> Progress : 100.0% <<<<[0m
|04:15:19|I|[36m---------------------------[0m
|04:15:19|I|[32mReadout chip error report for [board/opticalGroup/hybrid/chip = [1m[33m0/0/0/0[0m[32m][0m
|04:15:19|I|[1m[34mLOCKLOSS_CNT        = [1m[33m0        [0m
|04:15:19|I|[1m[34mBITFLIP_WNG_CNT     = [1m[33m0        [0m
|04:15:19|I|[1m[34mBITFLIP_ERR_CNT     = [1m[33m0        [0m
|04:15:19|I|[1m[34mCMDERR_CNT          = [1m[33m7867        [0m
|04:15:19|I|[1m[34mSKIPPED_TRIGGER_CNT = [1m[33m0        [0m
|04:15:19|I|[1m[34mHITOR_0_CNT         = [1m[33m80        [0m
|04:15:19|I|[1m[34mHITOR_1_CNT         = [1m[33m80        [0m
|04:15:19|I|[1m[34mHITOR_2_CNT         = [1m[33m80        [0m
|04:15:19|I|[1m[34mHITOR_3_CNT         = [1m[33m80        [0m
|04:15:19|I|[1m[34mBCID_CNT            = [1m[33m58132        [0m
|04:15:19|I|[1m[34mTRIG_CNT            = [1m[33m34464        [0m
|04:15:19|I|[32mAverage occupancy for [board/opticalGroup/hybrid/chip = [1m[33m0/0/0/0[0m[32m] is [1m[33m0.000000[0m
|04:15:19|I|[1m[34m	--> Number of potentially [1m[33mmasked[1m[34m pixels in this iteration: [1m[33m0[0m
|04:15:19|I|[1m[34m	--> Total number of potentially masked pixels: [1m[33m11151[0m
|04:15:19|I|[1m[34m	--> PixelAlive saved the configuration file for [board/opticalGroup/hybrid/chip = [1m[33m0/0/0/0[0m[1m[34m][0m
|04:15:20|I|[1m[34m	--> PixelAlive saving histograms...[0m
|04:15:20|I|[32mMonitor data for [board/opticalGroup/hybrid/chip = [1m[33m0/0/0/0[0m[32m][0m
|04:15:20|I|[32mClosing result file[0m
|04:15:20|I|[1m[31m>>> Destroying interfaces <<<[0m
|04:15:20|I|[1m[31m	--> Destroying monitoring[0m
|04:15:20|W|[1m[31m		--> Very low voltage: either floating VDD sense-line or FMC not powered (voltage = [1m[33m0.000[1m[31m)[0m
|04:15:20|I|[1m[34m	--> Hybrid voltage: [1m[33m0.000[1m[34m V (corresponds to half VOUT_dig_ShuLDO of the chip)[0m
|04:15:20|I|[1m[34m	--> Hybrid temperature: [1m[33m-273.150[1m[34m C[0m
|04:15:20|I|[1m[34m	--> VOUT_ana_ShuLDO: [1m[33m0.600 +/- 0.024[1m[34m V[0m
|04:15:20|I|[1m[34m	--> VOUT_dig_ShuLDO: [1m[33m0.650 +/- 0.026[1m[34m V[0m
|04:15:20|I|[1m[34m	--> ADCbandgap: [1m[33m0.452 +/- 0.018[1m[34m V[0m
|04:15:20|W|[1m[31m		--> ADC measurement in saturation (ADC = [1m[33m4095[1m[31m): likely the IMUX resistor, that converts the current into a voltage, is not connected[0m
|04:15:20|I|[1m[34m	--> Iref: [1m[33m83.880 +/- 3.355[1m[34m uA[0m
|04:15:20|I|[1m[34m	--> TEMPSENS_1: [1m[33m82.426 +/- 3.297[1m[34m C[0m
|04:15:20|I|[1m[34m	--> TEMPSENS_4: [1m[33m85.271 +/- 3.411[1m[34m C[0m
|04:15:20|I|[1m[34m	--> Done[0m
|04:15:20|I|[1m[34m	--> VOUT_ana_ShuLDO: [1m[33m0.601 +/- 0.024[1m[34m V[0m
|04:15:20|I|[1m[34m	--> VOUT_dig_ShuLDO: [1m[33m0.650 +/- 0.026[1m[34m V[0m
|04:15:20|I|[1m[34m	--> ADCbandgap: [1m[33m0.452 +/- 0.018[1m[34m V[0m
|04:15:20|W|[1m[31m		--> ADC measurement in saturation (ADC = [1m[33m4095[1m[31m): likely the IMUX resistor, that converts the current into a voltage, is not connected[0m
|04:15:20|I|[1m[34m	--> Iref: [1m[33m83.880 +/- 3.355[1m[34m uA[0m
|04:15:20|I|[1m[34m	--> TEMPSENS_1: [1m[33m83.138 +/- 3.326[1m[34m C[0m
|04:15:20|I|[1m[34m	--> TEMPSENS_4: [1m[33m83.849 +/- 3.354[1m[34m C[0m
|04:15:21|I|[32m	-->Waiting for monitoring to be completed...[0m
|04:15:21|I|[1m[31m>>> Interfaces  destroyed <<<[0m
|04:15:21|I|[1m[35m@@@ End of CMSIT miniDAQ @@@[0m
