|03:29:24|I|[1m[35m@@@ Initializing the Hardware @@@[0m
|03:29:24|I|[1m[33mParseHW [FileParser] 0x10e5100	cmsinnertracker.crate0.slot0[0m
|03:29:24|I|[1m[33mTrying to connect to the Power Supply Server...[0m
|03:29:24|I|[1m[33mCannot connect to the Power Supply Server, power supplies will need to be controlled manually[0m
|03:29:24|I|[1m[35m@@@ Configuring HW parsed from xml file @@@[0m
|03:29:24|I|[1m[34m	--> Found an Inner Tracker Readout-board[0m
|03:29:24|I|[32mConfiguring Board: [1m[33m0[0m
|03:29:24|I|[1m[34m	--> FW version : [1m[33m4.2[1m[34m -- Date (yy/mm/dd) : [1m[33m21/8/28[1m[34m -- Time (hour:minute:sec) : [1m[33m2:35:40[0m
|03:29:24|I|[1m[34m	--> Link type : [1m[33melectrical[1m[34m -- Optical speed : [1m[33m10 Gbit/s[1m[34m -- Frontend type : [1m[33mRD53A[0m
|03:29:24|I|[1m[34m	--> L12 FMC type : [1m[33m1[1m[34m -- L08 FMC type : [1m[33m1[1m[34m (1=KSU, 2=CERN, 3=DIO5, 4=OPTO, 5=FERMI, 7=NONE, 0=Unspecified)[0m
|03:29:24|I|[32mInitializing DIO5:[0m
|03:29:24|I|[1m[34m	--> user.ctrl_regs.fast_cmd_reg_2.HitOr_enable_l12: 0x[1m[33m0 (0)[0m
|03:29:24|I|[1m[34m	--> user.ctrl_regs.fast_cmd_reg_2.trigger_source: 0x[1m[33m2 (2)[0m
|03:29:24|I|[1m[34m	--> user.ctrl_regs.reset_reg.ext_clk_en: 0x[1m[33m0 (0)[0m
|03:29:24|I|[1m[34m	--> Done[0m
|03:29:24|I|[32mReading clock generator (CDCE62005) configuration[0m
|03:29:24|I|[1m[34m	--> SPI register content: 0x[1m[33mEB020320[0m
|03:29:24|I|[1m[34m	--> SPI register content: 0x[1m[33mEB020321[0m
|03:29:24|I|[1m[34m	--> SPI register content: 0x[1m[33mEB840302[0m
|03:29:24|I|[1m[34m	--> SPI register content: 0x[1m[33mEB840303[0m
|03:29:24|I|[1m[34m	--> SPI register content: 0x[1m[33mEB140334[0m
|03:29:24|I|[1m[34m	--> SPI register content: 0x[1m[33m10000E75[0m
|03:29:24|I|[1m[34m	--> SPI register content: 0x[1m[33m030E02E6[0m
|03:29:24|I|[1m[34m	--> SPI register content: 0x[1m[33mBD800DF7[0m
|03:29:24|I|[1m[34m	--> SPI register content: 0x[1m[33m20009D58[0m
|03:29:24|W|[32mOptical link tx slow control status: [1m[31mnot ready[0m
|03:29:24|W|[32mOptical link rx slow control status: [1m[31mnot ready[0m
|03:29:24|I|[32mInput clock frequency (could be either internal or external, should be ~40 MHz): [1m[33m40.079 MHz[0m
|03:29:24|I|[32mGTX receiver clock frequency (~160 MHz (~320 MHz) for electrical (optical) readout): [1m[33m160.315 MHz[0m
|03:29:24|I|[32mExternal CMD clock frequency: [1m[33m0.000 MHz[0m
|03:29:24|I|[32mExternal Serializer clock frequency: [1m[33m0.000 MHz[0m
|03:29:24|I|[36m=== Configuring FSM fast command block ===[0m
|03:29:24|I|[32mInternal trigger frequency (if enabled): [1m[33m30372 Hz[0m
|03:29:24|I|[32mChecking firmware status:[0m
|03:29:24|I|[1m[34m	--> Clock generator is [1m[33mlocked[0m
|03:29:24|I|[1m[34m	--> I2C [1m[33minitialized[0m
|03:29:24|I|[32mFast command block trigger source: [1m[33m2[0m[32m (1=IPBus, 2=Test-FSM, 3=TTC, 4=TLU, 5=External, 6=Hit-Or, 7=User-defined frequency)[0m
|03:29:24|I|[32mFast command block trigger state: [1m[33m0[0m[32m (0=Idle, 2=Running)[0m
|03:29:24|I|[32mFast command block check if configuraiton registers have been set: [1m[33mconfigured[0m
|03:29:24|I|[32mFast command block error code (0=No error): [1m[33m0[0m
|03:29:24|I|[32mTrigger counter: [1m[33m0[0m
|03:29:24|I|[32mHybrid type: [1m[33m1[0m[32m (1=Single chip, 2=Double chip, 4=Quad chip)[0m
|03:29:24|I|[32mNumber of hybrids which can be potentially readout: [1m[33m8[0m
|03:29:24|I|[36m================== Done ==================[0m
|03:29:24|I|[32mInitializing board's registers:[0m
|03:29:24|I|[1m[34m	--> user.ctrl_regs.ext_tlu_reg1.dio5_ch1_thr: 0x[1m[33m80 (128)[0m
|03:29:24|I|[1m[34m	--> user.ctrl_regs.ext_tlu_reg1.dio5_ch2_thr: 0x[1m[33m28 (40)[0m
|03:29:24|I|[1m[34m	--> user.ctrl_regs.ext_tlu_reg2.dio5_ch3_thr: 0x[1m[33m80 (128)[0m
|03:29:24|I|[1m[34m	--> user.ctrl_regs.ext_tlu_reg2.dio5_ch4_thr: 0x[1m[33m80 (128)[0m
|03:29:24|I|[1m[34m	--> user.ctrl_regs.ext_tlu_reg2.dio5_ch5_thr: 0x[1m[33m80 (128)[0m
|03:29:24|I|[1m[34m	--> user.ctrl_regs.ext_tlu_reg2.tlu_delay: 0x[1m[33m0 (0)[0m
|03:29:24|I|[1m[34m	--> user.ctrl_regs.fast_cmd_reg_2.HitOr_enable_l12: 0x[1m[33m0 (0)[0m
|03:29:24|I|[1m[34m	--> user.ctrl_regs.fast_cmd_reg_3.triggers_to_accept: 0x[1m[33mA (10)[0m
|03:29:24|I|[1m[34m	--> user.ctrl_regs.fast_cmd_reg_7.autozero_freq: 0x[1m[33m3E8 (1000)[0m
|03:29:24|I|[1m[34m	--> Done[0m
|03:29:24|I|[32mChecking status of the optical links:[0m
|03:29:24|I|[1m[34m	--> Optical link n. active LpGBT chip tx:  [1m[33m0[1m[34m i.e.: [1m[33m00000000000000000000[0m
|03:29:24|I|[1m[34m	--> Optical link n. active LpGBT chip rx:  [1m[33m0[1m[34m i.e.: [1m[33m00000000000000000000[0m
|03:29:24|I|[1m[34m	--> Optical link n. active LpGBT chip mgt: [1m[33m0[1m[34m i.e.: [1m[33m00000000000000000000[0m
|03:29:24|I|[36m=== Configuring frontend chip communication ===[0m
|03:29:24|I|[32mDown-link phase initialization...[0m
|03:29:25|I|[1m[34m	--> Done[0m
|03:29:25|I|[32mInitializing chip communication of hybrid: [0m[1m[33m0[0m
|03:29:25|I|[32mInitializing communicationng to/from RD53: [0m[1m[33m0[0m
|03:29:25|I|[32mConfiguring up-link lanes and monitoring...[0m
|03:29:25|I|[1m[34m	--> Done[0m
|03:29:25|I|[32mUp-link speed: [1m[33m1.28 Gbit/s[0m
|03:29:25|I|[36m==================== Done =====================[0m
|03:29:25|I|[32mChecking status communication RD53 --> FW[0m
|03:29:25|I|[1m[34m	--> Aurora speed: [1m[33m1.28 Gbit/s[0m
|03:29:25|I|[1m[34m	--> Total number of required data lanes: [1m[33m1[1m[34m i.e. [1m[33m00000000000000000001[0m
|03:29:25|I|[1m[34m	--> Total number of active data lanes:   [1m[33m1[1m[34m i.e. [1m[33m00000000000000000001[0m
|03:29:25|I|[1m[34m	--> All enabled data lanes are active[0m
|03:29:25|I|[36m===== Configuring frontend chip registers =====[0m
|03:29:25|I|[32mConfiguring chip of hybrid: [0m[1m[33m0[0m
|03:29:25|I|[32mConfiguring RD53: [0m[1m[33m0[0m
|03:29:25|E|[1m[31mError when reading back what was written into RD53 reg. [1m[33mHITOR_3_CNT[0m
|03:29:25|E|[1m[31mError when reading back what was written into RD53 reg. [1m[33mHITOR_2_CNT[0m
|03:29:25|E|[1m[31mError when reading back what was written into RD53 reg. [1m[33mHITOR_1_CNT[0m
|03:29:25|E|[1m[31mError when reading back what was written into RD53 reg. [1m[33mCMDERR_CNT[0m
|03:29:25|E|[1m[31mError when reading back what was written into RD53 reg. [1m[33mHITOR_0_CNT[0m
|03:29:26|I|[32mNumber of masked pixels: [0m[1m[33m10286[0m
|03:29:26|I|[36m==================== Done =====================[0m
|03:29:26|I|[32mLVDS frequency: [1m[33m9.520 MHz[0m
|03:29:26|I|[32mUsing [1m[33m2[0m[32m threads for data decoding during running time[0m
|03:29:26|I|[32mStarting monitoring thread[0m
|03:29:26|I|[1m[35m@@@ Hardware initialization done @@@[0m
|03:29:26|I|[1m[35m@@@ Performing PixelAlive scan @@@[0m
|03:29:26|I|[32m[PixelAlive::localConfigure] Starting run: [1m[33m37[0m
|03:29:26|I|[1m[33mSystemController::setChannelGroupHandler for a queryFunction1 ROCs.[0m
|03:29:26|I|[1m[33mCreating channel group handler for Chip#0[0m
|03:29:26|I|[32mPixelAlive attempting to create directory: [1m[33mResults[0m
|03:29:26|I|[36m---------------------------[0m
|03:29:26|I|[32m****** Reading  data ******[0m
|03:29:26|I|[32mn. 32 bit words :      8848[0m
|03:29:26|I|[1m[35m>>>> Progress :   0.5% <<<<[0m
|03:29:26|I|[36m---------------------------[0m
|03:29:26|I|[36m---------------------------[0m
|03:29:26|I|[32m****** Reading  data ******[0m
|03:29:26|I|[32mn. 32 bit words :      9056[0m
|03:29:26|I|[1m[35m>>>> Progress :   1.0% <<<<[0m
|03:29:26|I|[36m---------------------------[0m
|03:29:26|I|[36m---------------------------[0m
|03:29:26|I|[32m****** Reading  data ******[0m
|03:29:26|I|[32mn. 32 bit words :      8616[0m
|03:29:26|I|[1m[35m>>>> Progress :   1.6% <<<<[0m
|03:29:26|I|[36m---------------------------[0m
|03:29:26|I|[36m---------------------------[0m
|03:29:26|I|[32m****** Reading  data ******[0m
|03:29:26|I|[32mn. 32 bit words :      8664[0m
|03:29:26|I|[1m[35m>>>> Progress :   2.1% <<<<[0m
|03:29:26|I|[36m---------------------------[0m
|03:29:26|I|[36m---------------------------[0m
|03:29:26|I|[32m****** Reading  data ******[0m
|03:29:26|I|[32mn. 32 bit words :      9208[0m
|03:29:26|I|[1m[35m>>>> Progress :   2.6% <<<<[0m
|03:29:26|I|[36m---------------------------[0m
|03:29:26|I|[36m---------------------------[0m
|03:29:26|I|[32m****** Reading  data ******[0m
|03:29:26|I|[32mn. 32 bit words :      8664[0m
|03:29:26|I|[1m[35m>>>> Progress :   3.1% <<<<[0m
|03:29:26|I|[36m---------------------------[0m
|03:29:26|I|[36m---------------------------[0m
|03:29:26|I|[32m****** Reading  data ******[0m
|03:29:26|I|[32mn. 32 bit words :      8464[0m
|03:29:26|I|[1m[35m>>>> Progress :   3.6% <<<<[0m
|03:29:26|I|[36m---------------------------[0m
|03:29:26|I|[36m---------------------------[0m
|03:29:26|I|[32m****** Reading  data ******[0m
|03:29:26|I|[32mn. 32 bit words :      8280[0m
|03:29:26|I|[1m[35m>>>> Progress :   4.2% <<<<[0m
|03:29:26|I|[36m---------------------------[0m
|03:29:26|I|[36m---------------------------[0m
|03:29:26|I|[32m****** Reading  data ******[0m
|03:29:26|I|[32mn. 32 bit words :      8736[0m
|03:29:26|I|[1m[35m>>>> Progress :   4.7% <<<<[0m
|03:29:26|I|[36m---------------------------[0m
|03:29:26|I|[36m---------------------------[0m
|03:29:26|I|[32m****** Reading  data ******[0m
|03:29:26|I|[32mn. 32 bit words :      8352[0m
|03:29:26|I|[1m[35m>>>> Progress :   5.2% <<<<[0m
|03:29:26|I|[36m---------------------------[0m
|03:29:26|I|[36m---------------------------[0m
|03:29:26|I|[32m****** Reading  data ******[0m
|03:29:26|I|[32mn. 32 bit words :      8824[0m
|03:29:26|I|[1m[35m>>>> Progress :   5.7% <<<<[0m
|03:29:26|I|[36m---------------------------[0m
|03:29:26|I|[36m---------------------------[0m
|03:29:26|I|[32m****** Reading  data ******[0m
|03:29:26|I|[32mn. 32 bit words :      8488[0m
|03:29:26|I|[1m[35m>>>> Progress :   6.2% <<<<[0m
|03:29:26|I|[36m---------------------------[0m
|03:29:26|I|[36m---------------------------[0m
|03:29:26|I|[32m****** Reading  data ******[0m
|03:29:26|I|[32mn. 32 bit words :      8304[0m
|03:29:26|I|[1m[35m>>>> Progress :   6.8% <<<<[0m
|03:29:26|I|[36m---------------------------[0m
|03:29:26|I|[36m---------------------------[0m
|03:29:26|I|[32m****** Reading  data ******[0m
|03:29:26|I|[32mn. 32 bit words :      8224[0m
|03:29:26|I|[1m[35m>>>> Progress :   7.3% <<<<[0m
|03:29:26|I|[36m---------------------------[0m
|03:29:26|I|[36m---------------------------[0m
|03:29:26|I|[32m****** Reading  data ******[0m
|03:29:26|I|[32mn. 32 bit words :      8416[0m
|03:29:26|I|[1m[35m>>>> Progress :   7.8% <<<<[0m
|03:29:26|I|[36m---------------------------[0m
|03:29:26|I|[36m---------------------------[0m
|03:29:26|I|[32m****** Reading  data ******[0m
|03:29:26|I|[32mn. 32 bit words :      8800[0m
|03:29:26|I|[1m[35m>>>> Progress :   8.3% <<<<[0m
|03:29:26|I|[36m---------------------------[0m
|03:29:26|I|[36m---------------------------[0m
|03:29:26|I|[32m****** Reading  data ******[0m
|03:29:26|I|[32mn. 32 bit words :      8288[0m
|03:29:26|I|[1m[35m>>>> Progress :   8.9% <<<<[0m
|03:29:26|I|[36m---------------------------[0m
|03:29:26|I|[36m---------------------------[0m
|03:29:26|I|[32m****** Reading  data ******[0m
|03:29:26|I|[32mn. 32 bit words :      8288[0m
|03:29:26|I|[1m[35m>>>> Progress :   9.4% <<<<[0m
|03:29:26|I|[36m---------------------------[0m
|03:29:26|I|[36m---------------------------[0m
|03:29:26|I|[32m****** Reading  data ******[0m
|03:29:26|I|[32mn. 32 bit words :      8536[0m
|03:29:26|I|[1m[35m>>>> Progress :   9.9% <<<<[0m
|03:29:26|I|[36m---------------------------[0m
|03:29:26|I|[36m---------------------------[0m
|03:29:26|I|[32m****** Reading  data ******[0m
|03:29:26|I|[32mn. 32 bit words :      8424[0m
|03:29:26|I|[1m[35m>>>> Progress :  10.4% <<<<[0m
|03:29:26|I|[36m---------------------------[0m
|03:29:26|I|[36m---------------------------[0m
|03:29:26|I|[32m****** Reading  data ******[0m
|03:29:26|I|[32mn. 32 bit words :      8104[0m
|03:29:26|I|[1m[35m>>>> Progress :  10.9% <<<<[0m
|03:29:26|I|[36m---------------------------[0m
|03:29:26|I|[36m---------------------------[0m
|03:29:26|I|[32m****** Reading  data ******[0m
|03:29:26|I|[32mn. 32 bit words :      8328[0m
|03:29:26|I|[1m[35m>>>> Progress :  11.5% <<<<[0m
|03:29:26|I|[36m---------------------------[0m
|03:29:26|I|[36m---------------------------[0m
|03:29:26|I|[32m****** Reading  data ******[0m
|03:29:26|I|[32mn. 32 bit words :      9128[0m
|03:29:26|I|[1m[35m>>>> Progress :  12.0% <<<<[0m
|03:29:26|I|[36m---------------------------[0m
|03:29:26|I|[36m---------------------------[0m
|03:29:26|I|[32m****** Reading  data ******[0m
|03:29:26|I|[32mn. 32 bit words :      8376[0m
|03:29:26|I|[1m[35m>>>> Progress :  12.5% <<<<[0m
|03:29:26|I|[36m---------------------------[0m
|03:29:26|I|[36m---------------------------[0m
|03:29:26|I|[32m****** Reading  data ******[0m
|03:29:26|I|[32mn. 32 bit words :      8352[0m
|03:29:26|I|[1m[35m>>>> Progress :  13.0% <<<<[0m
|03:29:26|I|[36m---------------------------[0m
|03:29:26|I|[32mMonitor data for [board/opticalGroup/hybrid/chip = [1m[33m0/0/0/0[0m[32m][0m
|03:29:26|I|[36m---------------------------[0m
|03:29:26|I|[32m****** Reading  data ******[0m
|03:29:26|I|[32mn. 32 bit words :      8760[0m
|03:29:26|I|[1m[35m>>>> Progress :  13.5% <<<<[0m
|03:29:26|I|[36m---------------------------[0m
|03:29:27|W|[1m[31m		--> Very low voltage: either floating VDD sense-line or FMC not powered (voltage = [1m[33m0.000[1m[31m)[0m
|03:29:27|I|[1m[34m	--> Hybrid voltage: [1m[33m0.000[1m[34m V (corresponds to half VOUT_dig_ShuLDO of the chip)[0m
|03:29:27|I|[1m[34m	--> Hybrid temperature: [1m[33m-273.150[1m[34m C[0m
|03:29:27|I|[1m[34m	--> VOUT_ana_ShuLDO: [1m[33m0.620 +/- 0.025[1m[34m V[0m
|03:29:27|I|[1m[34m	--> VOUT_dig_ShuLDO: [1m[33m0.647 +/- 0.026[1m[34m V[0m
|03:29:27|I|[1m[34m	--> ADCbandgap: [1m[33m0.452 +/- 0.018[1m[34m V[0m
|03:29:27|W|[1m[31m		--> ADC measurement in saturation (ADC = [1m[33m4095[1m[31m): likely the IMUX resistor, that converts the current into a voltage, is not connected[0m
|03:29:27|I|[1m[34m	--> Iref: [1m[33m83.880 +/- 3.355[1m[34m uA[0m
|03:29:27|I|[1m[34m	--> TEMPSENS_1: [1m[33m88.116 +/- 3.525[1m[34m C[0m
|03:29:27|I|[1m[34m	--> TEMPSENS_4: [1m[33m88.116 +/- 3.525[1m[34m C[0m
|03:29:27|I|[1m[34m	--> Done[0m
|03:29:27|I|[36m---------------------------[0m
|03:29:27|I|[32m****** Reading  data ******[0m
|03:29:27|I|[32mn. 32 bit words :      8504[0m
|03:29:27|I|[1m[35m>>>> Progress :  14.1% <<<<[0m
|03:29:27|I|[36m---------------------------[0m
|03:29:27|E|[1m[31mWrite-command FIFO not empty[0m
|03:29:27|I|[1m[34m	--> VOUT_ana_ShuLDO: [1m[33m0.620 +/- 0.025[1m[34m V[0m
|03:29:27|I|[36m---------------------------[0m
|03:29:27|I|[32m****** Reading  data ******[0m
|03:29:27|I|[32mn. 32 bit words :      8656[0m
|03:29:27|I|[1m[35m>>>> Progress :  14.6% <<<<[0m
|03:29:27|I|[36m---------------------------[0m
|03:29:27|I|[1m[34m	--> VOUT_dig_ShuLDO: [1m[33m0.647 +/- 0.026[1m[34m V[0m
|03:29:27|I|[1m[34m	--> ADCbandgap: [1m[33m0.452 +/- 0.018[1m[34m V[0m
|03:29:27|I|[36m---------------------------[0m
|03:29:27|I|[32m****** Reading  data ******[0m
|03:29:27|I|[32mn. 32 bit words :      9032[0m
|03:29:27|I|[1m[35m>>>> Progress :  15.1% <<<<[0m
|03:29:27|I|[36m---------------------------[0m
|03:29:27|W|[1m[31m		--> ADC measurement in saturation (ADC = [1m[33m4095[1m[31m): likely the IMUX resistor, that converts the current into a voltage, is not connected[0m
|03:29:27|I|[1m[34m	--> Iref: [1m[33m83.880 +/- 3.355[1m[34m uA[0m
|03:29:27|I|[36m---------------------------[0m
|03:29:27|I|[32m****** Reading  data ******[0m
|03:29:27|I|[32mn. 32 bit words :      8632[0m
|03:29:27|I|[1m[35m>>>> Progress :  15.6% <<<<[0m
|03:29:27|I|[36m---------------------------[0m
|03:29:27|I|[1m[34m	--> TEMPSENS_1: [1m[33m88.116 +/- 3.525[1m[34m C[0m
|03:29:27|I|[36m---------------------------[0m
|03:29:27|I|[32m****** Reading  data ******[0m
|03:29:27|I|[32mn. 32 bit words :      8920[0m
|03:29:27|I|[1m[35m>>>> Progress :  16.1% <<<<[0m
|03:29:27|I|[36m---------------------------[0m
|03:29:27|I|[1m[34m	--> TEMPSENS_4: [1m[33m89.538 +/- 3.582[1m[34m C[0m
|03:29:27|I|[36m---------------------------[0m
|03:29:27|I|[32m****** Reading  data ******[0m
|03:29:27|I|[32mn. 32 bit words :      8496[0m
|03:29:27|I|[1m[35m>>>> Progress :  16.7% <<<<[0m
|03:29:27|I|[36m---------------------------[0m
|03:29:27|I|[36m---------------------------[0m
|03:29:27|I|[32m****** Reading  data ******[0m
|03:29:27|I|[32mn. 32 bit words :      8688[0m
|03:29:27|I|[1m[35m>>>> Progress :  17.2% <<<<[0m
|03:29:27|I|[36m---------------------------[0m
|03:29:27|I|[36m---------------------------[0m
|03:29:27|I|[32m****** Reading  data ******[0m
|03:29:27|I|[32mn. 32 bit words :      8696[0m
|03:29:27|I|[1m[35m>>>> Progress :  17.7% <<<<[0m
|03:29:27|I|[36m---------------------------[0m
|03:29:27|I|[36m---------------------------[0m
|03:29:27|I|[32m****** Reading  data ******[0m
|03:29:27|I|[32mn. 32 bit words :      9024[0m
|03:29:27|I|[1m[35m>>>> Progress :  18.2% <<<<[0m
|03:29:27|I|[36m---------------------------[0m
|03:29:27|I|[36m---------------------------[0m
|03:29:27|I|[32m****** Reading  data ******[0m
|03:29:27|I|[32mn. 32 bit words :      8440[0m
|03:29:27|I|[1m[35m>>>> Progress :  18.8% <<<<[0m
|03:29:27|I|[36m---------------------------[0m
|03:29:27|I|[36m---------------------------[0m
|03:29:27|I|[32m****** Reading  data ******[0m
|03:29:27|I|[32mn. 32 bit words :      9032[0m
|03:29:27|I|[1m[35m>>>> Progress :  19.3% <<<<[0m
|03:29:27|I|[36m---------------------------[0m
|03:29:27|I|[36m---------------------------[0m
|03:29:27|I|[32m****** Reading  data ******[0m
|03:29:27|I|[32mn. 32 bit words :      8432[0m
|03:29:27|I|[1m[35m>>>> Progress :  19.8% <<<<[0m
|03:29:27|I|[36m---------------------------[0m
|03:29:27|I|[36m---------------------------[0m
|03:29:27|I|[32m****** Reading  data ******[0m
|03:29:27|I|[32mn. 32 bit words :      8424[0m
|03:29:27|I|[1m[35m>>>> Progress :  20.3% <<<<[0m
|03:29:27|I|[36m---------------------------[0m
|03:29:27|I|[36m---------------------------[0m
|03:29:27|I|[32m****** Reading  data ******[0m
|03:29:27|I|[32mn. 32 bit words :      8960[0m
|03:29:27|I|[1m[35m>>>> Progress :  20.8% <<<<[0m
|03:29:27|I|[36m---------------------------[0m
|03:29:27|I|[36m---------------------------[0m
|03:29:27|I|[32m****** Reading  data ******[0m
|03:29:27|I|[32mn. 32 bit words :      8992[0m
|03:29:27|I|[1m[35m>>>> Progress :  21.4% <<<<[0m
|03:29:27|I|[36m---------------------------[0m
|03:29:27|I|[36m---------------------------[0m
|03:29:27|I|[32m****** Reading  data ******[0m
|03:29:27|I|[32mn. 32 bit words :      8360[0m
|03:29:27|I|[1m[35m>>>> Progress :  21.9% <<<<[0m
|03:29:27|I|[36m---------------------------[0m
|03:29:27|I|[36m---------------------------[0m
|03:29:27|I|[32m****** Reading  data ******[0m
|03:29:27|I|[32mn. 32 bit words :      8272[0m
|03:29:27|I|[1m[35m>>>> Progress :  22.4% <<<<[0m
|03:29:27|I|[36m---------------------------[0m
|03:29:27|I|[36m---------------------------[0m
|03:29:27|I|[32m****** Reading  data ******[0m
|03:29:27|I|[32mn. 32 bit words :      8680[0m
|03:29:27|I|[1m[35m>>>> Progress :  22.9% <<<<[0m
|03:29:27|I|[36m---------------------------[0m
|03:29:27|I|[36m---------------------------[0m
|03:29:27|I|[32m****** Reading  data ******[0m
|03:29:27|I|[32mn. 32 bit words :      8880[0m
|03:29:27|I|[1m[35m>>>> Progress :  23.4% <<<<[0m
|03:29:27|I|[36m---------------------------[0m
|03:29:27|I|[36m---------------------------[0m
|03:29:27|I|[32m****** Reading  data ******[0m
|03:29:27|I|[32mn. 32 bit words :      8648[0m
|03:29:27|I|[1m[35m>>>> Progress :  24.0% <<<<[0m
|03:29:27|I|[36m---------------------------[0m
|03:29:27|I|[36m---------------------------[0m
|03:29:27|I|[32m****** Reading  data ******[0m
|03:29:27|I|[32mn. 32 bit words :      8496[0m
|03:29:27|I|[1m[35m>>>> Progress :  24.5% <<<<[0m
|03:29:27|I|[36m---------------------------[0m
|03:29:27|I|[36m---------------------------[0m
|03:29:27|I|[32m****** Reading  data ******[0m
|03:29:27|I|[32mn. 32 bit words :      8408[0m
|03:29:27|I|[1m[35m>>>> Progress :  25.0% <<<<[0m
|03:29:27|I|[36m---------------------------[0m
|03:29:27|I|[36m---------------------------[0m
|03:29:27|I|[32m****** Reading  data ******[0m
|03:29:27|I|[32mn. 32 bit words :      9000[0m
|03:29:27|I|[1m[35m>>>> Progress :  25.5% <<<<[0m
|03:29:27|I|[36m---------------------------[0m
|03:29:27|I|[36m---------------------------[0m
|03:29:27|I|[32m****** Reading  data ******[0m
|03:29:27|I|[32mn. 32 bit words :      8744[0m
|03:29:27|I|[1m[35m>>>> Progress :  26.0% <<<<[0m
|03:29:27|I|[36m---------------------------[0m
|03:29:27|I|[36m---------------------------[0m
|03:29:27|I|[32m****** Reading  data ******[0m
|03:29:27|I|[32mn. 32 bit words :      8880[0m
|03:29:27|I|[1m[35m>>>> Progress :  26.6% <<<<[0m
|03:29:27|I|[36m---------------------------[0m
|03:29:28|I|[36m---------------------------[0m
|03:29:28|I|[32m****** Reading  data ******[0m
|03:29:28|I|[32mn. 32 bit words :      8208[0m
|03:29:28|I|[1m[35m>>>> Progress :  27.1% <<<<[0m
|03:29:28|I|[36m---------------------------[0m
|03:29:28|I|[36m---------------------------[0m
|03:29:28|I|[32m****** Reading  data ******[0m
|03:29:28|I|[32mn. 32 bit words :      8208[0m
|03:29:28|I|[1m[35m>>>> Progress :  27.6% <<<<[0m
|03:29:28|I|[36m---------------------------[0m
|03:29:28|I|[36m---------------------------[0m
|03:29:28|I|[32m****** Reading  data ******[0m
|03:29:28|I|[32mn. 32 bit words :      8496[0m
|03:29:28|I|[1m[35m>>>> Progress :  28.1% <<<<[0m
|03:29:28|I|[36m---------------------------[0m
|03:29:28|I|[36m---------------------------[0m
|03:29:28|I|[32m****** Reading  data ******[0m
|03:29:28|I|[32mn. 32 bit words :      8896[0m
|03:29:28|I|[1m[35m>>>> Progress :  28.6% <<<<[0m
|03:29:28|I|[36m---------------------------[0m
|03:29:28|I|[36m---------------------------[0m
|03:29:28|I|[32m****** Reading  data ******[0m
|03:29:28|I|[32mn. 32 bit words :      8968[0m
|03:29:28|I|[1m[35m>>>> Progress :  29.2% <<<<[0m
|03:29:28|I|[36m---------------------------[0m
|03:29:28|I|[36m---------------------------[0m
|03:29:28|I|[32m****** Reading  data ******[0m
|03:29:28|I|[32mn. 32 bit words :      8968[0m
|03:29:28|I|[1m[35m>>>> Progress :  29.7% <<<<[0m
|03:29:28|I|[36m---------------------------[0m
|03:29:28|I|[36m---------------------------[0m
|03:29:28|I|[32m****** Reading  data ******[0m
|03:29:28|I|[32mn. 32 bit words :      8104[0m
|03:29:28|I|[1m[35m>>>> Progress :  30.2% <<<<[0m
|03:29:28|I|[36m---------------------------[0m
|03:29:28|I|[36m---------------------------[0m
|03:29:28|I|[32m****** Reading  data ******[0m
|03:29:28|I|[32mn. 32 bit words :      9152[0m
|03:29:28|I|[1m[35m>>>> Progress :  30.7% <<<<[0m
|03:29:28|I|[36m---------------------------[0m
|03:29:28|I|[36m---------------------------[0m
|03:29:28|I|[32m****** Reading  data ******[0m
|03:29:28|I|[32mn. 32 bit words :      9056[0m
|03:29:28|I|[1m[35m>>>> Progress :  31.2% <<<<[0m
|03:29:28|I|[36m---------------------------[0m
|03:29:28|I|[36m---------------------------[0m
|03:29:28|I|[32m****** Reading  data ******[0m
|03:29:28|I|[32mn. 32 bit words :      8328[0m
|03:29:28|I|[1m[35m>>>> Progress :  31.8% <<<<[0m
|03:29:28|I|[36m---------------------------[0m
|03:29:28|I|[36m---------------------------[0m
|03:29:28|I|[32m****** Reading  data ******[0m
|03:29:28|I|[32mn. 32 bit words :      8408[0m
|03:29:28|I|[1m[35m>>>> Progress :  32.3% <<<<[0m
|03:29:28|I|[36m---------------------------[0m
|03:29:28|I|[36m---------------------------[0m
|03:29:28|I|[32m****** Reading  data ******[0m
|03:29:28|I|[32mn. 32 bit words :      8960[0m
|03:29:28|I|[1m[35m>>>> Progress :  32.8% <<<<[0m
|03:29:28|I|[36m---------------------------[0m
|03:29:28|I|[36m---------------------------[0m
|03:29:28|I|[32m****** Reading  data ******[0m
|03:29:28|I|[32mn. 32 bit words :      8704[0m
|03:29:28|I|[1m[35m>>>> Progress :  33.3% <<<<[0m
|03:29:28|I|[36m---------------------------[0m
|03:29:28|I|[36m---------------------------[0m
|03:29:28|I|[32m****** Reading  data ******[0m
|03:29:28|I|[32mn. 32 bit words :      8544[0m
|03:29:28|I|[1m[35m>>>> Progress :  33.9% <<<<[0m
|03:29:28|I|[36m---------------------------[0m
|03:29:28|I|[36m---------------------------[0m
|03:29:28|I|[32m****** Reading  data ******[0m
|03:29:28|I|[32mn. 32 bit words :      8280[0m
|03:29:28|I|[1m[35m>>>> Progress :  34.4% <<<<[0m
|03:29:28|I|[36m---------------------------[0m
|03:29:28|I|[36m---------------------------[0m
|03:29:28|I|[32m****** Reading  data ******[0m
|03:29:28|I|[32mn. 32 bit words :      8640[0m
|03:29:28|I|[1m[35m>>>> Progress :  34.9% <<<<[0m
|03:29:28|I|[36m---------------------------[0m
|03:29:28|I|[36m---------------------------[0m
|03:29:28|I|[32m****** Reading  data ******[0m
|03:29:28|I|[32mn. 32 bit words :      8752[0m
|03:29:28|I|[1m[35m>>>> Progress :  35.4% <<<<[0m
|03:29:28|I|[36m---------------------------[0m
|03:29:28|I|[36m---------------------------[0m
|03:29:28|I|[32m****** Reading  data ******[0m
|03:29:28|I|[32mn. 32 bit words :      8720[0m
|03:29:28|I|[1m[35m>>>> Progress :  35.9% <<<<[0m
|03:29:28|I|[36m---------------------------[0m
|03:29:28|I|[36m---------------------------[0m
|03:29:28|I|[32m****** Reading  data ******[0m
|03:29:28|I|[32mn. 32 bit words :      8640[0m
|03:29:28|I|[1m[35m>>>> Progress :  36.5% <<<<[0m
|03:29:28|I|[36m---------------------------[0m
|03:29:28|I|[36m---------------------------[0m
|03:29:28|I|[32m****** Reading  data ******[0m
|03:29:28|I|[32mn. 32 bit words :      8640[0m
|03:29:28|I|[1m[35m>>>> Progress :  37.0% <<<<[0m
|03:29:28|I|[36m---------------------------[0m
|03:29:28|I|[36m---------------------------[0m
|03:29:28|I|[32m****** Reading  data ******[0m
|03:29:28|I|[32mn. 32 bit words :      8944[0m
|03:29:28|I|[1m[35m>>>> Progress :  37.5% <<<<[0m
|03:29:28|I|[36m---------------------------[0m
|03:29:28|I|[36m---------------------------[0m
|03:29:28|I|[32m****** Reading  data ******[0m
|03:29:28|I|[32mn. 32 bit words :      8960[0m
|03:29:28|I|[1m[35m>>>> Progress :  38.0% <<<<[0m
|03:29:28|I|[36m---------------------------[0m
|03:29:28|I|[36m---------------------------[0m
|03:29:28|I|[32m****** Reading  data ******[0m
|03:29:28|I|[32mn. 32 bit words :      8672[0m
|03:29:28|I|[1m[35m>>>> Progress :  38.5% <<<<[0m
|03:29:28|I|[36m---------------------------[0m
|03:29:28|I|[36m---------------------------[0m
|03:29:28|I|[32m****** Reading  data ******[0m
|03:29:28|I|[32mn. 32 bit words :      8928[0m
|03:29:28|I|[1m[35m>>>> Progress :  39.1% <<<<[0m
|03:29:28|I|[36m---------------------------[0m
|03:29:28|I|[36m---------------------------[0m
|03:29:28|I|[32m****** Reading  data ******[0m
|03:29:28|I|[32mn. 32 bit words :      8240[0m
|03:29:28|I|[1m[35m>>>> Progress :  39.6% <<<<[0m
|03:29:28|I|[36m---------------------------[0m
|03:29:28|I|[36m---------------------------[0m
|03:29:28|I|[32m****** Reading  data ******[0m
|03:29:28|I|[32mn. 32 bit words :      9040[0m
|03:29:28|I|[1m[35m>>>> Progress :  40.1% <<<<[0m
|03:29:28|I|[36m---------------------------[0m
|03:29:28|I|[36m---------------------------[0m
|03:29:28|I|[32m****** Reading  data ******[0m
|03:29:28|I|[32mn. 32 bit words :      9032[0m
|03:29:28|I|[1m[35m>>>> Progress :  40.6% <<<<[0m
|03:29:28|I|[36m---------------------------[0m
|03:29:28|I|[36m---------------------------[0m
|03:29:28|I|[32m****** Reading  data ******[0m
|03:29:28|I|[32mn. 32 bit words :      8544[0m
|03:29:28|I|[1m[35m>>>> Progress :  41.1% <<<<[0m
|03:29:28|I|[36m---------------------------[0m
|03:29:28|I|[36m---------------------------[0m
|03:29:28|I|[32m****** Reading  data ******[0m
|03:29:28|I|[32mn. 32 bit words :      8392[0m
|03:29:28|I|[1m[35m>>>> Progress :  41.7% <<<<[0m
|03:29:28|I|[36m---------------------------[0m
|03:29:28|I|[36m---------------------------[0m
|03:29:28|I|[32m****** Reading  data ******[0m
|03:29:28|I|[32mn. 32 bit words :      8304[0m
|03:29:28|I|[1m[35m>>>> Progress :  42.2% <<<<[0m
|03:29:28|I|[36m---------------------------[0m
|03:29:28|I|[36m---------------------------[0m
|03:29:28|I|[32m****** Reading  data ******[0m
|03:29:28|I|[32mn. 32 bit words :      8360[0m
|03:29:28|I|[1m[35m>>>> Progress :  42.7% <<<<[0m
|03:29:28|I|[36m---------------------------[0m
|03:29:28|I|[36m---------------------------[0m
|03:29:28|I|[32m****** Reading  data ******[0m
|03:29:28|I|[32mn. 32 bit words :      8920[0m
|03:29:28|I|[1m[35m>>>> Progress :  43.2% <<<<[0m
|03:29:28|I|[36m---------------------------[0m
|03:29:28|I|[36m---------------------------[0m
|03:29:28|I|[32m****** Reading  data ******[0m
|03:29:28|I|[32mn. 32 bit words :      8752[0m
|03:29:28|I|[1m[35m>>>> Progress :  43.8% <<<<[0m
|03:29:28|I|[36m---------------------------[0m
|03:29:28|I|[36m---------------------------[0m
|03:29:28|I|[32m****** Reading  data ******[0m
|03:29:28|I|[32mn. 32 bit words :      9184[0m
|03:29:28|I|[1m[35m>>>> Progress :  44.3% <<<<[0m
|03:29:28|I|[36m---------------------------[0m
|03:29:28|I|[36m---------------------------[0m
|03:29:28|I|[32m****** Reading  data ******[0m
|03:29:28|I|[32mn. 32 bit words :      8992[0m
|03:29:28|I|[1m[35m>>>> Progress :  44.8% <<<<[0m
|03:29:28|I|[36m---------------------------[0m
|03:29:28|I|[36m---------------------------[0m
|03:29:28|I|[32m****** Reading  data ******[0m
|03:29:28|I|[32mn. 32 bit words :      8528[0m
|03:29:28|I|[1m[35m>>>> Progress :  45.3% <<<<[0m
|03:29:28|I|[36m---------------------------[0m
|03:29:28|I|[36m---------------------------[0m
|03:29:28|I|[32m****** Reading  data ******[0m
|03:29:28|I|[32mn. 32 bit words :      8320[0m
|03:29:28|I|[1m[35m>>>> Progress :  45.8% <<<<[0m
|03:29:28|I|[36m---------------------------[0m
|03:29:28|I|[36m---------------------------[0m
|03:29:28|I|[32m****** Reading  data ******[0m
|03:29:28|I|[32mn. 32 bit words :      8472[0m
|03:29:28|I|[1m[35m>>>> Progress :  46.4% <<<<[0m
|03:29:28|I|[36m---------------------------[0m
|03:29:28|I|[36m---------------------------[0m
|03:29:28|I|[32m****** Reading  data ******[0m
|03:29:28|I|[32mn. 32 bit words :      8464[0m
|03:29:28|I|[1m[35m>>>> Progress :  46.9% <<<<[0m
|03:29:28|I|[36m---------------------------[0m
|03:29:28|I|[36m---------------------------[0m
|03:29:28|I|[32m****** Reading  data ******[0m
|03:29:28|I|[32mn. 32 bit words :      8240[0m
|03:29:28|I|[1m[35m>>>> Progress :  47.4% <<<<[0m
|03:29:28|I|[36m---------------------------[0m
|03:29:28|I|[36m---------------------------[0m
|03:29:28|I|[32m****** Reading  data ******[0m
|03:29:28|I|[32mn. 32 bit words :      9024[0m
|03:29:28|I|[1m[35m>>>> Progress :  47.9% <<<<[0m
|03:29:28|I|[36m---------------------------[0m
|03:29:28|I|[36m---------------------------[0m
|03:29:28|I|[32m****** Reading  data ******[0m
|03:29:28|I|[32mn. 32 bit words :      8472[0m
|03:29:28|I|[1m[35m>>>> Progress :  48.4% <<<<[0m
|03:29:28|I|[36m---------------------------[0m
|03:29:28|I|[36m---------------------------[0m
|03:29:28|I|[32m****** Reading  data ******[0m
|03:29:28|I|[32mn. 32 bit words :      8488[0m
|03:29:28|I|[1m[35m>>>> Progress :  49.0% <<<<[0m
|03:29:28|I|[36m---------------------------[0m
|03:29:28|I|[36m---------------------------[0m
|03:29:28|I|[32m****** Reading  data ******[0m
|03:29:28|I|[32mn. 32 bit words :      9048[0m
|03:29:28|I|[1m[35m>>>> Progress :  49.5% <<<<[0m
|03:29:28|I|[36m---------------------------[0m
|03:29:28|I|[36m---------------------------[0m
|03:29:28|I|[32m****** Reading  data ******[0m
|03:29:28|I|[32mn. 32 bit words :      8832[0m
|03:29:28|I|[1m[35m>>>> Progress :  50.0% <<<<[0m
|03:29:28|I|[36m---------------------------[0m
|03:29:28|I|[36m---------------------------[0m
|03:29:28|I|[32m****** Reading  data ******[0m
|03:29:28|I|[32mn. 32 bit words :      8456[0m
|03:29:28|I|[1m[35m>>>> Progress :  50.5% <<<<[0m
|03:29:28|I|[36m---------------------------[0m
|03:29:28|I|[36m---------------------------[0m
|03:29:28|I|[32m****** Reading  data ******[0m
|03:29:28|I|[32mn. 32 bit words :      8168[0m
|03:29:28|I|[1m[35m>>>> Progress :  51.0% <<<<[0m
|03:29:28|I|[36m---------------------------[0m
|03:29:28|I|[36m---------------------------[0m
|03:29:28|I|[32m****** Reading  data ******[0m
|03:29:28|I|[32mn. 32 bit words :      9112[0m
|03:29:28|I|[1m[35m>>>> Progress :  51.6% <<<<[0m
|03:29:28|I|[36m---------------------------[0m
|03:29:28|I|[32mMonitor data for [board/opticalGroup/hybrid/chip = [1m[33m0/0/0/0[0m[32m][0m
|03:29:28|I|[36m---------------------------[0m
|03:29:28|I|[32m****** Reading  data ******[0m
|03:29:28|I|[32mn. 32 bit words :      8720[0m
|03:29:28|I|[1m[35m>>>> Progress :  52.1% <<<<[0m
|03:29:28|I|[36m---------------------------[0m
|03:29:29|W|[1m[31m		--> Very low voltage: either floating VDD sense-line or FMC not powered (voltage = [1m[33m0.000[1m[31m)[0m
|03:29:29|I|[1m[34m	--> Hybrid voltage: [1m[33m0.000[1m[34m V (corresponds to half VOUT_dig_ShuLDO of the chip)[0m
|03:29:29|I|[1m[34m	--> Hybrid temperature: [1m[33m-273.150[1m[34m C[0m
|03:29:29|I|[1m[34m	--> VOUT_ana_ShuLDO: [1m[33m0.620 +/- 0.025[1m[34m V[0m
|03:29:29|I|[1m[34m	--> VOUT_dig_ShuLDO: [1m[33m0.647 +/- 0.026[1m[34m V[0m
|03:29:29|I|[1m[34m	--> ADCbandgap: [1m[33m0.452 +/- 0.018[1m[34m V[0m
|03:29:29|W|[1m[31m		--> ADC measurement in saturation (ADC = [1m[33m4095[1m[31m): likely the IMUX resistor, that converts the current into a voltage, is not connected[0m
|03:29:29|I|[1m[34m	--> Iref: [1m[33m83.880 +/- 3.355[1m[34m uA[0m
|03:29:29|I|[1m[34m	--> TEMPSENS_1: [1m[33m87.405 +/- 3.496[1m[34m C[0m
|03:29:29|I|[1m[34m	--> TEMPSENS_4: [1m[33m89.538 +/- 3.582[1m[34m C[0m
|03:29:29|I|[1m[34m	--> Done[0m
|03:29:29|I|[36m---------------------------[0m
|03:29:29|I|[32m****** Reading  data ******[0m
|03:29:29|I|[32mn. 32 bit words :      8560[0m
|03:29:29|I|[1m[35m>>>> Progress :  52.6% <<<<[0m
|03:29:29|I|[36m---------------------------[0m
|03:29:29|I|[1m[34m	--> VOUT_ana_ShuLDO: [1m[33m0.620 +/- 0.025[1m[34m V[0m
|03:29:29|I|[36m---------------------------[0m
|03:29:29|I|[32m****** Reading  data ******[0m
|03:29:29|I|[32mn. 32 bit words :      8616[0m
|03:29:29|I|[1m[35m>>>> Progress :  53.1% <<<<[0m
|03:29:29|I|[36m---------------------------[0m
|03:29:29|I|[1m[34m	--> VOUT_dig_ShuLDO: [1m[33m0.647 +/- 0.026[1m[34m V[0m
|03:29:29|I|[36m---------------------------[0m
|03:29:29|I|[32m****** Reading  data ******[0m
|03:29:29|I|[32mn. 32 bit words :      8472[0m
|03:29:29|I|[1m[35m>>>> Progress :  53.6% <<<<[0m
|03:29:29|I|[36m---------------------------[0m
|03:29:29|I|[1m[34m	--> ADCbandgap: [1m[33m0.452 +/- 0.018[1m[34m V[0m
|03:29:29|I|[36m---------------------------[0m
|03:29:29|I|[32m****** Reading  data ******[0m
|03:29:29|I|[32mn. 32 bit words :      8224[0m
|03:29:29|I|[1m[35m>>>> Progress :  54.2% <<<<[0m
|03:29:29|I|[36m---------------------------[0m
|03:29:29|W|[1m[31m		--> ADC measurement in saturation (ADC = [1m[33m4095[1m[31m): likely the IMUX resistor, that converts the current into a voltage, is not connected[0m
|03:29:29|I|[1m[34m	--> Iref: [1m[33m83.880 +/- 3.355[1m[34m uA[0m
|03:29:29|I|[36m---------------------------[0m
|03:29:29|I|[32m****** Reading  data ******[0m
|03:29:29|I|[32mn. 32 bit words :      8688[0m
|03:29:29|I|[1m[35m>>>> Progress :  54.7% <<<<[0m
|03:29:29|I|[36m---------------------------[0m
|03:29:29|I|[1m[34m	--> TEMPSENS_1: [1m[33m88.116 +/- 3.525[1m[34m C[0m
|03:29:29|I|[36m---------------------------[0m
|03:29:29|I|[32m****** Reading  data ******[0m
|03:29:29|I|[32mn. 32 bit words :      8568[0m
|03:29:29|I|[1m[35m>>>> Progress :  55.2% <<<<[0m
|03:29:29|I|[36m---------------------------[0m
|03:29:29|I|[1m[34m	--> TEMPSENS_4: [1m[33m90.249 +/- 3.610[1m[34m C[0m
|03:29:29|I|[36m---------------------------[0m
|03:29:29|I|[32m****** Reading  data ******[0m
|03:29:29|I|[32mn. 32 bit words :      9032[0m
|03:29:29|I|[1m[35m>>>> Progress :  55.7% <<<<[0m
|03:29:29|I|[36m---------------------------[0m
|03:29:29|I|[36m---------------------------[0m
|03:29:29|I|[32m****** Reading  data ******[0m
|03:29:29|I|[32mn. 32 bit words :      8296[0m
|03:29:29|I|[1m[35m>>>> Progress :  56.2% <<<<[0m
|03:29:29|I|[36m---------------------------[0m
|03:29:29|I|[36m---------------------------[0m
|03:29:29|I|[32m****** Reading  data ******[0m
|03:29:29|I|[32mn. 32 bit words :      9096[0m
|03:29:29|I|[1m[35m>>>> Progress :  56.8% <<<<[0m
|03:29:29|I|[36m---------------------------[0m
|03:29:29|I|[36m---------------------------[0m
|03:29:29|I|[32m****** Reading  data ******[0m
|03:29:29|I|[32mn. 32 bit words :      8480[0m
|03:29:29|I|[1m[35m>>>> Progress :  57.3% <<<<[0m
|03:29:29|I|[36m---------------------------[0m
|03:29:29|I|[36m---------------------------[0m
|03:29:29|I|[32m****** Reading  data ******[0m
|03:29:29|I|[32mn. 32 bit words :      8416[0m
|03:29:29|I|[1m[35m>>>> Progress :  57.8% <<<<[0m
|03:29:29|I|[36m---------------------------[0m
|03:29:29|I|[36m---------------------------[0m
|03:29:29|I|[32m****** Reading  data ******[0m
|03:29:29|I|[32mn. 32 bit words :      8336[0m
|03:29:29|I|[1m[35m>>>> Progress :  58.3% <<<<[0m
|03:29:29|I|[36m---------------------------[0m
|03:29:29|I|[36m---------------------------[0m
|03:29:29|I|[32m****** Reading  data ******[0m
|03:29:29|I|[32mn. 32 bit words :      8248[0m
|03:29:29|I|[1m[35m>>>> Progress :  58.9% <<<<[0m
|03:29:29|I|[36m---------------------------[0m
|03:29:29|I|[36m---------------------------[0m
|03:29:29|I|[32m****** Reading  data ******[0m
|03:29:29|I|[32mn. 32 bit words :      8496[0m
|03:29:29|I|[1m[35m>>>> Progress :  59.4% <<<<[0m
|03:29:29|I|[36m---------------------------[0m
|03:29:29|I|[36m---------------------------[0m
|03:29:29|I|[32m****** Reading  data ******[0m
|03:29:29|I|[32mn. 32 bit words :      8592[0m
|03:29:29|I|[1m[35m>>>> Progress :  59.9% <<<<[0m
|03:29:29|I|[36m---------------------------[0m
|03:29:29|I|[36m---------------------------[0m
|03:29:29|I|[32m****** Reading  data ******[0m
|03:29:29|I|[32mn. 32 bit words :      8056[0m
|03:29:29|I|[1m[35m>>>> Progress :  60.4% <<<<[0m
|03:29:29|I|[36m---------------------------[0m
|03:29:29|I|[36m---------------------------[0m
|03:29:29|I|[32m****** Reading  data ******[0m
|03:29:29|I|[32mn. 32 bit words :      9032[0m
|03:29:29|I|[1m[35m>>>> Progress :  60.9% <<<<[0m
|03:29:29|I|[36m---------------------------[0m
|03:29:29|I|[36m---------------------------[0m
|03:29:29|I|[32m****** Reading  data ******[0m
|03:29:29|I|[32mn. 32 bit words :      9016[0m
|03:29:29|I|[1m[35m>>>> Progress :  61.5% <<<<[0m
|03:29:29|I|[36m---------------------------[0m
|03:29:29|I|[36m---------------------------[0m
|03:29:29|I|[32m****** Reading  data ******[0m
|03:29:29|I|[32mn. 32 bit words :      8216[0m
|03:29:29|I|[1m[35m>>>> Progress :  62.0% <<<<[0m
|03:29:29|I|[36m---------------------------[0m
|03:29:29|I|[36m---------------------------[0m
|03:29:29|I|[32m****** Reading  data ******[0m
|03:29:29|I|[32mn. 32 bit words :      8640[0m
|03:29:29|I|[1m[35m>>>> Progress :  62.5% <<<<[0m
|03:29:29|I|[36m---------------------------[0m
|03:29:29|I|[36m---------------------------[0m
|03:29:29|I|[32m****** Reading  data ******[0m
|03:29:29|I|[32mn. 32 bit words :      8520[0m
|03:29:29|I|[1m[35m>>>> Progress :  63.0% <<<<[0m
|03:29:29|I|[36m---------------------------[0m
|03:29:29|I|[36m---------------------------[0m
|03:29:29|I|[32m****** Reading  data ******[0m
|03:29:29|I|[32mn. 32 bit words :      8456[0m
|03:29:29|I|[1m[35m>>>> Progress :  63.5% <<<<[0m
|03:29:29|I|[36m---------------------------[0m
|03:29:29|I|[36m---------------------------[0m
|03:29:29|I|[32m****** Reading  data ******[0m
|03:29:29|I|[32mn. 32 bit words :      8264[0m
|03:29:29|I|[1m[35m>>>> Progress :  64.1% <<<<[0m
|03:29:29|I|[36m---------------------------[0m
|03:29:29|I|[36m---------------------------[0m
|03:29:29|I|[32m****** Reading  data ******[0m
|03:29:29|I|[32mn. 32 bit words :      8640[0m
|03:29:29|I|[1m[35m>>>> Progress :  64.6% <<<<[0m
|03:29:29|I|[36m---------------------------[0m
|03:29:29|I|[36m---------------------------[0m
|03:29:29|I|[32m****** Reading  data ******[0m
|03:29:29|I|[32mn. 32 bit words :      8312[0m
|03:29:29|I|[1m[35m>>>> Progress :  65.1% <<<<[0m
|03:29:29|I|[36m---------------------------[0m
|03:29:29|I|[36m---------------------------[0m
|03:29:29|I|[32m****** Reading  data ******[0m
|03:29:29|I|[32mn. 32 bit words :      8768[0m
|03:29:29|I|[1m[35m>>>> Progress :  65.6% <<<<[0m
|03:29:29|I|[36m---------------------------[0m
|03:29:29|I|[36m---------------------------[0m
|03:29:29|I|[32m****** Reading  data ******[0m
|03:29:29|I|[32mn. 32 bit words :      8648[0m
|03:29:29|I|[1m[35m>>>> Progress :  66.1% <<<<[0m
|03:29:29|I|[36m---------------------------[0m
|03:29:29|I|[36m---------------------------[0m
|03:29:29|I|[32m****** Reading  data ******[0m
|03:29:29|I|[32mn. 32 bit words :      8304[0m
|03:29:29|I|[1m[35m>>>> Progress :  66.7% <<<<[0m
|03:29:29|I|[36m---------------------------[0m
|03:29:29|I|[36m---------------------------[0m
|03:29:29|I|[32m****** Reading  data ******[0m
|03:29:29|I|[32mn. 32 bit words :      8192[0m
|03:29:29|I|[1m[35m>>>> Progress :  67.2% <<<<[0m
|03:29:29|I|[36m---------------------------[0m
|03:29:29|I|[36m---------------------------[0m
|03:29:29|I|[32m****** Reading  data ******[0m
|03:29:29|I|[32mn. 32 bit words :      8888[0m
|03:29:29|I|[1m[35m>>>> Progress :  67.7% <<<<[0m
|03:29:29|I|[36m---------------------------[0m
|03:29:29|I|[36m---------------------------[0m
|03:29:29|I|[32m****** Reading  data ******[0m
|03:29:29|I|[32mn. 32 bit words :      8464[0m
|03:29:29|I|[1m[35m>>>> Progress :  68.2% <<<<[0m
|03:29:29|I|[36m---------------------------[0m
|03:29:29|I|[36m---------------------------[0m
|03:29:29|I|[32m****** Reading  data ******[0m
|03:29:29|I|[32mn. 32 bit words :      8256[0m
|03:29:29|I|[1m[35m>>>> Progress :  68.8% <<<<[0m
|03:29:29|I|[36m---------------------------[0m
|03:29:30|I|[36m---------------------------[0m
|03:29:30|I|[32m****** Reading  data ******[0m
|03:29:30|I|[32mn. 32 bit words :      8728[0m
|03:29:30|I|[1m[35m>>>> Progress :  69.3% <<<<[0m
|03:29:30|I|[36m---------------------------[0m
|03:29:30|I|[36m---------------------------[0m
|03:29:30|I|[32m****** Reading  data ******[0m
|03:29:30|I|[32mn. 32 bit words :      8600[0m
|03:29:30|I|[1m[35m>>>> Progress :  69.8% <<<<[0m
|03:29:30|I|[36m---------------------------[0m
|03:29:30|I|[36m---------------------------[0m
|03:29:30|I|[32m****** Reading  data ******[0m
|03:29:30|I|[32mn. 32 bit words :      8264[0m
|03:29:30|I|[1m[35m>>>> Progress :  70.3% <<<<[0m
|03:29:30|I|[36m---------------------------[0m
|03:29:30|I|[36m---------------------------[0m
|03:29:30|I|[32m****** Reading  data ******[0m
|03:29:30|I|[32mn. 32 bit words :      8480[0m
|03:29:30|I|[1m[35m>>>> Progress :  70.8% <<<<[0m
|03:29:30|I|[36m---------------------------[0m
|03:29:30|I|[36m---------------------------[0m
|03:29:30|I|[32m****** Reading  data ******[0m
|03:29:30|I|[32mn. 32 bit words :      8960[0m
|03:29:30|I|[1m[35m>>>> Progress :  71.4% <<<<[0m
|03:29:30|I|[36m---------------------------[0m
|03:29:30|I|[36m---------------------------[0m
|03:29:30|I|[32m****** Reading  data ******[0m
|03:29:30|I|[32mn. 32 bit words :      8952[0m
|03:29:30|I|[1m[35m>>>> Progress :  71.9% <<<<[0m
|03:29:30|I|[36m---------------------------[0m
|03:29:30|I|[36m---------------------------[0m
|03:29:30|I|[32m****** Reading  data ******[0m
|03:29:30|I|[32mn. 32 bit words :      8456[0m
|03:29:30|I|[1m[35m>>>> Progress :  72.4% <<<<[0m
|03:29:30|I|[36m---------------------------[0m
|03:29:30|I|[36m---------------------------[0m
|03:29:30|I|[32m****** Reading  data ******[0m
|03:29:30|I|[32mn. 32 bit words :      8608[0m
|03:29:30|I|[1m[35m>>>> Progress :  72.9% <<<<[0m
|03:29:30|I|[36m---------------------------[0m
|03:29:30|I|[36m---------------------------[0m
|03:29:30|I|[32m****** Reading  data ******[0m
|03:29:30|I|[32mn. 32 bit words :      8624[0m
|03:29:30|I|[1m[35m>>>> Progress :  73.4% <<<<[0m
|03:29:30|I|[36m---------------------------[0m
|03:29:30|I|[36m---------------------------[0m
|03:29:30|I|[32m****** Reading  data ******[0m
|03:29:30|I|[32mn. 32 bit words :      8952[0m
|03:29:30|I|[1m[35m>>>> Progress :  74.0% <<<<[0m
|03:29:30|I|[36m---------------------------[0m
|03:29:30|I|[36m---------------------------[0m
|03:29:30|I|[32m****** Reading  data ******[0m
|03:29:30|I|[32mn. 32 bit words :      9056[0m
|03:29:30|I|[1m[35m>>>> Progress :  74.5% <<<<[0m
|03:29:30|I|[36m---------------------------[0m
|03:29:30|I|[36m---------------------------[0m
|03:29:30|I|[32m****** Reading  data ******[0m
|03:29:30|I|[32mn. 32 bit words :      8536[0m
|03:29:30|I|[1m[35m>>>> Progress :  75.0% <<<<[0m
|03:29:30|I|[36m---------------------------[0m
|03:29:30|I|[36m---------------------------[0m
|03:29:30|I|[32m****** Reading  data ******[0m
|03:29:30|I|[32mn. 32 bit words :      8592[0m
|03:29:30|I|[1m[35m>>>> Progress :  75.5% <<<<[0m
|03:29:30|I|[36m---------------------------[0m
|03:29:30|I|[36m---------------------------[0m
|03:29:30|I|[32m****** Reading  data ******[0m
|03:29:30|I|[32mn. 32 bit words :      8584[0m
|03:29:30|I|[1m[35m>>>> Progress :  76.0% <<<<[0m
|03:29:30|I|[36m---------------------------[0m
|03:29:30|I|[36m---------------------------[0m
|03:29:30|I|[32m****** Reading  data ******[0m
|03:29:30|I|[32mn. 32 bit words :      8608[0m
|03:29:30|I|[1m[35m>>>> Progress :  76.6% <<<<[0m
|03:29:30|I|[36m---------------------------[0m
|03:29:30|I|[36m---------------------------[0m
|03:29:30|I|[32m****** Reading  data ******[0m
|03:29:30|I|[32mn. 32 bit words :      8624[0m
|03:29:30|I|[1m[35m>>>> Progress :  77.1% <<<<[0m
|03:29:30|I|[36m---------------------------[0m
|03:29:30|I|[36m---------------------------[0m
|03:29:30|I|[32m****** Reading  data ******[0m
|03:29:30|I|[32mn. 32 bit words :      8920[0m
|03:29:30|I|[1m[35m>>>> Progress :  77.6% <<<<[0m
|03:29:30|I|[36m---------------------------[0m
|03:29:30|I|[36m---------------------------[0m
|03:29:30|I|[32m****** Reading  data ******[0m
|03:29:30|I|[32mn. 32 bit words :      8424[0m
|03:29:30|I|[1m[35m>>>> Progress :  78.1% <<<<[0m
|03:29:30|I|[36m---------------------------[0m
|03:29:30|I|[36m---------------------------[0m
|03:29:30|I|[32m****** Reading  data ******[0m
|03:29:30|I|[32mn. 32 bit words :      8256[0m
|03:29:30|I|[1m[35m>>>> Progress :  78.6% <<<<[0m
|03:29:30|I|[36m---------------------------[0m
|03:29:30|I|[36m---------------------------[0m
|03:29:30|I|[32m****** Reading  data ******[0m
|03:29:30|I|[32mn. 32 bit words :      8872[0m
|03:29:30|I|[1m[35m>>>> Progress :  79.2% <<<<[0m
|03:29:30|I|[36m---------------------------[0m
|03:29:30|I|[36m---------------------------[0m
|03:29:30|I|[32m****** Reading  data ******[0m
|03:29:30|I|[32mn. 32 bit words :      8976[0m
|03:29:30|I|[1m[35m>>>> Progress :  79.7% <<<<[0m
|03:29:30|I|[36m---------------------------[0m
|03:29:30|I|[36m---------------------------[0m
|03:29:30|I|[32m****** Reading  data ******[0m
|03:29:30|I|[32mn. 32 bit words :      9120[0m
|03:29:30|I|[1m[35m>>>> Progress :  80.2% <<<<[0m
|03:29:30|I|[36m---------------------------[0m
|03:29:30|I|[36m---------------------------[0m
|03:29:30|I|[32m****** Reading  data ******[0m
|03:29:30|I|[32mn. 32 bit words :      8856[0m
|03:29:30|I|[1m[35m>>>> Progress :  80.7% <<<<[0m
|03:29:30|I|[36m---------------------------[0m
|03:29:30|I|[36m---------------------------[0m
|03:29:30|I|[32m****** Reading  data ******[0m
|03:29:30|I|[32mn. 32 bit words :      8496[0m
|03:29:30|I|[1m[35m>>>> Progress :  81.2% <<<<[0m
|03:29:30|I|[36m---------------------------[0m
|03:29:30|I|[36m---------------------------[0m
|03:29:30|I|[32m****** Reading  data ******[0m
|03:29:30|I|[32mn. 32 bit words :      9072[0m
|03:29:30|I|[1m[35m>>>> Progress :  81.8% <<<<[0m
|03:29:30|I|[36m---------------------------[0m
|03:29:30|I|[36m---------------------------[0m
|03:29:30|I|[32m****** Reading  data ******[0m
|03:29:30|I|[32mn. 32 bit words :      8928[0m
|03:29:30|I|[1m[35m>>>> Progress :  82.3% <<<<[0m
|03:29:30|I|[36m---------------------------[0m
|03:29:30|I|[36m---------------------------[0m
|03:29:30|I|[32m****** Reading  data ******[0m
|03:29:30|I|[32mn. 32 bit words :      8448[0m
|03:29:30|I|[1m[35m>>>> Progress :  82.8% <<<<[0m
|03:29:30|I|[36m---------------------------[0m
|03:29:30|I|[36m---------------------------[0m
|03:29:30|I|[32m****** Reading  data ******[0m
|03:29:30|I|[32mn. 32 bit words :      8456[0m
|03:29:30|I|[1m[35m>>>> Progress :  83.3% <<<<[0m
|03:29:30|I|[36m---------------------------[0m
|03:29:30|I|[36m---------------------------[0m
|03:29:30|I|[32m****** Reading  data ******[0m
|03:29:30|I|[32mn. 32 bit words :      8840[0m
|03:29:30|I|[1m[35m>>>> Progress :  83.9% <<<<[0m
|03:29:30|I|[36m---------------------------[0m
|03:29:30|I|[36m---------------------------[0m
|03:29:30|I|[32m****** Reading  data ******[0m
|03:29:30|I|[32mn. 32 bit words :      8400[0m
|03:29:30|I|[1m[35m>>>> Progress :  84.4% <<<<[0m
|03:29:30|I|[36m---------------------------[0m
|03:29:30|I|[36m---------------------------[0m
|03:29:30|I|[32m****** Reading  data ******[0m
|03:29:30|I|[32mn. 32 bit words :      8544[0m
|03:29:30|I|[1m[35m>>>> Progress :  84.9% <<<<[0m
|03:29:30|I|[36m---------------------------[0m
|03:29:30|I|[36m---------------------------[0m
|03:29:30|I|[32m****** Reading  data ******[0m
|03:29:30|I|[32mn. 32 bit words :      8632[0m
|03:29:30|I|[1m[35m>>>> Progress :  85.4% <<<<[0m
|03:29:30|I|[36m---------------------------[0m
|03:29:30|I|[36m---------------------------[0m
|03:29:30|I|[32m****** Reading  data ******[0m
|03:29:30|I|[32mn. 32 bit words :      8120[0m
|03:29:30|I|[1m[35m>>>> Progress :  85.9% <<<<[0m
|03:29:30|I|[36m---------------------------[0m
|03:29:30|I|[36m---------------------------[0m
|03:29:30|I|[32m****** Reading  data ******[0m
|03:29:30|I|[32mn. 32 bit words :      9104[0m
|03:29:30|I|[1m[35m>>>> Progress :  86.5% <<<<[0m
|03:29:30|I|[36m---------------------------[0m
|03:29:30|I|[36m---------------------------[0m
|03:29:30|I|[32m****** Reading  data ******[0m
|03:29:30|I|[32mn. 32 bit words :      8552[0m
|03:29:30|I|[1m[35m>>>> Progress :  87.0% <<<<[0m
|03:29:30|I|[36m---------------------------[0m
|03:29:30|I|[36m---------------------------[0m
|03:29:30|I|[32m****** Reading  data ******[0m
|03:29:30|I|[32mn. 32 bit words :      8536[0m
|03:29:30|I|[1m[35m>>>> Progress :  87.5% <<<<[0m
|03:29:30|I|[36m---------------------------[0m
|03:29:30|I|[36m---------------------------[0m
|03:29:30|I|[32m****** Reading  data ******[0m
|03:29:30|I|[32mn. 32 bit words :      9008[0m
|03:29:30|I|[1m[35m>>>> Progress :  88.0% <<<<[0m
|03:29:30|I|[36m---------------------------[0m
|03:29:30|I|[36m---------------------------[0m
|03:29:30|I|[32m****** Reading  data ******[0m
|03:29:30|I|[32mn. 32 bit words :      8960[0m
|03:29:30|I|[1m[35m>>>> Progress :  88.5% <<<<[0m
|03:29:30|I|[36m---------------------------[0m
|03:29:30|I|[32mMonitor data for [board/opticalGroup/hybrid/chip = [1m[33m0/0/0/0[0m[32m][0m
|03:29:30|I|[36m---------------------------[0m
|03:29:30|I|[32m****** Reading  data ******[0m
|03:29:30|I|[32mn. 32 bit words :      8200[0m
|03:29:30|I|[1m[35m>>>> Progress :  89.1% <<<<[0m
|03:29:30|I|[36m---------------------------[0m
|03:29:30|W|[1m[31m		--> Very low voltage: either floating VDD sense-line or FMC not powered (voltage = [1m[33m0.000[1m[31m)[0m
|03:29:30|I|[1m[34m	--> Hybrid voltage: [1m[33m0.000[1m[34m V (corresponds to half VOUT_dig_ShuLDO of the chip)[0m
|03:29:31|I|[1m[34m	--> Hybrid temperature: [1m[33m-273.150[1m[34m C[0m
|03:29:31|I|[1m[34m	--> VOUT_ana_ShuLDO: [1m[33m0.620 +/- 0.025[1m[34m V[0m
|03:29:31|I|[1m[34m	--> VOUT_dig_ShuLDO: [1m[33m0.647 +/- 0.026[1m[34m V[0m
|03:29:31|I|[1m[34m	--> ADCbandgap: [1m[33m0.452 +/- 0.018[1m[34m V[0m
|03:29:31|W|[1m[31m		--> ADC measurement in saturation (ADC = [1m[33m4095[1m[31m): likely the IMUX resistor, that converts the current into a voltage, is not connected[0m
|03:29:31|I|[1m[34m	--> Iref: [1m[33m83.880 +/- 3.355[1m[34m uA[0m
|03:29:31|I|[1m[34m	--> TEMPSENS_1: [1m[33m88.116 +/- 3.525[1m[34m C[0m
|03:29:31|I|[1m[34m	--> TEMPSENS_4: [1m[33m88.827 +/- 3.553[1m[34m C[0m
|03:29:31|I|[1m[34m	--> Done[0m
|03:29:31|I|[1m[34m	--> VOUT_ana_ShuLDO: [1m[33m0.620 +/- 0.025[1m[34m V[0m
|03:29:31|I|[1m[34m	--> VOUT_dig_ShuLDO: [1m[33m0.647 +/- 0.026[1m[34m V[0m
|03:29:31|I|[36m---------------------------[0m
|03:29:31|I|[32m****** Reading  data ******[0m
|03:29:31|I|[32mn. 32 bit words :      8880[0m
|03:29:31|I|[1m[35m>>>> Progress :  89.6% <<<<[0m
|03:29:31|I|[36m---------------------------[0m
|03:29:31|E|[1m[31mWrite-command FIFO not empty[0m
|03:29:31|I|[1m[34m	--> ADCbandgap: [1m[33m0.452 +/- 0.018[1m[34m V[0m
|03:29:31|W|[1m[31m		--> ADC measurement in saturation (ADC = [1m[33m4095[1m[31m): likely the IMUX resistor, that converts the current into a voltage, is not connected[0m
|03:29:31|I|[1m[34m	--> Iref: [1m[33m83.880 +/- 3.355[1m[34m uA[0m
|03:29:31|I|[1m[34m	--> TEMPSENS_1: [1m[33m87.405 +/- 3.496[1m[34m C[0m
|03:29:31|I|[36m---------------------------[0m
|03:29:31|I|[32m****** Reading  data ******[0m
|03:29:31|I|[32mn. 32 bit words :      8296[0m
|03:29:31|I|[1m[35m>>>> Progress :  90.1% <<<<[0m
|03:29:31|I|[36m---------------------------[0m
|03:29:31|I|[1m[34m	--> TEMPSENS_4: [1m[33m89.538 +/- 3.582[1m[34m C[0m
|03:29:31|I|[36m---------------------------[0m
|03:29:31|I|[32m****** Reading  data ******[0m
|03:29:31|I|[32mn. 32 bit words :      8952[0m
|03:29:31|I|[1m[35m>>>> Progress :  90.6% <<<<[0m
|03:29:31|I|[36m---------------------------[0m
|03:29:31|I|[36m---------------------------[0m
|03:29:31|I|[32m****** Reading  data ******[0m
|03:29:31|I|[32mn. 32 bit words :      8968[0m
|03:29:31|I|[1m[35m>>>> Progress :  91.1% <<<<[0m
|03:29:31|I|[36m---------------------------[0m
|03:29:31|I|[36m---------------------------[0m
|03:29:31|I|[32m****** Reading  data ******[0m
|03:29:31|I|[32mn. 32 bit words :      9016[0m
|03:29:31|I|[1m[35m>>>> Progress :  91.7% <<<<[0m
|03:29:31|I|[36m---------------------------[0m
|03:29:31|I|[36m---------------------------[0m
|03:29:31|I|[32m****** Reading  data ******[0m
|03:29:31|I|[32mn. 32 bit words :      8864[0m
|03:29:31|I|[1m[35m>>>> Progress :  92.2% <<<<[0m
|03:29:31|I|[36m---------------------------[0m
|03:29:31|I|[36m---------------------------[0m
|03:29:31|I|[32m****** Reading  data ******[0m
|03:29:31|I|[32mn. 32 bit words :      8904[0m
|03:29:31|I|[1m[35m>>>> Progress :  92.7% <<<<[0m
|03:29:31|I|[36m---------------------------[0m
|03:29:31|I|[36m---------------------------[0m
|03:29:31|I|[32m****** Reading  data ******[0m
|03:29:31|I|[32mn. 32 bit words :      8584[0m
|03:29:31|I|[1m[35m>>>> Progress :  93.2% <<<<[0m
|03:29:31|I|[36m---------------------------[0m
|03:29:31|I|[36m---------------------------[0m
|03:29:31|I|[32m****** Reading  data ******[0m
|03:29:31|I|[32mn. 32 bit words :      8840[0m
|03:29:31|I|[1m[35m>>>> Progress :  93.8% <<<<[0m
|03:29:31|I|[36m---------------------------[0m
|03:29:31|I|[36m---------------------------[0m
|03:29:31|I|[32m****** Reading  data ******[0m
|03:29:31|I|[32mn. 32 bit words :      8944[0m
|03:29:31|I|[1m[35m>>>> Progress :  94.3% <<<<[0m
|03:29:31|I|[36m---------------------------[0m
|03:29:31|I|[36m---------------------------[0m
|03:29:31|I|[32m****** Reading  data ******[0m
|03:29:31|I|[32mn. 32 bit words :      9112[0m
|03:29:31|I|[1m[35m>>>> Progress :  94.8% <<<<[0m
|03:29:31|I|[36m---------------------------[0m
|03:29:31|I|[36m---------------------------[0m
|03:29:31|I|[32m****** Reading  data ******[0m
|03:29:31|I|[32mn. 32 bit words :      9032[0m
|03:29:31|I|[1m[35m>>>> Progress :  95.3% <<<<[0m
|03:29:31|I|[36m---------------------------[0m
|03:29:31|I|[36m---------------------------[0m
|03:29:31|I|[32m****** Reading  data ******[0m
|03:29:31|I|[32mn. 32 bit words :      9000[0m
|03:29:31|I|[1m[35m>>>> Progress :  95.8% <<<<[0m
|03:29:31|I|[36m---------------------------[0m
|03:29:31|I|[36m---------------------------[0m
|03:29:31|I|[32m****** Reading  data ******[0m
|03:29:31|I|[32mn. 32 bit words :      8752[0m
|03:29:31|I|[1m[35m>>>> Progress :  96.4% <<<<[0m
|03:29:31|I|[36m---------------------------[0m
|03:29:31|I|[36m---------------------------[0m
|03:29:31|I|[32m****** Reading  data ******[0m
|03:29:31|I|[32mn. 32 bit words :      9104[0m
|03:29:31|I|[1m[35m>>>> Progress :  96.9% <<<<[0m
|03:29:31|I|[36m---------------------------[0m
|03:29:31|I|[36m---------------------------[0m
|03:29:31|I|[32m****** Reading  data ******[0m
|03:29:31|I|[32mn. 32 bit words :      8976[0m
|03:29:31|I|[1m[35m>>>> Progress :  97.4% <<<<[0m
|03:29:31|I|[36m---------------------------[0m
|03:29:31|I|[36m---------------------------[0m
|03:29:31|I|[32m****** Reading  data ******[0m
|03:29:31|I|[32mn. 32 bit words :      8960[0m
|03:29:31|I|[1m[35m>>>> Progress :  97.9% <<<<[0m
|03:29:31|I|[36m---------------------------[0m
|03:29:31|I|[36m---------------------------[0m
|03:29:31|I|[32m****** Reading  data ******[0m
|03:29:31|I|[32mn. 32 bit words :      8944[0m
|03:29:31|I|[1m[35m>>>> Progress :  98.4% <<<<[0m
|03:29:31|I|[36m---------------------------[0m
|03:29:31|I|[36m---------------------------[0m
|03:29:31|I|[32m****** Reading  data ******[0m
|03:29:31|I|[32mn. 32 bit words :      8600[0m
|03:29:31|I|[1m[35m>>>> Progress :  99.0% <<<<[0m
|03:29:31|I|[36m---------------------------[0m
|03:29:31|I|[36m---------------------------[0m
|03:29:31|I|[32m****** Reading  data ******[0m
|03:29:31|I|[32mn. 32 bit words :      9088[0m
|03:29:31|I|[1m[35m>>>> Progress :  99.5% <<<<[0m
|03:29:31|I|[36m---------------------------[0m
|03:29:31|I|[36m---------------------------[0m
|03:29:31|I|[32m****** Reading  data ******[0m
|03:29:31|I|[32mn. 32 bit words :      8968[0m
|03:29:31|I|[1m[35m>>>> Progress : 100.0% <<<<[0m
|03:29:31|I|[36m---------------------------[0m
|03:29:31|I|[32mReadout chip error report for [board/opticalGroup/hybrid/chip = [1m[33m0/0/0/0[0m[32m][0m
|03:29:31|I|[1m[34mLOCKLOSS_CNT        = [1m[33m0        [0m
|03:29:31|I|[1m[34mBITFLIP_WNG_CNT     = [1m[33m0        [0m
|03:29:31|I|[1m[34mBITFLIP_ERR_CNT     = [1m[33m0        [0m
|03:29:31|I|[1m[34mCMDERR_CNT          = [1m[33m20315        [0m
|03:29:31|I|[1m[34mSKIPPED_TRIGGER_CNT = [1m[33m0        [0m
|03:29:31|I|[1m[34mHITOR_0_CNT         = [1m[33m11403        [0m
|03:29:31|I|[1m[34mHITOR_1_CNT         = [1m[33m11410        [0m
|03:29:31|I|[1m[34mHITOR_2_CNT         = [1m[33m11429        [0m
|03:29:31|I|[1m[34mHITOR_3_CNT         = [1m[33m11473        [0m
|03:29:31|I|[1m[34mBCID_CNT            = [1m[33m52428        [0m
|03:29:31|I|[1m[34mTRIG_CNT            = [1m[33m1000        [0m
|03:29:31|I|[32mAverage occupancy for [board/opticalGroup/hybrid/chip = [1m[33m0/0/0/0[0m[32m] is [1m[33m0.049921[0m
|03:29:31|I|[1m[34m	--> Number of potentially [1m[33mmasked[1m[34m pixels in this iteration: [1m[33m440[0m
|03:29:31|I|[1m[34m	--> Total number of potentially masked pixels: [1m[33m10726[0m
|03:29:31|I|[1m[34m	--> PixelAlive saved the configuration file for [board/opticalGroup/hybrid/chip = [1m[33m0/0/0/0[0m[1m[34m][0m
|03:29:32|I|[1m[34m	--> PixelAlive saving histograms...[0m
|03:29:32|I|[32mClosing result file[0m
|03:29:32|I|[1m[31m>>> Destroying interfaces <<<[0m
|03:29:32|I|[1m[31m	--> Destroying monitoring[0m
|03:29:32|I|[1m[31m>>> Interfaces  destroyed <<<[0m
|03:29:32|I|[1m[35m@@@ End of CMSIT miniDAQ @@@[0m
