|10:50:14|I|[1m[33mParseHW [FileParser] 0xf0e100	cmsinnertracker.crate0.slot0[0m
|10:50:14|I|[1m[33mTrying to connect to the Power Supply Server...[0m
|10:50:14|I|[1m[33mCannot connect to the Power Supply Server, power supplies will need to be controlled manually[0m
|10:50:14|I|[1m[35mResetting the backend board... it may take a while[0m
|10:50:14|I|[33mWaiting for DDR3 calibration...[0m
|10:50:15|I|[1m[34m	--> DDR3 calibration done[0m
|10:50:15|I|[1m[35mNow you can start using the DAQ ... enjoy![0m
|01:17:36|I|[1m[33mParseHW [FileParser] 0x1407100	cmsinnertracker.crate0.slot0[0m
|01:17:36|I|[1m[33mTrying to connect to the Power Supply Server...[0m
|01:17:36|I|[1m[33mCannot connect to the Power Supply Server, power supplies will need to be controlled manually[0m
|01:17:36|I|[1m[35mResetting the backend board... it may take a while[0m
|01:17:36|I|[33mWaiting for DDR3 calibration...[0m
|01:17:36|I|[1m[34m	--> DDR3 calibration done[0m
|01:17:37|I|[1m[35mNow you can start using the DAQ ... enjoy![0m
|00:39:19|I|[1m[35mResetting the backend board... it may take a while[0m
|00:39:19|I|[33mWaiting for DDR3 calibration...[0m
|00:39:20|I|[1m[34m	--> DDR3 calibration done[0m
|00:39:20|I|[1m[35mNow you can start using the DAQ ... enjoy![0m
|01:55:06|I|[1m[35mResetting the backend board... it may take a while[0m
|01:55:06|I|[33mWaiting for DDR3 calibration...[0m
|01:55:07|I|[1m[34m	--> DDR3 calibration done[0m
|01:55:07|I|[1m[35mNow you can start using the DAQ ... enjoy![0m
|01:55:12|I|[1m[35mResetting the backend board... it may take a while[0m
|01:55:12|I|[33mWaiting for DDR3 calibration...[0m
|01:55:13|I|[1m[34m	--> DDR3 calibration done[0m
|01:55:13|I|[1m[35mNow you can start using the DAQ ... enjoy![0m
|01:55:56|I|[1m[35mResetting the backend board... it may take a while[0m
|01:55:56|I|[33mWaiting for DDR3 calibration...[0m
|01:55:57|I|[1m[34m	--> DDR3 calibration done[0m
|01:55:57|I|[1m[35mNow you can start using the DAQ ... enjoy![0m
|02:01:50|I|[1m[35mResetting the backend board... it may take a while[0m
|02:01:51|I|[33mWaiting for DDR3 calibration...[0m
|02:01:51|I|[1m[34m	--> DDR3 calibration done[0m
|02:01:51|I|[1m[35mNow you can start using the DAQ ... enjoy![0m
|02:32:37|I|[1m[35mResetting the backend board... it may take a while[0m
|02:32:37|I|[33mWaiting for DDR3 calibration...[0m
|02:32:37|I|[1m[34m	--> DDR3 calibration done[0m
|02:32:38|I|[1m[35mNow you can start using the DAQ ... enjoy![0m
|02:51:58|I|[1m[35mResetting the backend board... it may take a while[0m
|02:51:58|I|[33mWaiting for DDR3 calibration...[0m
|02:51:59|I|[1m[34m	--> DDR3 calibration done[0m
|02:51:59|I|[1m[35mNow you can start using the DAQ ... enjoy![0m
|02:52:26|I|[1m[35mResetting the backend board... it may take a while[0m
|02:52:27|I|[33mWaiting for DDR3 calibration...[0m
|02:52:27|I|[1m[34m	--> DDR3 calibration done[0m
|02:52:27|I|[1m[35mNow you can start using the DAQ ... enjoy![0m
|02:52:46|I|[1m[35mResetting the backend board... it may take a while[0m
|02:52:46|I|[33mWaiting for DDR3 calibration...[0m
|02:52:46|I|[1m[34m	--> DDR3 calibration done[0m
|02:52:47|I|[1m[35mNow you can start using the DAQ ... enjoy![0m
|02:54:49|I|[1m[35mResetting the backend board... it may take a while[0m
|02:54:49|I|[33mWaiting for DDR3 calibration...[0m
|02:54:50|I|[1m[34m	--> DDR3 calibration done[0m
|02:54:50|I|[1m[35mNow you can start using the DAQ ... enjoy![0m
|02:55:57|I|[1m[35mResetting the backend board... it may take a while[0m
|02:55:57|I|[33mWaiting for DDR3 calibration...[0m
|02:55:58|I|[1m[34m	--> DDR3 calibration done[0m
|02:55:58|I|[1m[35mNow you can start using the DAQ ... enjoy![0m
|02:56:25|I|[1m[35mResetting the backend board... it may take a while[0m
|02:56:25|I|[33mWaiting for DDR3 calibration...[0m
|02:56:25|I|[1m[34m	--> DDR3 calibration done[0m
|02:56:26|I|[1m[35mNow you can start using the DAQ ... enjoy![0m
|02:56:28|I|[1m[35mResetting the backend board... it may take a while[0m
|02:56:28|I|[33mWaiting for DDR3 calibration...[0m
|02:56:29|I|[1m[34m	--> DDR3 calibration done[0m
|02:56:29|I|[1m[35mNow you can start using the DAQ ... enjoy![0m
