|02:22:46|I|[1m[33mParseHW [FileParser] 0x1109100	cmsinnertracker.crate0.slot0[0m
|02:22:46|I|[1m[33mTrying to connect to the Power Supply Server...[0m
|02:22:46|I|[1m[33mCannot connect to the Power Supply Server, power supplies will need to be controlled manually[0m
|02:22:46|I|[1m[35mResetting the backend board... it may take a while[0m
|02:22:46|I|[33mWaiting for DDR3 calibration...[0m
|02:22:47|I|[1m[34m	--> DDR3 calibration done[0m
|02:22:47|I|[1m[35mNow you can start using the DAQ ... enjoy![0m
|02:25:16|I|[1m[33mParseHW [FileParser] 0xe29100	cmsinnertracker.crate0.slot0[0m
|02:25:16|I|[1m[33mTrying to connect to the Power Supply Server...[0m
|02:25:16|I|[1m[33mCannot connect to the Power Supply Server, power supplies will need to be controlled manually[0m
|02:25:17|I|[1m[35mResetting the backend board... it may take a while[0m
|02:25:17|I|[33mWaiting for DDR3 calibration...[0m
|02:25:18|I|[1m[34m	--> DDR3 calibration done[0m
|02:25:18|I|[1m[35mNow you can start using the DAQ ... enjoy![0m
|02:26:32|I|[1m[33mParseHW [FileParser] 0x2a3c100	cmsinnertracker.crate0.slot0[0m
|02:26:32|I|[1m[33mTrying to connect to the Power Supply Server...[0m
|02:26:32|I|[1m[33mCannot connect to the Power Supply Server, power supplies will need to be controlled manually[0m
|02:26:32|I|[1m[35mResetting the backend board... it may take a while[0m
|02:26:32|I|[33mWaiting for DDR3 calibration...[0m
|02:26:33|I|[1m[34m	--> DDR3 calibration done[0m
|02:26:33|I|[1m[35mNow you can start using the DAQ ... enjoy![0m
