|02:42:51|I|[1m[33mParseHW [FileParser] 0x20be100	cmsinnertracker.crate0.slot0[0m
|02:42:51|I|[1m[33mTrying to connect to the Power Supply Server...[0m
|02:42:51|I|[1m[33mCannot connect to the Power Supply Server, power supplies will need to be controlled manually[0m
|02:42:51|I|[1m[35mResetting the backend board... it may take a while[0m
|02:42:51|I|[33mWaiting for DDR3 calibration...[0m
|02:42:52|I|[1m[34m	--> DDR3 calibration done[0m
|02:42:52|I|[1m[35mNow you can start using the DAQ ... enjoy![0m
|02:46:58|I|[1m[33mParseHW [FileParser] 0x1474100	cmsinnertracker.crate0.slot0[0m
|02:46:58|I|[1m[33mTrying to connect to the Power Supply Server...[0m
|02:46:58|I|[1m[33mCannot connect to the Power Supply Server, power supplies will need to be controlled manually[0m
|02:46:58|I|[1m[35mResetting the backend board... it may take a while[0m
|02:46:59|I|[33mWaiting for DDR3 calibration...[0m
|02:46:59|I|[1m[34m	--> DDR3 calibration done[0m
|02:46:59|I|[1m[35mNow you can start using the DAQ ... enjoy![0m
|02:47:39|I|[1m[33mParseHW [FileParser] 0x20f6100	cmsinnertracker.crate0.slot0[0m
|02:47:39|I|[1m[33mTrying to connect to the Power Supply Server...[0m
|02:47:39|I|[1m[33mCannot connect to the Power Supply Server, power supplies will need to be controlled manually[0m
|02:47:39|I|[1m[35mResetting the backend board... it may take a while[0m
|02:47:39|I|[33mWaiting for DDR3 calibration...[0m
|02:47:40|I|[1m[34m	--> DDR3 calibration done[0m
|02:47:40|I|[1m[35mNow you can start using the DAQ ... enjoy![0m
